2
4
8
8
16
16
16
16
16
16
32
32
64
64
64
64
64
64
80
80
96
96
96
96
96
96
112
112
32
32
48
48
48
48
48
48
64
64
64
64
64
64
80
80
128
128
128
128
128
128
112
112
160
160
160
160
160
160
128
128
128
128
192
192
192
192
256
256
288
288
256
256
256
256
192
192
128
128
64
64
64
64
96
96
128
128
128
128
128
128
128
128
128
128
96
96
96
96
64
64
32
32
32
32
32
32
32
32
64
64
32
32
32
32
48
48
64
64
64
64
64
64
80
80
96
96
112
112
112
112
96
96
128
128
160
160
160
160
176
176
288
288
272
272
272
272
256
256
256
256
256
256
256
256
336
336
352
352
400
400
400
400
448
448
480
480
512
512
512
512
512
512
576
576
608
608
608
608
592
592
704
704
704
704
704
704
704
704
672
672
720
720
720
720
784
784
864
864
768
768
768
768
752
752
736
736
688
688
1376
