2826988412
2826954513
2826954513
2826954513
2826954513
2826954509
2826954509
2826918507
2826918507
3084093762
3234446286
3234446286
3234446286
3337195290
3516998890
3516998890
3516998893
3516998893
3516998893
3516998893
3516998893
3548162094
3573414894
3573414898
3573398856
3578200325
3578200325
3578200325
3591229731
3669919572
3669919572
3669919572
3669919572
3672863248
3672863248
3672847206
3735229036
3735229036
3735229036
3739549750
3739549750
3739549750
3744045477
3744045478
3744045478
3747081362
3747081362
3747081362
3810459676
3815034754
3815541013
3815541013
3815541013
3815541013
3822131701
3822131701
3822131701
3822131701
3838335758
3838338581
3838338581
3838338581
3838335060
3838335058
3838335058
3838335058
3840276825
3840276824
3840276824
3843808349
3843808348
3843808348
3843808348
3844526644
3844526644
3845476541
3845476541
3845473721
3845473721
3845476542
3845476542
3845476541
3845475497
3845479021
3845479021
3845479021
3845479021
3845481969
3845481969
3845481969
3845481969
3845574788
3845574789
3845568319
3851701425
3851701425
3863350860
3907016531
3907083968
3907083968
3917729204
