30772
30771
30771
30771
30509
30509
30509
32142
32142
32142
32142
32692
33398
33398
33398
33399
34028
35252
35377
35377
35385
35385
35385
35393
38337
38337
38337
38301
38206
38206
38206
38421
38326
38326
38326
35320
37650
37819
37819
37923
38031
37928
37993
37999
37999
38035
38014
38014
38014
38014
38016
38016
40804
40804
40770
40770
40770
40771
40771
40771
40771
40865
40888
40915
40915
41649
41647
42221
42467
42459
42464
41890
41890
41890
41889
41924
42056
42055
42063
42063
42063
42063
42568
42439
42430
42430
42425
42425
42541
42541
42478
42478
42481
42458
42458
42488
42498
42498
42498
42498
42497
