3495372969
3495372969
3805521707
3805521707
3805521707
3805521708
3805521708
3805521708
3919198195
4241791333
4357187664
4408801964
4408801964
4408801964
4408801964
4408801964
4408801963
4408801963
4408801963
4533269759
4533269758
4550446441
4550434115
4592378163
4592390415
4592390415
4592390418
4592390418
4607631857
4607630492
4607630492
4607616019
4607616008
4654709370
4654709370
4657076582
4658465410
4688033311
4688045806
4688045806
4721442683
4721442684
4721442684
4721447620
4721447617
4721447617
4721436771
4721436771
4721436771
4721425924
4727921948
4729477201
4729477201
4729477201
4729477201
4734178721
4734178721
4735257162
4735257162
4735257162
4764652064
4764652064
4764652064
4765052001
4765052001
4765052001
4772250503
4772250503
4772250503
4777990390
4777990390
4777990390
4777990390
4777990392
4777990091
4778415460
4778410227
4778410227
4778417959
4778417959
4791119279
4791136693
4791136693
4791136693
4791136693
4791136693
4791136693
4791136693
4791136693
4791136692
4791136692
4791503756
4791503756
4791503756
4791503756
4791503755
4793115294
4793523691
4793509488
4793499382
4793499382
