344988
344981
344981
344985
343747
344117
344117
344117
344116
344116
344116
344115
344115
344115
344115
344115
377176
377176
379335
380736
389671
389671
389328
389328
389327
413169
413169
413169
413169
413169
413168
412918
412918
412918
417326
417326
417323
417072
417071
416778
416778
417309
417309
417596
432947
432947
446329
446329
446566
449635
449635
449635
449769
449769
449954
450009
450009
450236
450235
463520
463520
465074
465074
470113
470113
470114
470114
473309
473330
473330
473330
473336
473336
473337
473330
473330
473766
473766
473766
473766
473945
473945
473714
473713
473713
473716
473719
473799
473799
473974
473974
474707
474707
475690
476199
476199
476199
476199
476199
476166
476167
