3499456052
3499456052
3499456049
3499418597
3714233476
3916138115
3916138115
3916145172
3916145172
3916145172
3916145172
3916145172
3916179218
3916179218
3916179218
4006340197
4006340197
4006340199
4006340199
4006306150
4006306149
4175507152
4175507152
4175507152
4175489921
4232548819
4232548819
4232548819
4273222298
4273222298
4273222299
4273222299
4537069651
4545705638
4545693711
4545681783
4545681783
4545681783
4545681783
4545681783
4545674715
4545674715
4545674715
4545674709
4545674712
4545674712
4545674712
4546171623
4546157626
4546157626
4547305203
4547295388
4547317505
4571172595
4571172595
4571172595
4571172595
4571166006
4571166006
4571198587
4571186658
4591001033
4591001033
4591001017
4608698916
4608698916
4608698916
4608698878
4620757455
4620757455
4621955879
4621955881
4621955881
4621955881
4621955881
4621955881
4621955881
4621955881
4740514514
4740770640
4740770640
4751186735
4751186735
4751186735
4751186735
4751186735
4757176696
4757179742
4757183679
4765305217
4767211477
4767211477
4767211477
4769033686
4769020690
4769397799
4769397798
4769441961
4769441961
4769441961
4783769978
