15212506
15212506
15212505
15212505
15957325
17556634
17556634
17556634
17558754
17558754
17558754
17558754
17558752
17558752
18407262
18477887
18477887
18474456
18472743
18472743
18472739
18472735
18472733
18472735
18577665
18577659
18577659
18591589
18909072
18911968
18911968
18911966
18911966
18911966
18920069
18920067
18920067
19041796
19041796
19041796
19040152
19040152
19491894
19525250
19936320
20297819
20298781
20298475
20325241
20325240
20325240
20325240
20324278
20324278
20415852
20427821
20427821
20427821
20427821
20437606
20437607
20437607
20437608
20437603
20437603
20440169
20440542
20453116
20455445
20455445
20455445
20455445
20576838
20576942
20807664
20807664
20821182
20846934
20846921
20846919
20846919
20846920
20849790
20849790
20849790
20849719
20849719
20849721
20849721
20849721
20849721
20849721
20849721
20852303
20852306
20940921
20942750
20942750
20942750
20942743
20942743
