17135924
17135925
17135925
19087022
19087022
19087024
19505863
20287556
20286426
20286419
20294176
20294177
20290297
20290297
20291591
21272517
21272517
21270815
21270815
21277581
21277581
21887864
21887864
22140036
22140036
22166689
22166689
22166689
22166690
22166690
22174743
22174743
22174743
22173829
22173825
22173825
22173825
22173825
22173825
22173825
22173826
22173824
22172692
22172688
22172688
22401409
22401409
22401409
22401409
22455273
22455833
22455834
22576832
22576832
22583964
22591867
22591867
22671290
22671851
22671853
22764300
22765259
23034055
23140016
23140016
23140016
23140016
23140016
23147323
23147323
23147323
23179163
23179163
23179161
23179161
23179161
23184487
23249293
23249293
23249293
23249293
23249293
23249293
23249293
23248868
23248868
23248586
23248586
23248586
23248586
23248586
23273611
23273608
23273817
23434418
23434418
23434418
23434418
23434418
23547513
23547513
