16623764
16623765
18297789
18297789
18297789
18297792
18644989
20516004
20675856
20675856
21155398
21155403
21155403
21155403
21155403
21229913
21229915
21229914
21229914
21229914
21229914
21264857
21264857
21266029
21266029
21266030
21264856
21264856
21264856
21264854
21264854
21264854
21264850
21324943
21324943
21324945
21326118
21326118
21326118
21332450
21332459
21331284
21331278
21331279
21333477
21333481
21372170
21485722
21531811
21531811
21531808
21531808
21564800
21564800
21564800
21902622
22244670
22244670
22244173
22244173
22244173
22244173
22244173
22244173
22243674
22243676
22243676
22243676
22243676
22243676
22243676
22243676
22243676
22243676
22243621
22246590
22246590
22246590
22246590
22246590
22281353
22280220
22324964
22324964
22324964
22324964
22324964
22329720
22329221
22328964
22328964
22582636
22582636
22582636
22582636
22582364
22582364
22582364
22594042
22742288
22856797
