12516744
12516744
12856699
14019193
14019193
14019193
14019194
14019194
14117610
14117610
14117609
14117609
14117610
14117598
14116771
14116771
14116775
14116775
14116775
14116775
14550534
14550534
14550534
14550534
14550534
14567414
14672150
14672150
14744126
14744127
14778610
14778610
14778610
14778610
14776315
14776315
14776315
14939934
16241364
16240857
16240857
16240857
16240857
16242137
16242138
16242138
16242138
16242137
16241632
16497641
16497639
16497639
16497639
16497639
16497639
16497639
16545522
16545522
16545522
16655276
16655276
16655276
16655276
16654956
16655235
16655405
16655403
16655423
16655423
16656306
16659146
16659146
16659146
16659643
16683661
16685909
16685909
16955577
16989478
16989478
16989478
17163476
17174604
17258203
17269859
17269859
17269860
17269860
17327581
17327581
17349339
17349339
17355232
17355553
17376576
17376576
17392502
17392502
17392502
17442775
17447886
