341013
340631
353860
353860
382183
382183
382183
381919
381645
381645
381645
381643
381640
396911
396911
421966
421967
421967
421967
421967
421967
421967
421967
421965
421965
421965
421965
421965
421965
424375
425799
442798
442798
442798
444669
444669
444668
447135
446920
447479
447479
447479
447481
447481
447481
447481
447481
447481
447481
447805
447591
447489
447489
447554
447554
447569
447784
447568
447568
447239
447236
453277
453325
454802
454802
454802
454802
459626
459625
459625
459625
459770
459770
459657
459657
459657
459659
459885
459885
459885
459885
459885
463646
463646
470682
470682
470682
470682
470758
473893
473849
473854
473855
473855
473974
473975
473975
473942
473942
473942
473894
