1 100
1 99
1 98
2 100
2 99
2 98
1 97
2 97
3 100
3 99
3 98
3 97
4 100
4 99
4 98
4 97
5 100
6 100
5 99
6 99
5 98
6 98
5 97
6 97
7 100
8 100
7 99
8 99
7 98
8 98
9 100
9 99
9 98
7 97
8 97
9 97
10 100
10 99
10 98
11 100
11 99
11 98
10 97
11 97
12 100
13 100
12 99
13 99
12 98
13 98
12 97
13 97
14 100
14 99
14 98
14 97
15 100
16 100
15 99
16 99
15 98
16 98
15 97
16 97
17 100
17 99
17 98
17 97
18 100
18 99
18 98
18 97
19 100
19 99
19 98
19 97
20 100
21 100
20 99
21 99
20 98
21 98
20 97
21 97
22 100
22 99
22 98
22 97
23 100
23 99
24 100
25 100
24 99
25 99
23 98
24 98
25 98
23 97
24 97
25 97
1 96
2 96
3 96
1 95
1 94
2 95
2 94
1 93
2 93
3 95
4 96
3 94
3 93
5 96
6 96
7 96
8 96
9 96
10 96
11 96
12 96
13 96
14 96
15 96
16 96
17 96
1 92
2 92
1 91
1 90
2 91
2 90
1 89
1 88
2 89
2 88
1 87
2 87
4 95
4 94
3 92
4 93
3 91
3 90
3 89
3 88
3 87
5 95
5 94
6 95
6 94
5 93
6 93
7 95
7 94
8 95
8 94
9 95
9 94
7 93
8 93
9 93
10 95
10 94
11 95
11 94
10 93
11 93
12 95
12 94
13 95
13 94
12 93
13 93
14 95
14 94
14 93
15 95
15 94
16 95
16 94
17 95
18 96
17 94
15 93
16 93
17 93
1 86
2 86
4 92
4 91
4 90
4 89
4 88
3 86
4 87
5 92
6 92
5 91
6 91
7 92
8 92
5 90
6 90
9 92
5 89
6 89
5 88
6 88
10 92
11 92
7 91
8 91
7 90
8 90
9 91
9 90
7 89
8 89
5 87
6 87
7 88
8 88
9 89
9 88
10 91
10 90
11 91
11 90
10 89
10 88
11 89
11 88
7 87
8 87
9 87
10 87
11 87
12 92
13 92
14 92
12 91
13 91
12 90
13 90
12 89
13 89
12 88
13 88
14 91
14 90
14 89
14 88
12 87
13 87
14 87
18 95
19 96
18 94
15 92
16 92
17 92
18 93
15 91
16 91
15 90
16 90
15 89
16 89
15 88
16 88
17 91
17 90
17 89
17 88
15 87
16 87
17 87
20 96
21 96
22 96
26 100
26 99
26 98
23 96
24 96
25 96
26 97
27 100
27 99
27 98
27 97
28 100
28 99
28 98
28 97
1 85
2 85
1 84
2 84
3 85
4 86
3 84
5 86
6 86
7 86
8 86
9 86
10 86
11 86
12 86
13 86
14 86
19 95
19 94
18 92
19 93
18 91
18 90
18 89
18 88
15 86
16 86
17 86
18 87
20 95
20 94
21 95
21 94
20 93
21 93
22 95
22 94
22 93
23 95
23 94
24 95
24 94
25 95
25 94
23 93
24 93
25 93
29 100
29 99
29 98
29 97
30 100
30 99
30 98
30 97
31 100
31 99
31 98
31 97
32 100
32 99
32 98
32 97
33 100
33 99
33 98
33 97
34 100
35 100
34 99
35 99
34 98
35 98
34 97
35 97
36 100
36 99
36 98
36 97
37 100
37 99
37 98
37 97
38 100
38 99
39 100
39 99
38 98
39 98
38 97
39 97
40 100
40 99
40 98
40 97
41 100
41 99
41 98
41 97
42 100
42 99
42 98
42 97
43 100
44 100
45 100
46 100
47 100
43 99
44 99
45 99
46 99
47 99
43 98
44 98
45 98
46 98
47 98
43 97
44 97
45 97
46 97
47 97
4 85
4 84
5 85
6 85
7 85
8 85
9 85
10 85
11 85
5 84
6 84
7 84
8 84
9 84
10 84
11 84
12 85
13 85
14 85
19 92
19 91
19 90
19 89
19 88
15 85
16 85
17 85
18 86
19 87
12 84
13 84
14 84
20 92
21 92
20 91
21 91
20 90
21 90
20 89
21 89
20 88
21 88
15 84
16 84
17 84
20 87
21 87
22 92
22 91
22 90
22 89
22 88
22 87
23 92
24 92
25 92
23 91
23 90
24 91
25 91
24 90
25 90
23 89
24 89
25 89
23 88
24 88
25 88
23 87
24 87
25 87
18 85
19 86
18 84
20 86
21 86
22 86
23 86
24 86
25 86
19 85
19 84
20 85
21 85
20 84
21 84
22 85
22 84
23 85
24 85
25 85
23 84
24 84
25 84
26 96
27 96
28 96
1 83
2 83
3 83
26 95
26 94
26 93
27 95
27 94
27 93
28 95
29 96
28 94
28 93
30 96
31 96
32 96
33 96
34 96
35 96
36 96
37 96
38 96
39 96
40 96
41 96
42 96
48 100
48 99
48 98
43 96
44 96
45 96
46 96
47 96
48 97
49 100
49 99
49 98
49 97
50 100
50 99
50 98
50 97
51 100
51 99
51 98
51 97
1 82
2 82
1 81
1 80
2 81
3 82
4 83
2 80
1 79
1 78
2 79
2 78
1 77
2 77
1 76
2 76
1 75
1 74
2 75
2 74
3 81
5 83
6 83
3 80
7 83
8 83
9 83
10 83
11 83
3 79
3 78
3 77
12 83
13 83
14 83
15 83
16 83
17 83
3 76
1 73
3 75
2 73
3 74
1 72
1 71
2 72
2 71
1 70
2 70
1 69
2 69
26 92
26 91
27 92
26 90
26 89
26 88
27 91
27 90
27 89
26 87
27 88
27 87
29 95
29 94
28 92
29 93
28 91
28 90
28 89
28 88
28 87
3 73
3 72
3 71
3 70
3 69
30 95
30 94
31 95
31 94
30 93
31 93
32 95
32 94
32 93
33 95
33 94
33 93
34 95
34 94
35 95
35 94
34 93
35 93
36 95
36 94
36 93
37 95
37 94
37 93
38 95
38 94
39 95
39 94
40 95
40 94
41 95
41 94
38 93
39 93
40 93
41 93
42 95
42 94
42 93
43 95
43 94
44 95
44 94
45 95
45 94
46 95
46 94
47 95
47 94
43 93
44 93
45 93
46 93
47 93
52 100
53 100
52 99
53 99
52 98
53 98
52 97
53 97
4 82
4 81
5 82
6 82
4 80
7 82
8 82
9 82
10 82
11 82
4 79
4 78
4 77
12 82
13 82
14 82
15 82
16 82
17 82
18 83
4 76
4 75
4 74
26 86
27 86
29 92
29 91
29 90
29 89
29 88
28 86
29 87
5 81
6 81
5 80
6 80
7 81
8 81
7 80
8 80
9 81
9 80
10 81
10 80
11 81
11 80
5 79
6 79
5 78
6 78
5 77
6 77
7 79
8 79
7 78
8 78
9 79
9 78
7 77
8 77
9 77
10 79
10 78
11 79
11 78
10 77
11 77
12 81
13 81
12 80
13 80
14 81
14 80
12 79
13 79
12 78
13 78
12 77
13 77
15 81
16 81
14 79
15 80
16 80
14 78
17 81
17 80
14 77
15 79
16 79
15 78
16 78
17 79
17 78
15 77
16 77
17 77
5 76
6 76
5 75
6 75
7 76
8 76
4 73
5 74
6 74
9 76
4 72
4 71
10 76
11 76
7 75
8 75
7 74
8 74
9 75
9 74
10 75
10 74
11 75
11 74
12 76
13 76
14 76
12 75
13 75
12 74
13 74
14 75
14 74
15 76
16 76
17 76
15 75
16 75
15 74
16 74
17 75
17 74
4 70
4 69
30 92
31 92
30 91
30 90
30 89
30 88
31 91
32 92
31 90
31 89
31 88
30 87
32 91
32 90
32 89
31 87
32 88
32 87
33 92
33 91
34 92
35 92
33 90
33 89
33 88
34 91
35 91
34 90
35 90
34 89
35 89
33 87
34 88
35 88
34 87
35 87
5 73
6 73
5 72
6 72
5 71
6 71
7 73
8 73
9 73
7 72
8 72
7 71
8 71
9 72
9 71
10 73
11 73
10 72
10 71
11 72
11 71
12 73
13 73
12 72
13 72
12 71
13 71
14 73
14 72
14 71
15 73
16 73
15 72
16 72
15 71
16 71
17 73
17 72
17 71
5 70
6 70
5 69
6 69
7 70
8 70
7 69
8 69
9 70
9 69
10 70
10 69
11 70
11 69
12 70
13 70
12 69
13 69
14 70
14 69
15 70
16 70
15 69
16 69
17 70
17 69
36 92
36 91
36 90
36 89
36 88
36 87
37 92
38 92
39 92
40 92
41 92
37 91
37 90
37 89
37 88
38 91
38 90
39 91
39 90
40 91
40 90
38 89
39 89
38 88
39 88
40 89
40 88
41 91
41 90
41 89
41 88
37 87
38 87
39 87
40 87
41 87
42 92
42 91
42 90
42 89
42 88
42 87
43 92
44 92
45 92
46 92
47 92
43 91
44 91
45 91
46 91
47 91
43 90
44 90
45 90
46 90
47 90
43 89
44 89
45 89
46 89
47 89
43 88
44 88
45 88
46 88
47 88
43 87
44 87
45 87
46 87
47 87
18 82
19 83
20 83
21 83
22 83
26 85
27 85
23 83
24 83
25 83
26 84
27 84
28 85
29 86
28 84
18 81
18 80
18 79
18 78
18 77
18 76
18 75
18 74
30 86
31 86
32 86
33 86
34 86
35 86
18 73
18 72
18 71
18 70
18 69
36 86
37 86
38 86
39 86
40 86
41 86
42 86
43 86
44 86
45 86
46 86
47 86
19 82
20 82
21 82
22 82
23 82
24 82
25 82
29 85
29 84
19 81
19 80
19 79
19 78
19 77
20 81
21 81
20 80
21 80
20 79
21 79
20 78
21 78
20 77
21 77
19 76
19 75
19 74
20 76
21 76
20 75
21 75
20 74
21 74
22 81
22 80
22 79
22 78
22 77
23 81
24 81
25 81
23 80
24 80
25 80
23 79
24 79
25 79
23 78
24 78
25 78
22 76
23 77
24 77
25 77
22 75
22 74
30 85
31 85
32 85
30 84
31 84
32 84
23 76
24 76
25 76
23 75
24 75
25 75
23 74
24 74
25 74
33 85
34 85
35 85
33 84
34 84
35 84
19 73
19 72
19 71
20 73
21 73
20 72
21 72
20 71
21 71
19 70
19 69
22 73
22 72
20 70
21 70
22 71
20 69
21 69
23 73
24 73
25 73
23 72
23 71
24 72
25 72
24 71
25 71
36 85
36 84
22 70
22 69
23 70
24 70
25 70
23 69
24 69
25 69
37 85
38 85
39 85
40 85
41 85
37 84
38 84
39 84
40 84
41 84
42 85
42 84
43 85
44 85
45 85
46 85
47 85
43 84
44 84
45 84
46 84
47 84
48 96
49 96
50 96
51 96
1 68
2 68
1 67
2 67
1 66
2 66
1 65
2 65
3 68
3 67
3 66
1 64
2 64
3 65
1 63
2 63
1 62
2 62
1 61
2 61
1 60
1 59
2 60
2 59
1 58
2 58
1 57
1 56
2 57
2 56
1 55
1 54
1 53
2 55
2 54
2 53
3 64
3 63
3 62
3 61
3 60
3 59
3 58
3 57
3 56
3 55
3 54
3 53
48 95
48 94
48 93
49 95
49 94
49 93
50 95
50 94
50 93
54 100
55 100
56 100
54 99
55 99
56 99
54 98
55 98
56 98
51 95
52 96
51 94
53 96
54 97
55 97
56 97
57 100
58 100
57 99
58 99
57 98
58 98
57 97
58 97
51 93
59 100
59 99
59 98
60 100
61 100
60 99
61 99
59 97
60 98
61 98
60 97
61 97
62 100
62 99
62 98
63 100
63 99
63 98
62 97
63 97
64 100
64 99
64 98
64 97
65 100
65 99
65 98
65 97
66 100
66 99
66 98
66 97
67 100
67 99
67 98
68 100
68 99
68 98
67 97
68 97
69 100
69 99
69 98
69 97
4 68
4 67
4 66
4 65
5 68
6 68
7 68
8 68
9 68
10 68
11 68
12 68
13 68
14 68
15 68
16 68
17 68
5 67
6 67
5 66
6 66
4 64
5 65
6 65
7 67
8 67
9 67
7 66
8 66
9 66
7 65
8 65
9 65
10 67
11 67
10 66
11 66
10 65
11 65
12 67
13 67
12 66
13 66
12 65
13 65
14 67
14 66
14 65
15 67
16 67
15 66
16 66
17 67
17 66
15 65
16 65
17 65
4 63
4 62
4 61
4 60
4 59
4 58
4 57
4 56
4 55
4 54
4 53
5 64
6 64
7 64
8 64
9 64
10 64
11 64
12 64
13 64
14 64
15 64
16 64
17 64
5 63
6 63
5 62
6 62
5 61
6 61
7 63
8 63
9 63
7 62
8 62
9 62
7 61
8 61
9 61
10 63
11 63
10 62
11 62
10 61
11 61
12 63
13 63
12 62
13 62
12 61
13 61
14 63
14 62
14 61
15 63
16 63
17 63
15 62
16 62
15 61
16 61
17 62
17 61
5 60
5 59
6 60
6 59
5 58
6 58
7 60
7 59
8 60
8 59
9 60
9 59
7 58
8 58
9 58
10 60
10 59
11 60
11 59
10 58
11 58
12 60
12 59
13 60
13 59
12 58
13 58
14 60
14 59
14 58
15 60
15 59
16 60
16 59
15 58
16 58
17 60
17 59
17 58
48 92
49 92
48 91
48 90
48 89
48 88
49 91
50 92
49 90
49 89
49 88
48 87
50 91
50 90
50 89
49 87
50 88
50 87
5 57
5 56
6 57
6 56
5 55
6 55
5 54
6 54
5 53
6 53
7 57
7 56
8 57
8 56
9 57
9 56
7 55
8 55
7 54
7 53
8 54
8 53
9 55
9 54
9 53
10 57
10 56
11 57
11 56
10 55
10 54
10 53
11 55
11 54
11 53
12 57
12 56
13 57
13 56
12 55
13 55
12 54
12 53
13 54
13 53
14 57
14 56
14 55
14 54
14 53
15 57
15 56
16 57
16 56
17 57
17 56
15 55
16 55
15 54
15 53
16 54
16 53
17 55
17 54
17 53
52 95
52 94
53 95
53 94
51 92
52 93
53 93
51 91
51 90
51 89
51 88
51 87
26 83
27 83
28 83
18 68
18 67
18 66
18 65
18 64
18 63
18 62
18 61
18 60
18 59
18 58
48 86
49 86
50 86
18 57
18 56
18 55
18 54
18 53
52 92
53 92
52 91
53 91
52 90
53 90
52 89
53 89
52 88
53 88
51 86
52 87
53 87
26 82
27 82
28 82
29 83
26 81
26 80
27 81
27 80
26 79
26 78
26 77
27 79
27 78
27 77
28 81
30 83
28 80
31 83
32 83
26 76
28 79
28 78
26 75
27 76
28 77
26 74
27 75
27 74
33 83
34 83
35 83
28 76
28 75
28 74
19 68
20 68
21 68
26 73
26 72
26 71
27 73
27 72
27 71
36 83
28 73
28 72
28 71
19 67
19 66
19 65
20 67
21 67
22 68
20 66
21 66
20 65
21 65
26 70
23 68
24 68
25 68
26 69
27 70
27 69
28 70
28 69
22 67
22 66
22 65
23 67
24 67
25 67
23 66
24 66
25 66
23 65
24 65
25 65
37 83
38 83
39 83
40 83
41 83
19 64
20 64
21 64
19 63
19 62
19 61
20 63
21 63
20 62
21 62
20 61
21 61
19 60
19 59
19 58
42 83
48 85
49 85
50 85
20 60
20 59
21 60
21 59
20 58
21 58
43 83
44 83
45 83
46 83
47 83
48 84
49 84
50 84
22 64
22 63
23 64
24 64
25 64
22 62
22 61
19 57
19 56
19 55
19 54
19 53
23 63
24 63
25 63
23 62
24 62
25 62
22 60
23 61
22 59
24 61
25 61
20 57
20 56
21 57
22 58
21 56
20 55
21 55
20 54
20 53
21 54
21 53
23 60
23 59
24 60
24 59
25 60
25 59
23 58
24 58
25 58
22 57
22 56
22 55
22 54
22 53
23 57
23 56
24 57
24 56
25 57
25 56
23 55
23 54
23 53
24 55
25 55
24 54
24 53
25 54
25 53
51 85
52 86
53 86
51 84
29 82
29 81
30 82
29 80
31 82
32 82
29 79
29 78
29 77
33 82
34 82
35 82
29 76
29 75
29 74
30 81
30 80
31 81
31 80
32 81
32 80
30 79
30 78
30 77
31 79
31 78
31 77
32 79
32 78
32 77
33 81
33 80
34 81
35 81
36 82
34 80
35 80
30 76
31 76
30 75
29 73
30 74
29 72
29 71
33 79
33 78
31 75
32 76
33 77
31 74
34 79
35 79
34 78
35 78
32 75
34 77
35 77
32 74
33 76
33 75
34 76
35 76
33 74
34 75
35 75
34 74
35 74
29 70
29 69
36 81
37 82
36 80
38 82
39 82
40 82
41 82
30 73
30 72
30 71
31 73
31 72
31 71
36 79
36 78
36 77
32 73
32 72
32 71
36 76
33 73
33 72
33 71
36 75
34 73
35 73
36 74
34 72
35 72
34 71
35 71
42 82
30 70
30 69
31 70
31 69
32 70
32 69
43 82
44 82
45 82
46 82
47 82
33 70
33 69
34 70
35 70
34 69
35 69
37 81
37 80
38 81
39 81
38 80
39 80
40 81
40 80
41 81
41 80
37 79
37 78
37 77
38 79
39 79
38 78
39 78
40 79
40 78
38 77
39 77
40 77
41 79
41 78
41 77
37 76
38 76
39 76
40 76
41 76
37 75
36 73
37 74
36 72
36 71
38 75
39 75
38 74
39 74
40 75
40 74
41 75
41 74
42 81
42 80
52 85
53 85
42 79
42 78
42 77
43 81
44 81
45 81
46 81
47 81
43 80
44 80
45 80
46 80
47 80
52 84
53 84
43 79
44 79
45 79
46 79
47 79
43 78
44 78
45 78
46 78
47 78
43 77
44 77
45 77
46 77
47 77
42 76
36 70
36 69
42 75
42 74
43 76
44 76
45 76
46 76
47 76
43 75
44 75
45 75
46 75
47 75
43 74
44 74
45 74
46 74
47 74
37 73
37 72
37 71
38 73
39 73
40 73
38 72
38 71
39 72
39 71
40 72
40 71
41 73
41 72
41 71
37 70
37 69
38 70
39 70
38 69
39 69
40 70
40 69
42 73
42 72
41 70
42 71
41 69
43 73
44 73
45 73
46 73
47 73
43 72
44 72
45 72
46 72
47 72
43 71
44 71
45 71
46 71
47 71
42 70
42 69
43 70
44 70
45 70
46 70
47 70
43 69
44 69
45 69
46 69
47 69
1 52
1 51
2 52
2 51
3 52
3 51
54 96
55 96
56 96
57 96
58 96
59 96
60 96
61 96
62 96
63 96
64 96
65 96
66 96
67 96
68 96
70 100
70 99
70 98
71 100
71 99
71 98
69 96
70 97
71 97
72 100
72 99
73 100
73 99
72 98
73 98
72 97
73 97
74 100
74 99
74 98
74 97
75 100
75 99
75 98
76 100
76 99
76 98
75 97
76 97
77 100
77 99
77 98
77 97
78 100
78 99
78 98
78 97
79 100
79 99
79 98
80 100
80 99
80 98
79 97
80 97
81 100
81 99
81 98
82 100
82 99
82 98
81 97
82 97
83 100
83 99
83 98
83 97
1 50
2 50
1 49
4 52
2 49
3 50
4 51
1 48
2 48
1 47
2 47
5 52
6 52
3 49
5 51
6 51
7 52
3 48
7 51
8 52
8 51
9 52
9 51
3 47
10 52
10 51
11 52
11 51
12 52
12 51
13 52
13 51
14 52
14 51
15 52
15 51
16 52
16 51
17 52
17 51
54 95
54 94
55 95
55 94
56 95
56 94
57 95
57 94
58 95
58 94
54 93
55 93
56 93
57 93
58 93
59 95
59 94
60 95
60 94
61 95
61 94
59 93
60 93
61 93
62 95
62 94
63 95
63 94
64 95
64 94
62 93
63 93
64 93
65 95
65 94
65 93
66 95
66 94
67 95
67 94
68 95
68 94
66 93
67 93
68 93
69 95
69 94
69 93
84 100
84 99
84 98
84 97
4 50
4 49
5 50
6 50
4 48
7 50
8 50
9 50
4 47
10 50
11 50
12 50
13 50
14 50
15 50
16 50
18 52
17 50
18 51
54 92
55 92
56 92
57 92
58 92
54 91
55 91
56 91
54 90
55 90
56 90
54 89
55 89
56 89
54 88
55 88
56 88
57 91
58 91
57 90
58 90
57 89
58 89
57 88
58 88
54 87
55 87
56 87
57 87
58 87
5 49
6 49
5 48
6 48
7 49
8 49
9 49
5 47
6 47
10 49
11 49
7 48
8 48
9 48
7 47
8 47
9 47
10 48
11 48
10 47
11 47
12 49
13 49
14 49
12 48
13 48
12 47
13 47
14 48
14 47
15 49
16 49
17 49
15 48
16 48
17 48
15 47
16 47
17 47
59 92
60 92
61 92
59 91
59 90
60 91
61 91
60 90
61 90
59 89
59 88
60 89
61 89
60 88
61 88
59 87
60 87
61 87
62 92
63 92
64 92
62 91
62 90
63 91
63 90
62 89
62 88
63 89
63 88
64 91
64 90
64 89
64 88
62 87
63 87
64 87
65 92
65 91
65 90
65 89
65 88
65 87
66 92
67 92
68 92
66 91
66 90
66 89
66 88
67 91
67 90
68 91
68 90
67 89
67 88
68 89
68 88
66 87
67 87
68 87
69 92
69 91
69 90
69 89
69 88
69 87
26 68
27 68
28 68
26 67
26 66
26 65
27 67
27 66
27 65
28 67
28 66
28 65
48 83
49 83
50 83
26 64
27 64
19 52
18 50
19 51
26 63
26 62
26 61
20 52
21 52
20 51
21 51
27 63
28 64
27 62
27 61
26 60
26 59
26 58
28 63
28 62
27 60
28 61
27 59
27 58
28 60
28 59
28 58
22 52
22 51
26 57
26 56
23 52
23 51
26 55
24 52
24 51
26 54
25 52
26 53
25 51
27 57
27 56
27 55
27 54
27 53
28 57
28 56
28 55
28 54
28 53
54 86
55 86
56 86
57 86
58 86
51 83
18 49
18 48
18 47
59 86
60 86
61 86
62 86
63 86
64 86
65 86
66 86
67 86
68 86
69 86
29 68
29 67
29 66
29 65
30 68
31 68
32 68
48 82
49 82
50 82
33 68
34 68
35 68
19 50
20 50
21 50
30 67
30 66
29 64
30 65
31 67
31 66
31 65
32 67
32 66
32 65
29 63
29 62
29 61
33 67
33 66
33 65
34 67
35 67
34 66
35 66
34 65
35 65
29 60
29 59
29 58
22 50
23 50
24 50
25 50
29 57
29 56
29 55
29 54
29 53
54 85
55 85
56 85
57 85
58 85
48 81
48 80
49 81
49 80
50 81
51 82
52 83
53 83
54 84
55 84
56 84
50 80
57 84
58 84
48 79
48 78
48 77
49 79
49 78
49 77
50 79
50 78
50 77
36 68
48 76
49 76
48 75
48 74
49 75
50 76
49 74
50 75
50 74
19 49
19 48
19 47
59 85
60 85
61 85
20 49
21 49
30 64
20 48
21 48
31 64
20 47
21 47
32 64
59 84
60 84
61 84
62 85
63 85
64 85
30 63
30 62
30 61
31 63
31 62
31 61
32 63
33 64
32 62
32 61
36 67
36 66
34 64
35 64
36 65
62 84
63 84
64 84
65 85
30 60
30 59
30 58
31 60
31 59
31 58
33 63
33 62
32 60
33 61
32 59
32 58
34 63
35 63
34 62
35 62
34 61
35 61
65 84
33 60
33 59
33 58
34 60
34 59
35 60
35 59
34 58
35 58
22 49
22 48
22 47
23 49
24 49
25 49
23 48
24 48
25 48
23 47
24 47
25 47
30 57
30 56
30 55
30 54
30 53
31 57
31 56
31 55
31 54
31 53
32 57
32 56
32 55
32 54
32 53
33 57
33 56
33 55
33 54
33 53
34 57
34 56
35 57
35 56
34 55
35 55
34 54
34 53
35 54
35 53
51 81
51 80
51 79
51 78
51 77
37 68
38 68
39 68
40 68
41 68
48 73
48 72
48 71
51 76
49 73
49 72
49 71
51 75
50 73
51 74
50 72
50 71
37 67
37 66
36 64
37 65
38 67
39 67
38 66
39 66
40 67
40 66
38 65
39 65
40 65
41 67
42 68
41 66
41 65
48 70
43 68
44 68
45 68
46 68
47 68
48 69
49 70
49 69
50 70
50 69
66 85
67 85
68 85
36 63
36 62
36 61
66 84
67 84
68 84
36 60
36 59
36 58
42 67
42 66
42 65
43 67
44 67
45 67
46 67
47 67
43 66
44 66
45 66
46 66
47 66
43 65
44 65
45 65
46 65
47 65
69 85
69 84
36 57
36 56
36 55
36 54
36 53
51 73
51 72
51 71
37 64
38 64
39 64
40 64
41 64
51 70
51 69
37 63
37 62
37 61
38 63
39 63
40 63
38 62
39 62
38 61
39 61
40 62
40 61
41 63
41 62
41 61
37 60
37 59
37 58
38 60
38 59
39 60
39 59
38 58
39 58
40 60
40 59
40 58
41 60
41 59
41 58
42 64
43 64
44 64
45 64
46 64
47 64
42 63
42 62
42 61
43 63
44 63
45 63
46 63
47 63
43 62
44 62
45 62
46 62
47 62
43 61
44 61
45 61
46 61
47 61
37 57
37 56
37 55
37 54
37 53
38 57
38 56
39 57
39 56
40 57
40 56
38 55
38 54
38 53
39 55
39 54
39 53
40 55
40 54
40 53
42 60
42 59
41 57
42 58
41 56
41 55
41 54
41 53
43 60
43 59
44 60
44 59
45 60
46 60
45 59
46 59
47 60
47 59
43 58
44 58
45 58
46 58
47 58
42 57
42 56
42 55
42 54
42 53
43 57
43 56
44 57
44 56
45 57
46 57
45 56
46 56
47 57
47 56
43 55
44 55
45 55
46 55
47 55
43 54
44 54
45 54
46 54
43 53
44 53
45 53
46 53
47 54
47 53
52 82
53 82
52 81
53 81
52 80
53 80
52 79
53 79
52 78
53 78
52 77
53 77
52 76
53 76
52 75
53 75
52 74
53 74
52 73
53 73
52 72
53 72
52 71
53 71
52 70
53 70
52 69
53 69
70 96
71 96
72 96
73 96
74 96
75 96
76 96
77 96
78 96
79 96
80 96
81 96
82 96
83 96
1 46
1 45
1 44
1 43
1 42
2 46
2 45
2 44
2 43
2 42
1 41
2 41
1 40
2 40
1 39
2 39
1 38
1 37
2 38
2 37
1 36
2 36
3 46
3 45
3 44
3 43
3 42
3 41
3 40
3 39
3 38
3 37
1 35
2 35
3 36
1 34
1 33
2 34
3 35
2 33
1 32
2 32
1 31
2 31
1 30
2 30
1 29
2 29
3 34
3 33
3 32
3 31
3 30
1 28
2 28
3 29
70 95
70 94
71 95
71 94
70 93
71 93
72 95
72 94
73 95
73 94
74 95
74 94
72 93
73 93
74 93
3 28
75 95
75 94
76 95
76 94
75 93
76 93
77 95
77 94
77 93
78 95
78 94
79 95
79 94
80 95
80 94
78 93
79 93
80 93
81 95
81 94
82 95
82 94
81 93
82 93
85 100
85 99
85 98
83 95
84 96
85 97
83 94
83 93
86 100
86 99
86 98
86 97
4 46
4 45
4 44
4 43
4 42
4 41
4 40
4 39
4 38
4 37
4 36
5 46
6 46
5 45
5 44
5 43
6 45
6 44
5 42
6 43
6 42
7 46
7 45
7 44
7 43
7 42
8 46
8 45
8 44
8 43
8 42
9 46
9 45
9 44
9 43
9 42
10 46
10 45
10 44
10 43
10 42
11 46
11 45
11 44
11 43
11 42
5 41
6 41
7 41
8 41
9 41
10 41
12 46
12 45
12 44
12 43
11 41
12 42
13 46
13 45
13 44
13 43
13 42
14 46
14 45
14 44
14 43
14 42
15 46
15 45
15 44
15 43
15 42
16 46
16 45
16 44
16 43
16 42
17 46
17 45
17 44
17 43
17 42
12 41
13 41
14 41
15 41
16 41
17 41
5 40
6 40
5 39
6 39
5 38
6 38
5 37
6 37
4 35
5 36
6 36
7 40
8 40
9 40
7 39
8 39
9 39
7 38
8 38
7 37
8 37
9 38
9 37
10 40
11 40
10 39
11 39
7 36
8 36
10 38
9 36
10 37
11 38
11 37
10 36
11 36
12 40
13 40
12 39
13 39
12 38
13 38
12 37
13 37
14 40
14 39
14 38
12 36
13 36
14 37
14 36
15 40
16 40
17 40
15 39
16 39
15 38
16 38
15 37
16 37
17 39
17 38
17 37
15 36
16 36
17 36
4 34
5 35
6 35
4 33
7 35
4 32
8 35
9 35
10 35
11 35
12 35
13 35
14 35
15 35
16 35
17 35
4 31
4 30
1 27
2 27
4 29
1 26
2 26
1 25
2 25
70 92
71 92
70 91
70 90
71 91
71 90
70 89
70 88
71 89
71 88
70 87
71 87
72 92
73 92
74 92
72 91
72 90
73 91
73 90
74 91
74 90
72 89
73 89
72 88
73 88
74 89
74 88
72 87
73 87
74 87
5 34
6 34
5 33
6 33
7 34
5 32
6 32
7 33
8 34
8 33
9 34
9 33
10 34
10 33
11 34
11 33
7 32
8 32
9 32
10 32
11 32
12 34
12 33
13 34
13 33
14 34
14 33
12 32
13 32
14 32
15 34
15 33
16 34
16 33
17 34
17 33
15 32
16 32
17 32
5 31
6 31
5 30
6 30
7 31
8 31
9 31
3 27
4 28
5 29
6 29
10 31
11 31
7 30
8 30
9 30
7 29
8 29
9 29
10 30
11 30
10 29
11 29
12 31
13 31
14 31
12 30
13 30
12 29
13 29
14 30
14 29
15 31
16 31
17 31
15 30
16 30
17 30
15 29
16 29
17 29
3 26
3 25
75 92
76 92
75 91
75 90
76 91
77 92
76 90
75 89
75 88
76 89
76 88
77 91
77 90
75 87
77 89
76 87
77 88
77 87
78 92
79 92
80 92
78 91
78 90
78 89
78 88
79 91
79 90
80 91
80 90
79 89
79 88
80 89
80 88
78 87
79 87
80 87
81 92
82 92
81 91
81 90
82 91
82 90
81 89
81 88
82 89
82 88
81 87
82 87
5 28
6 28
7 28
8 28
9 28
10 28
11 28
12 28
13 28
14 28
15 28
16 28
17 28
84 95
84 94
83 92
84 93
83 91
83 90
83 89
83 88
83 87
87 100
87 99
87 98
87 97
26 52
26 51
27 52
27 51
28 52
28 51
18 46
18 45
18 44
18 43
18 42
18 41
18 40
18 39
18 38
18 37
18 36
18 35
70 86
71 86
72 86
73 86
74 86
18 34
18 33
18 32
4 27
18 31
18 30
18 29
4 26
4 25
75 86
76 86
77 86
78 86
79 86
80 86
81 86
82 86
5 27
6 27
7 27
8 27
9 27
10 27
11 27
12 27
13 27
14 27
15 27
16 27
17 27
18 28
5 26
6 26
5 25
6 25
7 26
8 26
9 26
10 26
11 26
7 25
8 25
9 25
10 25
11 25
12 26
13 26
14 26
12 25
13 25
14 25
15 26
16 26
17 26
15 25
16 25
17 25
84 92
84 91
84 90
84 89
84 88
83 86
84 87
88 100
88 99
88 98
88 97
89 100
89 99
89 98
90 100
90 99
90 98
89 97
90 97
91 100
91 99
92 100
92 99
91 98
92 98
91 97
92 97
93 100
93 99
93 98
93 97
26 50
27 50
29 52
28 50
29 51
54 83
55 83
56 83
57 83
58 83
19 46
19 45
19 44
19 43
19 42
20 46
20 45
21 46
20 44
20 43
19 41
20 42
21 45
21 44
21 43
21 42
59 83
60 83
61 83
20 41
21 41
62 83
63 83
64 83
65 83
22 46
19 40
22 45
22 44
22 43
22 42
19 39
19 38
19 37
19 36
20 40
21 40
22 41
20 39
21 39
20 38
21 38
20 37
21 37
20 36
21 36
26 49
26 48
27 49
23 46
23 45
23 44
23 43
23 42
24 46
24 45
24 44
24 43
24 42
25 46
26 47
25 45
25 44
25 43
25 42
27 48
27 47
23 41
24 41
25 41
30 52
28 49
30 51
31 52
31 51
28 48
32 52
32 51
28 47
33 52
33 51
34 52
34 51
35 52
35 51
22 40
22 39
22 38
22 37
22 36
23 40
24 40
25 40
23 39
24 39
25 39
23 38
24 38
25 38
23 37
24 37
25 37
23 36
24 36
25 36
48 68
49 68
50 68
66 83
67 83
68 83
19 35
20 35
21 35
48 67
48 66
48 65
49 67
49 66
49 65
50 67
50 66
50 65
70 85
71 85
69 83
70 84
71 84
36 52
36 51
22 35
23 35
24 35
25 35
72 85
73 85
74 85
72 84
73 84
74 84
51 68
19 34
19 33
19 32
20 34
21 34
20 33
21 33
20 32
21 32
19 31
19 30
19 29
20 31
21 31
48 64
20 30
21 30
49 64
20 29
21 29
51 67
51 66
50 64
51 65
48 63
48 62
48 61
49 63
49 62
49 61
50 63
50 62
50 61
37 52
37 51
38 52
38 51
39 52
39 51
40 52
40 51
41 52
41 51
48 60
48 59
48 58
49 60
49 59
49 58
50 60
50 59
50 58
22 34
22 33
22 32
23 34
23 33
24 34
24 33
25 34
25 33
22 31
23 32
24 32
25 32
22 30
22 29
75 85
76 85
77 85
75 84
76 84
77 84
23 31
24 31
25 31
23 30
24 30
25 30
23 29
24 29
25 29
78 85
79 85
80 85
42 52
42 51
81 85
82 85
78 84
79 84
80 84
48 57
48 56
48 55
43 52
44 52
45 52
46 52
48 54
47 52
48 53
43 51
44 51
45 51
46 51
47 51
49 57
49 56
49 55
49 54
49 53
50 57
50 56
81 84
50 55
50 54
50 53
82 84
18 27
19 28
20 28
21 28
51 64
18 26
18 25
51 63
51 62
51 61
51 60
51 59
51 58
22 28
23 28
24 28
25 28
83 85
84 86
94 100
94 99
94 98
94 97
51 57
51 56
95 100
96 100
95 99
96 99
95 98
96 98
51 55
51 54
51 53
95 97
83 84
96 97
29 50
54 82
55 82
56 82
57 82
58 82
59 82
60 82
61 82
62 82
63 82
64 82
65 82
29 49
30 50
31 50
29 48
32 50
29 47
33 50
34 50
35 50
54 81
55 81
56 81
54 80
55 80
56 80
57 81
58 81
57 80
58 80
54 79
55 79
56 79
54 78
55 78
56 78
57 79
58 79
57 78
58 78
54 77
55 77
56 77
57 77
58 77
54 76
55 76
56 76
57 76
58 76
54 75
55 75
56 75
54 74
55 74
56 74
57 75
58 75
57 74
58 74
59 81
59 80
60 81
61 81
60 80
61 80
59 79
59 78
60 79
61 79
60 78
61 78
59 77
60 77
61 77
62 81
62 80
63 81
63 80
64 81
64 80
62 79
62 78
63 79
63 78
59 76
60 76
61 76
62 77
64 79
63 77
64 78
64 77
59 75
59 74
60 75
61 75
60 74
61 74
65 81
66 82
65 80
67 82
68 82
62 76
65 79
63 76
65 78
64 76
65 77
62 75
62 74
63 75
63 74
64 75
64 74
65 76
65 75
65 74
30 49
31 49
30 48
31 48
32 49
30 47
31 47
32 48
32 47
69 82
33 49
33 48
34 49
35 49
36 50
33 47
34 48
35 48
34 47
35 47
54 73
55 73
56 73
54 72
55 72
56 72
54 71
55 71
56 71
57 73
58 73
57 72
58 72
57 71
58 71
54 70
55 70
56 70
52 68
53 68
54 69
55 69
56 69
59 73
60 73
61 73
59 72
57 70
58 70
59 71
57 69
58 69
60 72
61 72
60 71
61 71
66 81
66 80
67 81
67 80
68 81
68 80
66 79
66 78
66 77
67 79
67 78
68 79
68 78
67 77
68 77
62 73
63 73
62 72
62 71
63 72
63 71
64 73
64 72
64 71
66 76
67 76
68 76
66 75
65 73
66 74
65 72
65 71
67 75
67 74
68 75
68 74
52 67
53 67
52 66
53 66
59 70
59 69
60 70
61 70
60 69
61 69
52 65
53 65
69 81
69 80
69 79
69 78
69 77
62 70
62 69
63 70
63 69
64 70
64 69
36 49
37 50
38 50
39 50
40 50
41 50
36 48
36 47
69 76
65 70
65 69
69 75
69 74
42 50
43 50
44 50
45 50
46 50
47 50
66 73
66 72
66 71
67 73
68 73
67 72
67 71
68 72
68 71
19 27
20 27
21 27
52 64
53 64
19 26
19 25
20 26
21 26
52 63
53 63
52 62
53 62
52 61
53 61
20 25
21 25
37 49
38 49
39 49
40 49
41 49
37 48
37 47
38 48
39 48
40 48
41 48
38 47
39 47
40 47
41 47
66 70
66 69
52 60
52 59
53 60
53 59
52 58
53 58
69 73
67 70
67 69
69 72
68 70
69 71
68 69
22 27
22 26
23 27
24 27
25 27
22 25
42 49
42 48
42 47
84 85
43 49
44 49
45 49
46 49
47 49
23 26
24 26
25 26
43 48
44 48
45 48
46 48
47 48
52 57
52 56
53 57
53 56
97 100
97 99
97 98
69 70
23 25
52 55
53 55
24 25
52 54
52 53
43 47
44 47
45 47
46 47
53 54
25 25
47 47
53 53
69 69
84 84
97 97
85 96
86 96
1 24
1 23
1 22
2 24
2 23
2 22
1 21
2 21
1 20
1 19
2 20
2 19
1 18
2 18
3 24
3 23
3 22
3 21
3 20
3 19
3 18
85 95
85 94
85 93
86 95
87 96
86 94
86 93
1 17
2 17
4 24
4 23
4 22
4 21
4 20
4 19
3 17
4 18
5 24
6 24
5 23
6 23
5 22
6 22
7 24
7 23
8 24
8 23
7 22
8 22
9 24
9 23
9 22
10 24
10 23
10 22
11 24
11 23
11 22
12 24
13 24
12 23
13 23
12 22
13 22
14 24
14 23
14 22
15 24
16 24
15 23
16 23
15 22
16 22
17 24
17 23
17 22
5 21
6 21
7 21
8 21
9 21
10 21
11 21
12 21
13 21
14 21
15 21
16 21
17 21
5 20
6 20
5 19
6 19
7 20
7 19
8 20
8 19
9 20
9 19
10 20
10 19
11 20
11 19
5 18
6 18
7 18
8 18
9 18
10 18
12 20
11 18
12 19
13 20
13 19
14 20
14 19
85 92
85 91
85 90
85 89
85 88
15 20
15 19
16 20
16 19
17 20
17 19
85 87
12 18
13 18
14 18
87 95
88 96
87 94
86 92
87 93
89 96
90 96
91 96
92 96
86 91
86 90
86 89
86 88
93 96
15 18
16 18
17 18
86 87
26 46
26 45
26 44
26 43
26 42
27 46
27 45
27 44
27 43
27 42
26 41
27 41
28 46
28 45
28 44
28 43
28 42
28 41
26 40
26 39
26 38
26 37
26 36
27 40
27 39
27 38
27 37
27 36
28 40
28 39
28 38
28 37
28 36
70 83
71 83
26 35
27 35
72 83
73 83
74 83
28 35
1 16
2 16
1 15
1 14
2 15
2 14
1 13
2 13
1 12
1 11
2 12
2 11
1 10
2 10
1 9
2 9
1 8
2 8
1 7
1 6
2 7
2 6
1 5
1 4
2 5
2 4
26 34
26 33
27 34
26 32
27 33
27 32
75 83
76 83
77 83
28 34
26 31
28 33
26 30
27 31
28 32
26 29
27 30
27 29
3 16
4 17
3 15
3 14
3 13
3 12
3 11
78 83
79 83
80 83
3 10
3 9
48 52
48 51
28 31
3 8
3 7
49 52
3 6
49 51
28 30
1 3
81 83
50 52
3 5
2 3
3 4
28 29
50 51
82 83
18 24
18 23
18 22
18 21
26 28
27 28
5 17
6 17
7 17
8 17
9 17
10 17
11 17
18 20
18 19
85 86
12 17
13 17
14 17
88 95
88 94
87 92
88 93
89 95
89 94
90 95
90 94
91 95
91 94
92 95
92 94
87 91
89 93
87 90
90 93
87 89
91 93
87 88
92 93
93 95
94 96
93 94
15 17
16 17
51 52
95 96
3 3
17 17
18 18
28 28
51 51
83 83
86 86
87 87
93 93
96 96
29 46
29 45
29 44
29 43
29 42
29 41
29 40
29 39
29 38
29 37
29 36
30 46
30 45
30 44
30 43
30 42
31 46
31 45
31 44
31 43
31 42
32 46
32 45
32 44
32 43
32 42
70 82
71 82
30 41
31 41
32 41
33 46
33 45
33 44
33 43
33 42
34 46
34 45
34 44
34 43
34 42
35 46
35 45
35 44
35 43
35 42
33 41
34 41
35 41
72 82
73 82
74 82
30 40
30 39
30 38
30 37
31 40
31 39
31 38
31 37
29 35
30 36
31 36
32 40
32 39
32 38
32 37
32 36
33 40
33 39
33 38
33 37
33 36
34 40
35 40
34 39
35 39
34 38
35 38
34 37
35 37
34 36
35 36
54 68
55 68
56 68
57 68
58 68
54 67
55 67
56 67
54 66
55 66
56 66
57 67
58 67
59 68
57 66
58 66
60 68
61 68
54 65
55 65
56 65
57 65
58 65
70 81
70 80
71 81
71 80
70 79
70 78
71 79
71 78
70 77
71 77
62 68
63 68
64 68
36 46
36 45
36 44
36 43
36 42
70 76
71 76
36 41
65 68
70 75
70 74
71 75
71 74
59 67
59 66
60 67
61 67
60 66
61 66
59 65
60 65
61 65
72 81
73 81
72 80
73 80
74 81
75 82
76 82
74 80
77 82
29 34
30 35
29 33
31 35
29 32
72 79
73 79
72 78
73 78
74 79
74 78
72 77
73 77
74 77
32 35
62 67
62 66
63 67
63 66
64 67
64 66
62 65
63 65
64 65
4 16
4 15
4 14
4 13
4 12
4 11
78 82
79 82
80 82
4 10
4 9
48 50
29 31
72 76
73 76
4 8
74 76
4 7
33 35
4 6
49 50
36 40
36 39
36 38
36 37
29 30
65 67
65 66
72 75
73 75
72 74
73 74
1 2
81 82
74 75
34 35
4 5
2 2
4 4
29 29
35 35
36 36
50 50
65 65
74 74
82 82
54 64
55 64
56 64
57 64
58 64
19 24
19 23
19 22
54 63
55 63
56 63
57 63
58 63
54 62
55 62
56 62
54 61
55 61
56 61
57 62
58 62
57 61
58 61
20 24
21 24
20 23
21 23
20 22
21 22
37 46
37 45
37 44
37 43
37 42
38 46
38 45
38 44
38 43
38 42
39 46
39 45
39 44
39 43
39 42
40 46
40 45
40 44
40 43
40 42
41 46
19 21
41 45
41 44
41 43
41 42
37 41
38 41
39 41
40 41
66 68
54 60
54 59
55 60
55 59
56 60
56 59
54 58
55 58
56 58
70 73
71 73
57 60
57 59
58 60
58 59
67 68
70 72
70 71
71 72
20 21
57 58
21 21
41 41
58 58
68 68
71 71
59 64
60 64
61 64
75 81
76 81
75 80
76 80
77 81
77 80
30 34
30 33
31 34
31 33
30 32
75 79
76 79
75 78
76 78
75 77
32 34
26 27
31 32
32 33
76 77
59 63
60 63
61 63
62 64
77 79
63 64
77 78
59 62
59 61
60 62
61 62
22 24
22 23
60 61
22 22
27 27
32 32
61 61
64 64
77 77
5 16
6 16
5 15
6 15
5 14
6 14
7 16
8 16
9 16
7 15
7 14
8 15
8 14
9 15
9 14
10 16
11 16
10 15
10 14
11 15
11 14
5 13
6 13
5 12
6 12
5 11
6 11
7 13
8 13
9 13
7 12
7 11
8 12
8 11
9 12
10 13
9 11
11 13
10 12
10 11
11 12
42 46
19 20
42 45
42 44
42 43
11 11
19 19
42 42
85 85
12 16
13 16
12 15
12 14
13 15
13 14
78 81
78 80
14 16
79 81
80 81
79 80
14 15
14 14
80 80
88 92
5 10
6 10
5 9
6 9
48 49
30 31
88 91
89 92
88 90
90 92
5 8
6 8
75 76
88 89
91 92
5 7
6 7
33 34
5 6
6 6
26 26
31 31
33 33
49 49
76 76
88 88
92 92
37 40
37 39
7 10
8 10
7 9
8 9
9 10
37 38
12 13
9 9
13 13
37 37
48 48
94 95
94 94
30 30
38 40
39 40
40 40
66 67
66 66
62 63
78 79
63 63
78 78
54 57
54 56
55 57
55 56
56 57
56 56
15 16
16 16
89 91
89 90
90 91
90 90
72 73
73 73
38 39
39 39
98 100
98 99
59 60
59 59
98 98
62 62
67 67
7 8
8 8
10 10
70 70
1 1
81 81
79 79
75 75
89 89
99 100
99 99
38 38
23 24
23 23
72 72
91 91
100 100
54 55
55 55
7 7
24 24
12 12
15 15
34 34
52 52
43 46
44 46
45 46
20 20
46 46
54 54
43 45
43 44
5 5
43 43
44 45
44 44
57 57
60 60
45 45
95 95
