248751983
46223138
839968499
577494478
950348467
168760192
298838135
161204859
804771838
967716907
451784467
329590455
597405502
722257240
8760794
669845537
365888363
367544020
929355003
37188312
426007800
183994265
620641034
637874114
437061737
938347268
38887992
860673567
313739494
407589744
527823240
432222086
927373861
100083910
741742282
147655315
176455009
738570012
310915794
463963210
382746265
543190080
111546641
557937843
656013277
893756205
710721262
195
801108214
587184315
216216010
562471587
887305343
716912859
146636125
27104127
851029969
169932
774360701
410893997
599302018
649
298869418
99474478
13160181
519240372
801371996
164337078
770836811
354051909
107056001
622405863
832053483
140972337
830446783
647103190
91848576
72068060
926499285
152629120
79785153
424608824
607327030
564824731
419107758
553625555
830287992
471126114
232737253
215459690
964167742
258913025
435561751
499933434
96716498
278868778
58289112
927236964
756721359
461
714156064
102898676
403801789
939221992
680097258
931716528
246886749
404593956
3000
85758173
547691209
275925261
369540619
446767752
1673
778526121
434171686
393165299
2526
867993999
375672789
183631635
358861895
141652220
502
41365255
221934149
753835524
678370585
158329827
831574431
608753736
667520379
623959188
690
693407610
827580650
804882590
477585118
909267837
887458339
780187719
708411725
390724224
865909245
16183765
2798
487752070
229879707
852542554
433791256
748047361
694176506
133817448
49983859
421339116
249386070
1654
947458213
935344436
347737036
8
273672448
160460848
145135808
524393995
810857552
98590690
823469294
716260659
1628
823
75950570
586306359
756233989
777918053
71753026
454494753
281332036
512
535
658
367593620
689401074
84134285
161300602
16170249
643932284
237908204
461734690
81738977
894812334
871008976
537407485
894266348
716566851
394930013
972683951
156603604
26212769
91
601
690378801
321541969
349554033
36401563
87149944
691922272
372320881
898459816
64283093
992268324
837195584
598439567
744629496
733083250
787029395
142759333
449408530
846357599
739
377676746
399571207
603410530
788773913
784874021
694935398
743165671
722458663
293360503
937313475
683411097
45081399
473966706
227767152
876152533
844355325
421183546
2153
613750167
802725001
835485904
326173628
29614431
366514787
149956150
394396790
2965
848741583
770753214
570792244
22716859
786362022
984247185
410583536
289481900
890956304
45138150
402730479
641234876
625984287
352681226
183757272
36049797
541510152
943700958
298681164
140740510
377430924
156203065
57416522
862
803771778
118636354
172018578
283590045
572093430
3402
249
927570646
857759249
324522121
721825937
233208303
58195353
990402471
551177924
317960834
608425167
174618592
175755103
471227498
908213207
934958060
362390846
963890244
977795379
1145
694418286
218862685
589259707
145280313
297963582
593997351
1596
511036679
212991607
881737053
213916516
95286274
444371347
524199770
839
1725
766221251
947815482
2158
604
104
485147516
1146
337155186
742290311
553842204
193
1058
364194004
1646
896515320
806240452
1606
2593
281080923
588169632
529247852
770323733
137473717
2227663
3852
914999561
816
908452567
291937280
971164984
813973468
393
5112
3685
997
181759650
706369675
983083898
339
1638
28053442
79238989
609248571
648832261
1792
264496814
462274466
174864335
5017
857058184
1395
681749508
552850211
15829461
881318209
1064
2207
829809608
3429
693522640
111
701
703473933
1031
3643
871308126
362931885
272512826
567
116858743
2103
533466060
208967658
1595
345208117
35
748427483
400852336
342360126
415308239
251286264
791786491
127194953
122
341
340005423
11
2586
467181146
3982
5394
663005909
115
500023745
352920757
274736890
909150482
1036
8741506
777197802
362303913
984
937695689
254811478
862928116
332699334
475959411
582
512132071
282
612368486
669803108
185813256
2529
706998923
982
416772620
715966334
426765878
1191
3606
1038
980
91184683
527534356
4564
63726361
423989015
876392045
498523795
160009914
10663
6145
344937469
2156
44205084
580290753
1687
1313
33492126
370776468
4966
766116755
29962505
455463520
100949169
978563666
546351633
843504209
882736933
372957824
914106431
61823696
817233281
146420392
849224202
150457933
3558
447816899
1790
1742
827
925
1302
1759
354601563
1895
425446539
2911
66997748
587694419
619164194
221337935
301216415
835253842
776425317
2560
257470684
109484932
997437723
1423
499660604
426
161250357
332064572
166996719
5333
950651200
663
253053940
5073
323717380
570
246
3563
6452
3683
983
209
467748468
5685
397087122
16
1095
816764804
917840255
780
1236
553847034
312344955
179057660
876642467
86
1724
2157
7006
5321
169205140
1355
115727408
146945435
613577932
558848450
934375241
390966141
847927922
295420596
3165
6665
862517978
627
318224058
4414
186040965
570176815
464
242310210
4757
265611302
412790502
239358564
424760213
317
169576592
841857506
93701047
366598077
36
4254
726808236
503
4431
909379789
38
543038611
844834016
5607
5079
743713829
364024689
6060
886824616
18404695
927
2438
3759
576191746
747000800
50471484
874997844
2821
576163262
570
969451112
3460
40322724
802
35674483
353749619
803932737
490728636
827084657
897499250
783537832
39230726
137212459
613273646
980
5480
430
1244
2997
4284
551
1976
588
882
4667
2951
1388
5345
890
51
8250
660678601
1619
3486
1964
4243
84
1552
894
3728
5350
14823433
5277
1576
5670
507916040
886762190
1470
536447919
622455052
440
732984256
732243721
1578
523781131
588
730
361127797
1035
2825
732170753
232448293
698501603
1037
86009071
2863
35
339
2914
2986
431732788
155878406
3754
3274
624
543
7161
6765
1514
733
1547
438
2471
5422
5849
67767128
866950
225
5107
7313
3965
1283
856477926
823360442
1810
6480
1292
5430
6865
190
4315
3891
4151
688585008
1140
5858
3792
287
2335
917
3367
70289481
4865
682
5726
1408
748
1772
5761
887439998
2399
6987
5578
109279607
2366
1171
3309
3805
3414
2705
7153
6464
449797907
615974487
915870034
666
175566729
8946208
8183
2541
66
832
8225
1872
4804
21
327084818
2014
512
2559
1540
5827
2462
3081
872
783549205
5476
528
2134
3729
1596
6110
3897
492
474
256
121
4348
2542
5279
3859
4969
8508
188
5091
5649
1814
6645
3523
3135
4288
1645
511898014
934792548
1189
2591
5926
555231165
2599
1859
2597
719356898
5597
5314
27
2818
6903
2117
4670
1839
5717
1737
6154
1242
4981
1847
2642
7753
4054
1153
2627
803728635
54
5902
36617
1562
252438891
6561
941208802
1076
1515
3507
3436
2223
6379
2144
1349
3536
1168
1824
164644474
1101
358
3063
203602072
5514
10
3393
4214
277969044
494
1936
7264
3282
1334
5477
4357
1689
7683
4584
398
2069
837240133
1008
1695
888
924277116
2111
961
181
3014
943031038
3222
7628
2785
8443
2859
4012
366
699045982
4534
3307
4502
132836548
576
3115
2047
995729097
305831548
2784
2819
8437
5418
2590
669
645
3487
1338
2340
7971
360069716
8893
21605398
3365
5525
2684
3148
3293
905707234
1440
2896
628
2765
3729
5353
2594
1381
1594
1952
2655
809
884272175
3023
731652066
3724
1329
728
1167
1905
43
704244410
2791
1986
1378
4083
393
106
8209
392
3833
1522
8516
1832
578793392
965863950
4326
5057
5796
9029
6081
1290
1416
2751
6509
4628
4947
348555199
903902947
972
843
873166848
4542
4470
7957
1932
2282
904035853
2340
5099
1910
8009
4675
3094
4020
2797
1986
1933
2920
5799
5761
2402
2515
2125
709
252
3427
2922
4472
165
3363
636
2088
5115
3884
2616
3008
231
1753
3904
2010
2407
2798
965
4734
870262540
3818
2219
5480
5451
1303
752
4554
8774
6828
3892
2194
701454845
3354
5737
5836
357
2681
2736
5143
3095
4657
529
1912
4925
7459
2214
3227
5401
4752
1898
203
6503
727
7794
7296
6603
602168982
5224
1414
4546
7077
7938
3189
4347
108354403
4270
5617
7659
870365388
1224
1362
217287378
2837
515925466
2582
4931
5720
5423
719
2547
6138
536
6405
44
3835
5281
2704
6800
503
3909
2876
4327
1857
6612
2336
5994
1210
550
147350926
633169726
316026381
2248
3016
8277
3755
3402
2397
2400
296205601
8396
7797
4203
5165
1830
375468958
1285
582983698
161
5328
1633
353
342454152
1944
3342
3608
630868633
5933
226408910
214
654
1746
1677
4594
6520
3146
3236
1756
942405348
1422
1915
322
7555
1284
1320
313
1908
6886
3550
4581
2095
67434682
3165
5883
363559165
2004
1203
1346
306
1766
3958
774280311
775
3156
3527
4907
1757
1242
569
2944
4562
456578793
4440
1746
3806
3562
3997
402
1490
6403
1036
986
708204106
4189
4423
469
709
341511
668
4536
5259
1797
1606
2809
6291
5560
92
7917
514
4856
603
4525
412048303
5102
2748
5179
5755
421799848
417756538
1901
1934
7993
5040
2085
4317
1563
6402
282
1404
141
702
6878
3700
182
2843
3782
321
1503
427
171554366
866524060
939382014
3693
7217
779
3435
5638
4056
639
1262
4408
6093
6983
1531
1676
2384
6447
1696
2674
2342
3103
4094
3112
2812
7930
679
3368
3848
260
1802
5000
2274
5714
879187867
6084
2452
553336444
871592128
418368288
4001
1314
380
2180
2269
1673
933
629
858541042
892377412
343
6759
7194
2697
366
4318
1175
3327
4533
1043
866958316
2729
2081
875
6841
2320
455
1969
178615897
5758
533370545
1278
2015
2603
5331
5103
3501
1218
6854
505542880
8391
421
6506
6399
4392
540429006
237
427825449
2370
817
7847
6195
927459641
3827
2823
2554
6865
2089
1759
3983
2970
1984
3809
2686
3825
39247269
1188
148
318
3993
616
6723
351
7278
1953
5554
4490
3908
290
873
5838
6137
3584
6510
2727
6865
4328
104852362
6303
504
8931
1547
24
7348
1237
611
5074
451339441
2690
3031
5851
5607
838
1954
1216
308939085
2851
251
406
633894536
699
5972
1583
6121
3989
2298
135806617
462
732533395
3516
6004
3255
331
553
6512
7670
2165
4074
2900
1231
5898
813946179
2335
7572
118844377
2230
6416
119
456949838
675478608
1728
6976
3000
2875
261
6750
4292
1931
3776
985141623
1113
5727
612095956
5409
1180
1533
1335
5848
32813
345
937
4120
149
1108
3516
1384
5893
292377708
322785233
6637
1811
3725
436
4195
3644
840
3628
6411
4560
5650
6
4403
3005
663407646
1397
873
2557
4817
3621
2505
844
191
3164
4386
5691
1390
6301
4380
38680840
2432
2356
643
3678
242047319
1688
1642
470
2414
789
4597
4187
4760
2613
1652
5189
5206
386853414
3229
655071463
5623
2006
5108
4771
336074695
5671
7685
5011
3285
4758
698294811
4915
4933
7675
8673
2280
310
264
8124
5995
7331
831
403
4126
555
80
3007
791833744
661
6397
5896
7756
8522
926045
1711
1363
3738
1840
7260
3938
1010
6305
1395
3746
3095
3996
3729
2696
3520
3641
1403
118
553
1103
282471090
3816
538
2911
3965
4133
4040
8171
1194
4549
2399
2485
1148
8618
3085
5996
592429462
4808
765186523
1386
166
5677
8314
803
371
3741
1943
3784
980
403
1891
2517
2461381
4190
122
4228
3910
2454
341
4425
457
758
8388
4449
5527
7220
1092
5345
178
3226
176
177
5253
1231
2907
13846540
8473
1062
4829
458856227
732
696490274
4492
3602
3220
1109
99
1453
1174
7197
3759
371
6384
927809859
325
32
777
319
356
4323
5486
1860
6330
6235
6625
422
5587
6013
3101
2265
745
2056
1171
7958
3594
3949
718
1935
483751645
2615
1594502
2520
721
641
894
871
7327
2337
7524
3217
7616
3140
4400
771
400287080
1503
2241
6306
5579
269
3755919
398870189
402116779
2701
1278
1792
3006
507
479133903
1963
4188
782
6217
5280
187
522
116
1694
1980
529341484
640
1067
629
3331
32038183
1075
2829
4171
7578
6079
5653
1204
1041
952964062
917618662
5620
1476
3857
5474
860065212
496100430
3124
6077
6762
4641
2048
1641
4666
4041
341
6195
918909848
645
39
138
3019
4649
447619127
2449
2386
6394
398
132917717
4888
2711
2705
2663
148
368
162076804
607367704
8380
864
2364
1583
4144
1622
338
1016
4743
2013
3090
4883
2124
257887285
6608
795
1102
8243
5358
2554
5704
7188
3319
4570
7412
1647
4020
5272
904016477
4594
2120
1514
1969
84
154891203
5045
563
1346
2006
1406
3583
1760
1449
2964
5804
6744
5618
2612
794
6981
985086868
1088
3962
748
2441
278
5011
746822893
3474
2077
3719
7262
7250
6131
1571
5353
1337
476
1011
1762
5899
2250
6904
3226
4344
6948
3351
5690
181
4078
1027
4604
6008
2889
7619
5535
935257484
8956
77003397
3739
1136
7612
8322
61164263
1349
6625
1867
4340
4516
235
3091
2190
6082
88
2281
6342
4114
7376
2415
4871
6687
4607
270
5172
4881
4780
5084
3819
7829
546
406
9160
3641
393
1179
3626
892
1116
6488
5552
4197
3900
781296792
82
3245
3022
1488
1337
5472
5327
7701
2448
4534
2632
1179
3444
1404
861
805
446
2359
371
1513
4490
2411
5832
2522
1270
4352
7802
2932
2437
6920
832
8346
4319
1134
4960
5645
2136
3032
3170
2588
487
7409
2927
3573
508
3478
493107615
722
7811
5425
4004
1777
5703
130
6632
3931
4060
1112
4129
3188
3529
7602
2483
714507097
6429
607
3981
4379
2869
3477
7209
174
4127
978582130
3911
365
4311
1580
188
6609
9286
4154
2650
6232
4722
520779442
3448
6753
688
2751
5446
1152
1862
1257
157
7421
916
2875
1553
3994
1175
4633
3996
846
2071
3049
7434
3890
15
808
2930
3804
5397
292621785
488
6679
3816
1939
5053
683
2395
714525330
3382
3459
1118
5658
4389
6368
466
5744
8875
6960
4792
6069
3555
1820
2658
7345
4168
3760
4132
1561
690
5308
3408
7356
4880
7762
3845
3655
1504
4706
154026800
3257
4549
184
618
1731
8904
3376
7673
1359
712812721
809908498
3756
1083
4416
531445384
548368342
2389
5299
309
3810
1074
2002
5077
733
6251
5071
7045
4490
707
767
8359
5388
2313
6040
1480
4968120
7614
7099
4519
1625
6494
6645
6253
597153442
9411
6346
5129
2047
2473
1173
7335
3483
1757
85
2963
5078
5955
2516
1365
734764199
3964
2751
705
1493
782925048
1997
5286
6324
2454
7758
1421
3086
287
2889
3713
6688
4139
6314
1183
723
1195
483
3877
1048
1473
1376
5757
5233
4937
30678844
5841
7628
3410
3620
1912
191496980
1988
56357699
1217
5339
6032
8027
4847716
125
3867
289
3469
4873
368
2311
944
2641
5932
1474
4535
438
2611
198
1403
3077
6121
6347
2295
4558
4764
1441
3860
5832
5374
7540
662
8567
5163
6565
3387
4987
230508805
4412
6637
1207
2436
30421
3381
1986
7999
6364
6514
657
5449
3061
5973
3847
4148
1401
8120
4221
359
3842
130
9063
1583
5280
1026
1257
3009
1790
593
2447
5810
589341264
992
7393
3623
149
5908
245
3240
4474
7026
4655
4582
269
1840
1108
949
2978
7529
1945
7178
2291
4959
161
127
250
2165
2953
2891
7070
2953
256
1264
2544
3779
3011
3551
1674
3279
113
4111
1460
201
5458
5215
4190
2575
672
601
8778
614694323
3344
63785
370
3011
1957
108
5586
6964
3786
3851
1778
6688
7979
597
2173
4372
2670
7172
1539
787584911
2494
955332148
4551
45
209
9470
883
4199
1737
931453139
378
3545
5645
440
2909
3996
4130
445
1887
196548667
5260
4941
6154
2510
2512
1233
1793
2956
7480
950
3995
1894
6182
2295
1765
2724
1059
2023
6588
6285
4349
627
244
2210
5446
4427
3311
7076
1150
169
968
182
419
3328
3292
3670
4135
6908
1243
2611
308
1741
495692668
2801
4365
820216486
747485551
7391
5373
5395
663
776
1467
1438
4956
2158
1712
2694
3893
6095
524
38424529
3007
432
2476
739
1773
3740
88205
5260
1073
2714
3499
1083
5297
962
758
1983
3550
3172
7215
725002298
369
352263799
3607
1354
6644
1982
2063
1746
1177
6957
2627
19435151
6608
4542
1235
1616
7890
659
7733
4267
2926
4156
3933
1484
3283
5132
1111
1830
6513
5258
165
6703
592785580
4626
5785
766
1052
3201
7143
2940
4256
2155
892
792
3191
7536
2481
1575
1383
6143
2419
1268
7698
11
1288
497
4962
6749
3354
1689
462
3810
692609726
5563
2101
3474
172202229
4355
1583
7434
8380
1807
1345
5141
2578
5553
191
688
7128
4969
8097
1922
135
5947
2436
777
3090
141
3527
36
454
8627
1103
5559
640559486
164
4936
916
4752
2213
3471
6839
88869
3484
5423
1714
986
7793
1181
1522
1261
670
473699546
1091
4767
6450
552
1496
393
5303
4254
4756
425
2252
4401
3962
1480
1996
2509
5200
1869
1763
4655
1595
1383
2116
565
417
7621
342
5182
1279
4165
6278
303
3461
2361
4106
3337
4846
3699
586
8645
631813710
578740958
6183
4728
4688
2278
4852
4454
1334
570
730301530
82
8490
4442
4010
3637
2050
3977
6232
7694
308
1125
4193
5109
7187
1301
2395
584
6633
560775078
4109
4923
7610
5710
5565
2191
2842
6764
3183
1345
5509
6667
6310
6404
7661
7583
8968
6589
8319
8599
6010
8342
120974554
7998
7416
6822
6334
17775
8359
6275
6005
7334
8068
84521061
890131517
585152234
6925
7531
22882827
8718
7145
7716
8462
6558
7265
7817
102705884
8505
6656
7389
6544
7098
6088
7158
8908
12077273
7234
6879
409245962
6196
8018
8392
6975
6391
6026
178068090
6240
7324
6373
8729
7701
8378
6808
6768
6757
8279
7844
8077
6390
6609
7367
6249
12787
6925
7147
7098
6443
6573
7432
7243
8527
6116
7018
7600
6674
7637
7574
6775
481563942
6952
527595523
6666
9073
8088
6548
6861
7649
7578
752783044
8812
994972852
8935
7152
7875
7954
8038
6652
6162
7308
215139035
947570954
7796
8942
6317
7133
7286
8388
7973
7206
9236
6952
7062
6163
7147
6650
7100
7373
6960
6065
8683
7539
6276
7460
6516
6088
7466
6958
6530
7154
8689
6932
6422
359952164
7788
7001
6482
8126
6423
15598049
7312
8292
362150471
7550
8251
8502
8184
8481
7041
8048
7402
7300
8892
7062
7222
6582
7548
9114
6002
837777589
6782
8633
516491996
6243
7105
8339
6057
7744
6947
6338
8579
7364
7580
7126
6332
735093114
6297
6697
6343
9435
6920
6018
7364
6026
6481
8253
6871
6735
6203
7945
6354
6127
6659
8385
8069
8365
7716
6957
6954
98182500
8211
7172
8417
398179424
6743
6352
7018
9045
6543
6833
7314
69861
7198
6783
195241302
943432949
6788
9003
7153
6154
6345
8096
8878
6513
7114
7151
6717
223751007
6751
7228
7477
7715
8623
6733
6186
7059
48454621
8409
6386
7632
7258
7172
6916
6964
898328411
7097
9375
6997
6259
8418
7197
6726
6958
402857626
6534
6196
6031
8906
6010
626413535
7247
7243
6166
6290
510221428
6179
7971
8669
8037
6244
9269
7770
7598
871971401
972803564
6576
6499
882037098
7548
6021
7250
6607
6370
6645
7057
6112
6029
7606
7435
6974
7182
6368
6877
9243
6932
8671
6585
6038
7179
346100
8765
8054
6934
6076
555360190
7090
6083
6093
6400
6069
6097
7478
6788
7856
836324718
6199
7760
6316
7046
471017234
6499
6071
6460
8424
6366
7151
7447
6804
7957
6987
8100
7197
9395
7204
6260
6306
6577
6437
7368
511806280
6229
6738
6824
179115
7351
6665
338319295
6939
6070
6941
6288
7390
9164
8628
6214
6050
6409
6017
8921
6993
6773
6844
6079
7105
7567
6033
752952644
6932
7886
7650
392393182
8100
6928
7845
6748
6939
145186346
7709
6398
8433
7203
8406
650333526
6185
8590
6684
6636
8351
6421
8023
8528
7026
8169
6342
6609
8209
661854829
7023
8103
6951
7374
7033
6110
7481
6535
6171
6232
684402718
6823
8141
7817
6977
6946
6397
8464
8229
8494
7682
598429256
23693
8294
6070
7561
8494
6310
7805
874847133
6426
6801
7813
6138
8568
232958603
7309
7774
7148
8721
8934
927297571
7929
6359
6567
8053
6200
6734
6142
7471
6605
7385
7215
6476
424794
313426342
6442
6977
7162
8289
6556
7774
8692
7264
8456
6899
6274
7495
6226
6188
6551
6149
6469
7939
7432
8800
6770
6282
6129
8515
7593
6633
7989
6324
7804
7100
6592
7531
6736
7045
7016
6075
7843
6837
7169
6304
6505
6690
6373
6157
6412
6848
6508
7034
6553
9093
6148
663253842
7788
7193
6433
7107
9060
718369063
7515
9201
6327
50740849
6656
6612
6903
7556
6491
54156388
7136
7895
5447065
8466
220469779
7494
6028
6520
6369
8332
6324
7294
9225
6155
693833044
657641344
6130
6043
7133
7917
8088
7388
7846
9184
8082
7355
7661
6604
57707034
7240
413973958
8861
6559
7118
6037
6973
7598
7404
6988
491389620
120807543
7492
7621
7775
988860525
7788
6771
8008
6112
6881
7717
622781742
6286
7376
7152
6057
189462426
7344
8923
8600
471897796
7205
6877
6715
6711
839504953
8253
6476
7375
6047
7201
6815
8076
810007350
7221
6003
7508
7414
6389
6338
6744
6548
8106
9409
7268
8515
7797
701938131
8000
8699
620042469
6299
7261
8986
8601
7474
8365
8294
6836
6249
7801
7158
338033570
6339
7490
6562
8229
7835
7348
6367
7738
6745
6297
7155
8500
6207
6456
746476946
7084
8812
8859
7539
8223
7398
6966
6393
9313
8426
7653
8029
6203
8018
6636
454585159
582505649
734710447
7829
4323689
853237454
6146
6628
6418
595619721
6607
6820
6825
20209882
6984
7336
566257696
297336330
6267
7955
7306
6623
6949
6751
8128
7902
7005
8589
6004
6740
6128
6486
6553
7360
6613
7210
8106
9216
6060
8246
7487
7446
6553
7259
596973738
6920
8501
7207
6327
6407
8643
7531
8205
7303
6855
8045
6272
7975
7041
7073
6842
7894
6617
136968179
8032
9471
8109
6221
8823
6720
654361204
7344
7760
6928
7813
6341
9362
6081
9556
6379
9475
8302
6727
6517
7052
3058435
27642662
6783
7208
6314
8763
7802
6538
8131
6297
7323
270188874
8593
9033
8626
7439
6011
7129
7382
7184
6596
6745
7500
6794
7997
82530105
6915
6494
7582
619142974
7790
7213
6668
7868
6596
6465
6528
6972
6883
6489
7461
8311
6939
6054
6074
7264
8403
159793
8480
8657
8035
8337
7907
303007608
6611
7023
6007
8049
6971
477502109
9107
6581
8042
558529072
361388985
6141
8246
6368
6808
8047
8508
8440
7328
6835
7816
8836
7304
231428142
8617
7622
6430
6113
6052
480550072
6783
7935
6228
6161
7717
9330
7410
9430
9545
6017
7553
8055
9098
7266
8101
7554
7919
8811
6281
78855913
8058
7070
8483
8161
6119
9436
8130
6122
6568
8416
7898
8061
8363
9313
6757
6911
7760
7535
7569
6554
679765387
6035
6828
6157
7451
6942
8063
123385
7473
7970
8069
6021
9431
6609
6863
7886
6067
6122
6291
8161
6773
7644
6252
8276
6814
8754
6286
7350
8261
7476
7645
7126
14393
6415
735431505
6412
8275
6876
8318
6121
6805
333135572
8215
7181
9382
6817
6117
6136
6967
6438
8847
6283
6298
6094
8258
8202
7982
6687
8751
7207
7617
7761
6229
7106
6931
8794
7213
6438
6644
6506
8305
9386
8044
8090
6836
8050
6608
6012
9336
8110
6817
6477
7675
9065
8392
6055
6192
7206
6151
6367
7090
6871
6482
7630
6092
8039
7015
6053
7814
8771
7520
13342161
7165
7866
398407900
6752
9365
8207
7136
7503
7536
7742
530136299
6572
6674
7155
6870
6889
7091
9122
7411
116507239
6771
8847
6854
7690
7658
6254
6110
6811
698322938
6930
6252
7065
7322
6623
6776
6429
684670993
8628
7099
6495
7511
7895
6982
8509
7092
7290
7318
6925
6622
6264
6913
6464
6836
7270
6200
6229
6290
7726
7076
7467
7209
6192
6889
6011
6443
8350
8475
6216
6350
7088
7234
324241
7189
6818
301315164
6918
7668
6687
6349
6080
7126
7756
6628
8156
8156
7711
6471
7566
6143
7063
7891
6420
7523
7158
7972
70536
6323
426673409
8523
7142
7187
7992
7818
6579
94525095
7097
6637
6163
8981
8716
13020567
6490
7372
6531
7405
6926
7737
7264
7376
6817
7446
6482
7366
7965
874110354
6809
7561
6154
8326
8155
8138
44977
6138
7505
8272
8627
7970
6435
8171
7216
7233
6837
9000
8770
6639
6825
9274
7915
8215
6088
6621
7792
864431796
6088
7189
7008
6142
6324
8515
6330
8611
9344
6292
8068
7286
8300
7570
7458
8242
6217
6922
6194
8563
7123
9328
6437
8602
7284
6977
6276
8926
6053
7573
6195
6188
8969
992775824
7866
7289
8728
7278
7596
8104
8024
107675
6497
8225
6682
8832
6599
8478
7903
112199437
6841
2521424
290379290
7571
9498
6977
6439
8555
7326
8042
7003
7961
7394
6537
7004
6360
6545
34281
7111
14037473
6053
6847
129335
6234
6917
7381
6281
7923
6023
7876
8163
9420
443897123
7686
7300
7249
7808
7148
7538
6901
7081
7105
7433
6610
6851
8034
6639
9301
7280
7050
6238
7804
8664
7430
6595
8077
8784
8438
6597
6435
7105
6368
6497
6240
6111
6667
6235
8708
8266
6115
7246
7946
6894
7764
7497
6460
7921
7753
7015
8300
6867
6172
6133
6937
7750
7010
6923
755289028
8569
6277
6546
6089
7077
6263
8707
7667
8466
7627
6043
8114
6379
8134
7789
7886
7866
7164
8023
7965
6853
7743
6878
6029
8437
6091
8001
468873507
7637
7120
7226
6995
7096
9306
8957
7244
7264
6646
8164
7737
7531
8118
7771
7264
9065
6639
395307757
5739390
9040
7255
6746
8201
7180
7727
7637
6550
6305
7318
9176
6865
8716
6245
6049
7964
6106
7018
6316
8652
3634677
9050
6654
6057
8692
6243
7365
9397
9199
9537
6825
6863
6897
8888
8736
7590
8192
7760
6917
8393
8778
7848
6816
7127
6460
6107
7458
6119
8612
7079
7352
7947
8513
44269951
7300
6301
6156
7269
7087
7328
7178
8585
7370
6650
8618
9257
6989
7966
6727
7953
6845
7058
6008
6431
6660
8820
8945
6047
6150
7566
6716
9282
6468
7921
6193
8779
7581
6137
6924
7040
6576
7595
7652
7341
6290
6700
9390
7684
6353
9096
6649
6659
7316
475453
6196
7927
6672
6590
6908
6546
6535
7925
6127
6626
6570
7400
6211
6628
6022
6413
7645
9149
6391
8791
6113
8539
7724
8571
278405785
8699789
6074
6615
6175
8942
6364
6351
8657
6614
8267
7065
8139
6071
6199
6456
6029
113352383
7885
6716
6114
7561
6776
8102
6583
6096
6798
6590
7878
8659
7677
7742
7447
7475
8685
7078
8315
7273
7169
9393
7746
7714
10533073
8919
8777
6141
6966
8782
7320
7073
6991
7260
7805
518993482
6388
8803
9081
9655
8374
6360
7302
6125
6834
9178
8101
7244
7927
6409
7109
6655
18569132
7462
6021
9453
7128
8877
8600
6708
7722
6161
6583
6881
6108
7822
9344
7134
6041
6717
9549320
6712
6757
6326
6170
6095
9550
6844
6957
6040
6911
64581880
7244
7492
8951
6623
6381
7169
7436
8813
9104
8872
7226
8352
7265
8647
6808
7025
7047
6380
7202
624249
7329
8271
6289
6914
6815
809439779
7176
6838
7737
8101
70796283
6670
8067
6308
6302
6325
6792
7913
8053
6848
9682
7608
8308
6461
244659227
487748394
6239
7473
6815
850160724
7450
7636
6391
6068
8701
6441
8918
6014
6723
7829
901104531
208214523
7134
9077
9185
7234
8554
6718
6491
6591
6986
6742
7829
6923
6830
7203
6380
7862
7245
6077
8171
6614
7867
9240
6742
6503
6278
6966
8520
6108
7948
19179
8412
6826
8480
7904
6731
8539
7779
868312711
6991
9148
7607
6853
7332
6234
6209
6357
6256
7086
6380
8762
6214
6068
7949
6526
7881
6251
6822
7943
6975
7534
6775
8145
7483
6413
6046
6177
6251
6428
111483
6813
6942
7214
6260
6119
7453
7174
6656
6205
7906
7623
7478
7367
7724
7292
6931
8397
9077
8149
7780
8388
7651
7676
7487
8089
6989
7617
8233
7434
6953
8558
6640
6259
6853
9567
7998
7383
7468
8517
6416
7035
6114
9321
8800
7329
434366955
6269
6200
6459
7994
6513
6820
6270
9135
7004
6571
7475
7800
7342
7550
7376
8793
6465
7221
8435
85140
8094
7618
6484
7082
7984
9115
6423
6935
6764
6301
6693
6223
7425
6685
9511
8073
8334
6018
9254
6223
6278
8561
8141
7319
6529
6445
7834
321823400
8462
6517
6295
6523
8687
6487
9018
7712
6349
6679
9089
8548
7753
7416
7260
6153
7665
8087
8611
6422
6227
7366
9447
6561
6352
8499
9421
716633582
8594
6463
9145
6455
6448
7241
88181603
6043
8656
6122
7666
6094
6763
6082
7800
6797
6185
9623
8739
6011
8067
7174
7273
6637
7770
7901
6952
6851
6718
6160
7632
6925
6156
6726
6856
7413
7425
7692
7614
8496
6322
8840
6372
6854
6278
8095
8173
8074
7099
9590
7228
7543
6540
577516519
6935
7038
7819
7492
8799
8952
6576
6575
6861
7531
7947
6104
6549
8110
7720
820221
3640547
119647891
7035
7140
6925
8341
6576
6726
7050
6106
8985
7879
6873
6574
9611
7227
7081
8559
174118
6036
8056
6790
8574
7524
6134
7615
14359523
6041
9133
6309
7316
9842
7448
7054
8718
276763715
7321
6360
6018
7866
9153
855161397
8020
6186
8214
6379
6221
8040
6737
6318
7391
6862
8253
6263
7015
8456
9677
8008
6030
6325
7430
6995
6584
7809
6835
8942
8524
7213
7541
6760
7492
8868
9266
6382
6542
6053
9209
7953
6656
6514
8041
8477
9243
6626
8777
7656
7449
6588
8478
6596
8202
7101
6453
8165
7375
7399
9401
8209
6757
6509
7409
6928
6488
7664
6421
6309
7151
8913
7270
6334
1613304
7261
7083
7177
7415
6106
7282
6066
6734
7977
6692
8515
6407
6340
6773
6949
977736126
6215
6420
6348
6696
7305
8460
9013
6663
7787
9418
6218
8049
9023
7043
6618
8631
8754
6995
7785
8909
8606
6408
6056
7829
8497
6939
6684
6729
6064
7368
6052
6968
6325
6543
8402
7472
6997
6530
7697
6112
6940
6217
8824
6994
8327
7947
6865
6655
7933
7344
7891
6684
6972
7933
8071
646761
8111
6232
7885
6660
6141
6064
7607
6584
6646
7581
7180
6360
8457
6947
109766192
6754
307479
6799
6702
8275
6392
6270
8614
7246
7942
8901
7006
640029389
7111
8036
9443
6493
511892507
6092
6668
7601
6945
7371
7453
7890
8002
6652
7232
7553
7266
6953
8399
7120
6541
6508
7950
7454
8736
8077
7286
6985
6091
6117
7199
7061
8224
686490842
8569
6657
6968
118273637
6933
8847
8498
6192
6813
456237397
9202
8102
6989
7963
7228
7924
6657
7967
7137
8981
9168
6985
8670
7142
7258
7314
319148682
241296281
8347
7379
6043
6291
7236
7489
6397
6194
7136
6398
8955
6273
9264
9384
35674994
8915
6190
7156
7647
7035
8130
6227
500462515
6943
6632
7805
8647
19737
854941
7024
6795
6952
8553
7099
6409
8966
8073
6059
8459
9286
6402
6370
7328
6438
7276
7122
8162
6040
6005
8662
6233
8574
147123
6606
6169
7116
6322
6192
283172192
7067
6459
6357
6032
9500
7524
8411
6373
8298
9045
6749069
6218
8834
6647
6655
6584
6080
7537
6274
8165
7968
6703
6835
6329
6701
8697
8269
6457
359447544
9248
7125
7149
6597
6806
8334
6034
6813
7353
6817
6369
6686
6921
6688
7483
6454
8112
7058
7817
7339
7053
7999
7436
7406
6556
7150
7177
6086
7339
359056259
8818
6770
8666
6558
7143
8235
9378
6197
8239
8017
8622
6531
6244
6486
6772
7701
118785
7368
8707
8369
7784
6810
7329
6080
9245
7222
9707
8379
8294
6269
6218
6583
6690
7106
8979
8029
7361
6942
7841
9362
6991
6454
7740
7098
8289
8113
7251
8742
6786
6715
9027
6398
7740
8914
4849461
6543
7851
7039
8217
8009
7665
7664
6879
8698
6226
6570
6318
6637
7770
7502
6173
6272
8140
6185
6085
6613
7167
6502
6391
6688
7055
7753
7131
6498
9597
8980
7992
7934
7291
7887
7169
7649
6947
8926
6883
9381
8904
6789
8630
6331
9253
7379
6629
6029
7448
6749
6455
7362
8322
8767
6262
503427555
6039
7197
9554
8044
6478
7294
6750
7319
6248
8688
7612
8134
7917
7112
6172
8315
8007
6467
7448
8698
8631
6133
6468
7205
6374
6862
7570
6378
7184
6232
6193
366331
6003
6035
525165224
6329
6957
7306
6242
8924
6255
8671
7233
8818
7183
7974
6430
6815
6668
6303
6305
7523
6010
8420
6121
7298
7340
6441
6801
9357
6283
7374
6770
8408
7142
7029
7015
6007
6429
7278
6308
6978
8321
6756
8202
6076
8518
7781
6838
7877
7639
8519
8538
6124
7978
7157
6411
8771
6095
6332
8417
6064
7284
6029
7989
390718796
6083
6037
8736
6247
6255
7137
7507
6336
6243
6550
6536
6424
6436
8421
6212
9247
8835
6313
8119
6323
6823
6705
6560
8240
7725
8792
6974
6084
7299
6852
6557
7191
7450
6262
6501
8107
6004
6564
6414
6319
6301
6258
6333
6967
6134
6499
980715997
7073
8338
6184
6336
7752
7981
8478
8923
6739
6487
6755
8642
6180
18087
8832
8196
7352
7029
9549
7038
8102
6915
7420
6496
9085
6192
7369
6699
6335
8061
7888
6647
7839
7783
6219
7417
6611
6259
6660
8181
7058
6031
7481
6740
7815
8758
6669
6140
6233
7614
8162
7107
96713558
74246
7822
7809
81050
7416
7363
8862
9227
8496
7339
7477
6887
498269
7461
7643
9261
6534
8240
8463
7781
7000
143317211
9802
9052
980993570
7346
9256
6267
6270
7255
6493
6902
6786
9253
6173
7469
6003
6683
7060
6682
9257
6932
6924
7856
6140
7725
6753
7572
6333
6612
7117
6595
9765
9066
7341
6513
6249
6253
8653
6717
8356
6597
8763
7054
15753
8747
6789
6617
6347
6247
8297
6407
8299
7838
8139
7874
7458
6365
6857
7419
6719
8069
15149
6161
7798
7558
6472
8005
7643
8025
7408
6403
6192
8715
9233
31469
6243
7210
7032
8445
6970
7886
8355
7213
7925
6916
6105
6170
6676
7811
6358
6025
6234
6864
438524968
7359
6697
8270
6671
8384
6701
8198
8864
7210
7565
7879
7428
7701
8355
6605
6071
6189
6159
8504
6768
9134
6398
6921
9527
6461
6203
348107322
7399
6345
6720
16566219
6163
7328
7301
7080
7826
6017
6286
7152
6919
7257
7486
6344
7433
7572
6563
7005
8872
8815
6791
7109
6539
6326
6750
7351
7814
7089
6850
106772801
6512
55299
8953
8736
6471
7380
7958
7109
8283
6191
6536
6362
6337
6150
8812
6033
750495320
6834
6325
8643
9343
7724
7948
6521
128409
7685
8420
7534
8339
6198
6687
7774
7020
6617
7511
6170
6564
7633
7630
7708
8412
6563
7045
6243
6785
8087
7526
7027
6704
9014
6904
6774
1602961
7748
8821
6113
7569
8360
6740
7134
6366
7761
7925
7294
8471
9084
8643
7288
6242
6479
8071
8462
6847
7830
7021
6589
7058
6265
8579
8493
6544
7488
8290
6131
6525
8040
7997
7017
8721
6209
966429911
6844
8240
6828
8343
6949
8357
6094
6369
7105
6984
6852
9211
6726
7032
170295
6390
7990
6293
8443
7711
7969
6989
6023
7576
6515
6293
8749
6084
7197
10045816
7755
6866
9164
8786
6620
6486
7217
8271
7763
6769
7458
6028
8760
6674
6102
7563
8715
6984
6522
8913
7127
7338
8188
8150
7465
8147
7124
6221
7347
7919
9149
6159
8809
8991
9097
9149
7863
6224
6074
6328
7533
8632
995092831
6366
470907897
7856
7428
7614
8468
7680
7161
6594
7277
7148
6063
8768
8143
6692
6382
6295
6038
6591
7546
6591
8196
7186
6317
7088
6819
6311
6442
7622
7812
7674
422589
7956
6222
7275
6274
7094
8749
7546
7736
6887
8642
6597
6662
9590
6187
8792
6689
6282
6865
7433
6194
7208
7766
8766
6337
6396
6748
8181
8186
7321
8201
7839
6878
8710
6031
6676
8197
7257
9143
6518
6583
7586
8607
6061
6094
6724
7271
6063
8433
6401
7223
908475
6653
6215
7519
8489
6113
9277
8168
7200
7832
6391
7051
6626
7656
8788
8479
8314
6798
6417
6016
6266
8492
6741
6342
7677
8130
6179
6148
7348
7902
7816
8386
6980
8409
6612
8013
6108
6263
6751
8066
6754
6411
7903
9151
8924
7744
414417
6458
8800
7360
7835
6427
7161
6380
7062
6348
7343
7921
6059
6029
8454
6519
6015
7835
7134
6388
7576
6237
8314
8724
6534
6815
7337
8778
6548
6883
6051
7938
6736
6186
6428
8947
6801
6025
6090
7659
6506
9443
8595
7556
8324
7379
6192
8316
6748
6901
15186007
6697
6912
7389
8103
6945
9603
8162
9144
7527
5722425
6237
6450
6242
8137
8673
6399
7736
7417
27591
6067
7986
8008
7517
7362
7391
7920
7636
6009
7428
7919
6171
6135
8077
6787
7177
6839
8270
9736
6620
6389
6558
7764
7196
6797
6314
7043
6691
6351
7019
6778
7485
6753
8943
8266
6849
7109
6186
6788
6066
8026
8042
8594
6624
6176
6398
8200
6822
7417
6911
8194
6008
9434
8018
243609293
6913
8128
6629
7747
6425
8695
6782
6420
7044
6346
8144
9106
8968
8508
6781
9342
7522
6323
7568
9131
6079
8599
7399
8227
7468
6489
8533
7866
7412
6673
7003
5470740
6666
8570
6823
8109
7261
7653
7175
6951
8046
6897
7946
8865
7447
8023
7527
7220
8354
9099
6394
6551
16809
8977
7666
6160
6016
7930
6262
8061
6126
8788
7863
7959
7622
6317
7039
7268
6282
6754
7729
7507
8017
6917
6313
6741
6085
6939
7558
8155
7170
7401
6043
9516
9039
6941
7669
7629
6575
8340
6082
9457
6248
7154
6951
8294
7874
7301
6691
6627
6094
6376
6873
7739
814998746
8864
6749
7143
6215
8200
6114
6222
8181
6778
6574
7452
8315
6178
7563
6812
7509
6030
6988
6893
6228
60660885
7794
6038
6134
7292
6182
9380
7717
7841
8405
8878
7350
8491
8835
6307
7489
9284
8576
6973
7592
7092
6663
7816
6509
6267
7289
6148
7323
6078
7569
6356
6439
7435
6424
7146
7262
6779
29011
7642
6846
6565
8041
265125692
6203
6067
7833
7554
6374
6260
7626
7122
8140
8702
8644
7753
7516
6701
7490
6545
6798
6116
7739
7078
6100
8754
7378
7245
8680
6213
7826
6238
7588
6793
7087
6601
6479
8265
8245
6585
8670
6380
7819
8240
6174
6369
6781
7599
30784649
6815
8077
7985
6604
6334
7762
7435
8875
8809
7997
8242
7399
7736
8224
7050
7608
7794
7042
8614
7778
7875
7897
7311
7246
7597
7502
6690
6469
8226
6641
7563
9029
6162
6442
8414
6150
6697
6179
7975
6124
6179
7002
8865
6180
8838
6442
7005
7388
7144
8277
9137
8552
16619
8569
8146
6902
9318
6832
7502
7229
7732
8402
8006
9542
7298
6326
7427
8393
6205
7412
6755
8581
7727
7119
6106
7061
7773
6200
7054
7998
6782
6304
6833
6294
6157
6890
6204
7142
6732
6207
7002
7796
6778
9252
8659
6883
8876
6723
8578
6669
7384
6360
7645
6334
7666
9142
7087
8433
6026
7747
7550
7287
7826
6326
7179
7636
6256
888731
8892
6864
6064
7630
6464
6755
6642
7262
8338
7314
8098
6658
7957
8206
9016
7201
6648
8959
6356
6502
7355
6550
6219
6387
6452
7184
6737
6713
8539
9519
8866
7414
7125
6763
6335
6861
6614
9768
7287
7821
6521
8318
7491
8353
6891
6352
6916
6536
7935
6995
6283
9256
6239
7611
6501
7891
6074
7032
7245
7595
7880
6578
275933270
9664
7253
6440
6549
7846
7158
7464
7803
6348
7629
7381
6329
6311
6654
6764
7911
7754
7823
8937
7803
8635
9827
7298
7975
6769
6033
7732
7842
8500
6882
8279
6495
6723
7380
7050
8556
7639
6669
8665
6192
8548
6993
6943
7576
8619
9778
6866
8256
9315
7763
6044
6130
7076
6259
7321
6513
6842
6634
8159
8209
6202
7426
6175
7109
6915
6141
7228
7174
9217
6201
7611
6940
7257
6724
7722
8361
9228
7265
7245
7594
7565
6800
6147
8870
7054
9390
6157
6471
6066
6297
6989
6980
7437
7189
6853
8218
7367
7827
6364
7728
7402
7985
7062
8340
7427
6648
8286
6759
6050
7204
6528
8733
7425
7250
6974
8520
8486
8028
6463
6369
7220
7397
6268
6210
6916
8948
7014
8166
7700
6508
9132
6271
7320
7903
6409
8548
6607
6642
6062
6337
6943
8348
8353
7872
9786
6256
6102
7698
6235
6809
7245
6289
8218
6126
6149
8790
6861
7505
9390
7117
6658
8316
6879
7634
7680
6909
6991
6723
6065
6566
7403
9511
8744
7801
8151
8402
8920
6695
6309
8954
7900
6397
8341
6088
6484
6638
6571
6549
8365
7491
8317
6831
6293
6203
6651
6380
6406
9828
8375
6453
7572
8143
7109
7207
7547
6924
6834
8152
7712
6756
6288
7359
7889
6304
7272
6874
6095
6749
8658
6545
8280
6361
8992
6428
6590
7845
7264
8665
6557
6558
7072
6196
6146
6383
8391
9012
8123
8288
7956
8741
6779
7682
7374
7358
6942
6656
6235
8919
8473
6416
6425
8617
6306
6943
7230
8189
8049
6344
6932
7783
7424
8098
6467
6335
6480
8428
7266
6436
7074
6680
6839
9668
7935
8327
6638
7091
6218
6337
6693
6909
8615
8516
7052
6157
7482
7168
8039
6835
7508
6069
7901
9020
6671
9090
7343
7247
8145
7101
7520
6095
7526
7497
7852
7324
8128
7228
6165
6720
7816
6752
7110
7335
6110
6037
9081
6714
6719
9835
7300
7226
6131
8792
6836
6399
6165
6923
6242
7081
8618
7132
7313
6727
7819
8324
70825079
7677
7203
6400
6656
6309
6919
6192
9281
7092
7999
7543
7257
6501
6450
6033
7649
6003
6247
8628
9317
8179
6398
7163
8313
6677
6154
7347
9211
8464
9408
7320
6017
8618
7740
8050
7871
7181
6794
6385
7962
7995
8956
8889
7055
8298
7258
7566
7589
7498
9900
6641
6706
8748
8281
7432
7944
6238
6426
7860
8833
7630
7014
7270
6636
8655
7108
6695
6022
8920
8202
6703
6197
7617
6023
9024
9112
6443
7109
28116
7815
7272
8892
7580
199853
6820
7243
6632
7244
7460
6393
6813
8638
6246
7293
7256
6852
7800
8100
6561
6413
9243
7344
8464
7015
6592
7703
6550
8995
7895
8777
8383
6324
7517
6431
7246
6568
7878
6954
9035
6359
9555
7032
6705
7453
6552
8067
6097
6200
7250
6718
7541
8086
6333
6999
6305
8784
6887
8432
6337
8313
6222
7538
7574
7659
9114
7404
6968
8021
7210
7015
7353
6138
6294
6622
7364
6520
7323
6708
7907
7156
7418
7704
6605
6902
7790
6045
6680
6644
7647
9043
7964
6073
8072
6219
8755
9350
7458
6964
8996
8559
8678
6178
6558
6656
6663
7524
8986
8112
8351
9050
6441
8715
6253
6531
7039
6605
6323
6925
7729
6177
7959
7793
7815
7321
7008
45374451
6474
7062
7917
7457
7623
6708
8536
7266
8036
6454
6780
7431
7725
6501
7155
36826
6814
6654
8837
7058
8251
6251
6212
6551
7531
7236
6125
6164
8984
8771
7677
6812
7127
6114
8828
6847
7705
6058
6387
7778
7247
6322
6669
6180
8779
7263
8796
7221
6690
8985
7999
6910
6101
8596
7745
6798
6286
6749
8656
6221
6572
6778
6203
6941
8849
7129
6254
6345
7414
6129
8676
8722
6094
7217
6321
8781
6709
8637
6103
6208
6258
8548
9276
7776
7927
8115
7052
7199
9094
6708
7178
6346
7333
9056
8769
8610
8159
8902
7539
7399
7442
6829
7980
6235
6895
7541
8644
7449
6246
6133
6227
7919
8024
6381
6735
6216
6710
6029
8696
7604
7795
7553
7856
6205
8795
6893
7095
8994
6208
6672
6123
7278
7135
9046
7224
6524
7705
8126
6718
8093
8349
7110
6023
7493
9328
6228
8844
7184
6054
9392
9237
9328
8436
9078
7204
6890
7715
6072
6803
7187
7732
6008
6761
6050
6202
6337
6234
6215
6654
8812
6169
8437
7045
7532
6304
6911
6977
7476
7259
8700
7015
6508
9170
7257
8682
6761
6669
7225
6466
7482
6039
6374
6968
6440
7323
6371
7165
8311
6142
8375
7069
6650
6172
7728
8316
8790
16731
7837
6479
6205
7185
6487
6840
8874
6687
6285
7390
7207
6833
6290
8973
9248
7401
7192
6028
6202
6746
6808
6996
6102
7065
6620
7993
6130
7164
6549
8273
8399
6942
8893
7225
7930
6499
6676
6334
7544
6626
6972
8746
6185
6806
8697
7349
6790
7908
9714
6018
6261
6855
7920
6397
6995
6483
6447
8785
6352
8861
6181
6988
7613
8217
7715
8002
7124
8651
6022
6087
6163
6463
7084
8536
8868
7075
6279
8700
7128
9249
6111
7909
8078
6053
9715
7069
7844
6941
6980
7719
8172
6865
8213
6632
8147
8920
7211
7869
6159
7912
8859
9190
6624
9177
7283
8145
8023
8498
8148
6141
8153
7053
6403
8143
8121
6978
6908
9505
7971
6808
8152
7864
6423
9077
7381
6349
7334
6452
9113
8757
8823
6648
8572
6210
6106
6959
8268
9347
8019
6183
6137
7984
6893
6182
6875
9124
6460
7724
7465
7706
6266
8594
8220
6730
6033
7085
6838
6045
6535
7123
8653
6740
6527
6248
6374
8259
6738
7596
6080
7290
8519
6848
9051
7889
6888
6454
8063
7233
7486
8944
8420
7000
8619
6608
7244
8187
18439
6101
7794
7224
8385
7223
8231
6941
8282
6116
6647
6821
6398
7666
8693
6023
7172
6249
6109
7203
6492
6953
6087
7159
7992
6891
6740
7362
6729
6983
8986
6490
7619
6523
6070
6088
8441
6183
8156
7780
6251
7451
6842
6121
6356
6346
7305
9504
6108
6986
8415
6379
6732
6943
7374
7025
8666
9609
8895
6934
7200
6946
6401
6159
6799
7126
8059
7277
6059
8387
6127
9291
6516
7400
6232
7866
7211
7543
7320
7154
8431
9514
8588
6850
6671
6028
6446
6470
7008
6972
8117
8112
8134
6955
6821
6639
8875
6187
8479
7318
6558
6108
7304
8750
8549
6734
6445
6343
9870
7982
6838
6419
7817
6425
8653
6739
7271
6465
8259
7423
7515
7300
7781
7935
7864
7447
6439
9031
6542
7998
6655
8603
9174
6754
9201
6352
6572
6601
8816
8825
6241
6157
6216
7472
7732
6540
8400
7575
7189
7956
6537
8001
6952
8075
7695
7479
8761
7448
7625
6520
6283
7149
7622
6875
6568
9731
8378
9229
7052
7183
6176
8065
7786
8110
6222
6845
9103
6398
8818
8984
8417
8369
6589
9137
6011
8513
6586
7579
7493
6898
7033
7023
8696
6311
6022
8148
7814
6341
8161
6144
7429
6900
7124
6302
6681
6996
7470
6475
8254
8859
9052
6552
6431
7208
6825
7313
6119
6846
9259
6169
9277
7020
6876
7249
7662
6310
6316
7566
8737
6197
6978
6775
6029
6147
6118
7921
8245
9073
7993
6394
6281
7013
7113
7285
6307
7312
7107
9109
7876
6401
6719
7361
7081
6255
6338
7470
7659
7825
7485
7889
7944
7589
8429
7719
6901
6709
8372
7619
6124
8840
6647
7245
7339
6502
6402
6527
7146
7583
6282
6634
7092
7989
9410
7498
6911
9582
6838
6860
8085
8361
9463
6200
8742
7078
9272
6767
8986
6859
6095
7487
8408
6906
8396
8666
7760
9742
7960
8000
6262
8964
8695
6983
6120
7148
6619
7923
6519
7192
7419
6231
8308
6967
6902
6699
7865
8882
9144
6482
7983
6278
8297
6949
6916
9498
6588
6983
6202
8051
6249
9837
8966
8706
6411
6092
8113
6399
7308
6041
6580
7052
7425
7993
6653
6670
6411
7841
6559
7009
6375
7183
8429
7488
6561
6606
6353
6166
6432
8827
7833
6977
9620
8628
6424
7245
8957
6186
7141
8246
8258
6765
7428
6643
6045
7643
8271
6690
6326
6127
6950
6115
7276
6120
6592
7416
9341
6963
6625
6581
6570
6106
8035
7870
6057
7637
7527
9556
9583
7626
8698
6281
7131
6718
6184
6648
7299
6850
8023
9236
7171
9062
7353
6913
6024
6287
7633
6683
6262
7394
8664
6492
9837
6754
6812
6332
6643
7757
7803
6288
7206
107353111
844514049
640916497
663068537
165
306412834
156560846
262453006
789660924
152109322
126523012
533033510
164082090
592620295
797830154
236228976
748288929
751935328
3363
694452396
721380614
267452819
458893041
112924947
935814285
524314036
1106
1504
859822981
4865
30478929
181704198
504316497
236297706
473
1199
5265
177862283
663114138
284928993
100376671
984302211
4950
261170925
591750238
1882
476570127
858774130
722879775
195
379382350
809816537
22455382
514299624
713
779744196
585953804
840838377
269256631
960060953
210797280
245
770477259
649
2612
3472
375278721
1631
468
415237361
362576111
2814
99748325
103523
2459
202
379537057
271979011
178849701
863211406
816374183
1092
1777
61146287
290087590
1748
242
995820936
3202
4490
1299
413860793
908437071
866
445317471
538896406
784378684
565290341
299007387
278
625760473
92929284
295
911889715
2234
873690990
677702599
1427
60
643853339
3828
3578
3000
193
881
302
2981
6338
1673
1626
557825421
2526
994656208
2449
646403159
1816
242955377
502
549
2149
938107083
63977393
124935540
369550878
3848
187254544
490538225
690
6412
84169764
1367
754578042
835853184
560539320
4320
891
5134
254117080
865386649
2798
896
4423
2392
737240488
485692354
137
2259
27074882
252943136
439303823
1654
429079076
1968
3181
8
192392496
814565248
543706956
3992
218751327
3516
851145594
5191
1628
2298
7684
1866
5701
4878
2470
3721
4173
658
749
687
5037
7955381
4212
706
1258
3886
3253
3921
337
1958
7287
92
7386
164
6748
388857207
91
6050
1574591
2702
5480
420
1441
2412
312
6503
4830
2349
6521
3115
132
2822
161
5152
1523
2354
5776
2286
739
6803
7590
257468385
2154
1772
6319
2671
5468
3411
7116
6001
3783
4018
7100
1029
3578
2256
2153
3575
4895
3123
4374
942031618
6949
1312
2864
2965
4375
1997
6122
2992
5027
2172
8211
2842
446
235
6614
2617
907
8231
888
1544
6807
4710
1015
2659
3531
2982
862
218
5613
7830
1838
761
260460507
2466
118
1726
1570
8935
3033
5687
492612316
4363
4613
1330
1740
4201
448
753
821
1748
741183967
2554
817610228
198
36
1519
655421623
5863
1145
5457
4472
3874
3881
3997
5092
451
1596
2465
6575
8442
3026
2370
1454
5328
967966111
839
1725
4720
5001
2158
2304
1251
5240
119
1729
7663
145600188
702
193
1058
6114
1646
660
4331
5573
1113
2777
184
6631
845
2419
227
3852
2339
816
2801
6050
315
1110
393
5112
3685
997
1921
7736
7081
339
1638
2717
67964760
7933
110
1197
6189
5512
1163
389
4444
218
783
196436432
1395
1055
322
1321
1048
1064
2207
3584
6201
4292006
3429
5469
40
701
6504
1031
3643
2985
1639
3247
4466
614
2103
1114
83562
1595
5667
35
5998
2936
2147
230
872
3169
3114
5695
7092
3063
1190
1886
2339
2586
1492
3982
2963
1354
115
725816073
1185
3728
5254
1947
1036
4511
1653
5575
984
5962
5106
2965
2559
2339
582
2842
282
975039313
2181
5788
3861
1780
5662
669567504
1334
1191
3606
1038
980
6611
1530
4564
6807
4042
276763497
5276
4691
5332
6145
5779
2156
1671
2728
1687
1313
882
405
4966
6830
1763
651764879
948788551
2245
4632152
843532078
1733
6181
828884133
2229
2433
842396438
7776
378091331
1902
5146
3558
828
1790
1742
827
925
1302
1759
1514
1895
820715182
2911
439678091
133279111
969
6605
6195
206390299
2526
2560
397
386896321
4283
1423
751180803
426
3555
182759755
694
5333
5359
6369
235
5073
6458
570
1139
257
5009
3563
3683
3672
2429
3329
6635
3237
6155
16
1095
1316
1595
1600
7610
1236
988916084
6787
4425
2721
2157
3901
4185
287
5321
5447
3263
1543
1737
960247068
1918
4899
4504
7950
7159
2245
4570
1592
1831
1167
3626
1956
627
5403
4414
202
4439
464
1987
4757
4207
5150
5445
740436629
317
706
2097
3332
1754
8856
7362
4984
330
7050
36
447
503
4431
8356
38
5734
6912
5607
5079
2205
222
2058
6060
5225
3387
927
984
3915
1328
5737
6281
43609278
2504
5901
570
7510
3460
1444
802
5855
874668684
1479
4510
4614
1257
3655
872805470
4366
1646
302
350
2994
373
1244
2997
4284
551
1976
588
882
4667
2951
901
5345
890
1867
2034
2428
7366
1619
930
4168
3580
4243
84
1552
894
3728
5350
703
34
1576
5670
1357
7357
2005
537
1350
3086
1470
8110
1802
2783
2283
131
266
5159
1578
588
5685
1663
1035
2825
4788
7108
8358
1037
1037
2863
2358
6172
35
339
2914
4881
7690
8951
3754
3274
624
543
7161
6765
1514
105
1547
438
2471
5422
5849
1997
1267
225
6674
547
5107
3519
3965
1903
6480
2805
4669
5430
3766
4315
3891
4151
8343
8143
39927
2994
5858
3792
287
954
2474
6416
917
3367
8826
4865
682
5726
1408
748
1772
5
5504
1185
580
1831
1710
6294
4888
1248
3414
2705
7153
6464
5112
3595
4853
666
1011
3711
8183
2541
633
5263
1173
6436
4207
4804
1985
520446301
2014
512
2559
1540
5827
2462
3081
872
9172
5476
528
2134
3729
1596
6110
3897
7898
474
1042
2087
4348
5319
3190
2542
5279
3859
4969
8508
188
5091
5649
1438
1814
713
6645
3523
3135
4288
1645
4148
8644
1189
424
7816
2599
1859
2597
5325
5430
5597
1849
4265
359
2818
6903
2117
4670
1957
9338
5012
524
1366
894
2887
1610
1838
6523
280
2472
25
6943
2210
1531
4936
6303
1515
1413
1045
6379
2144
1349
3536
1168
1824
2854
1101
6816
358
3063
649
5514
6136
2136
203
1839
1207
3282
1334
5477
4357
1689
7683
4584
2246
7603
5568
925
8262
2111
961
181
3014
5046
817
3222
2544
2785
2859
4862
1316
2183
366
2995
4534
3307
4502
9654
576
3115
2047
2999
5413
4732
8611
5996
2049
1310
2590
669
645
3487
1338
2340
7971
759
8893
4411
3365
5525
2728
8511
929
5341
9656
1440
2896
628
2765
3729
5353
2594
7186
7723
2138
6972
1952
890
2655
672
809
2059
6049
4729
315
330
3724
1329
6725
1167
477
2329
43
1260
2791
1986
1378
4083
393
106
8209
392
543
1522
8963
6680
6075
5622
3899
4735
2919
761
5796
4446
1289
1445
6081
1290
1416
2751
6509
4628
4493
746
482
6493
936
5333
3493
843
6475
4542
4470
7957
1932
2282
8708
2340
5099
1910
8009
4675
3094
4020
2797
1986
1933
2920
5799
5761
2402
2515
2125
2525
252
3427
2922
4472
165
3363
636
2088
4827
2616
645
3971
4112
1753
3904
2010
2407
2798
2386
72
4876
4327
3899
3818
2219
5480
5451
1303
752
2245
6668
1494
4554
8925
6828
2194
5514
3354
5737
5836
357
2681
2736
5143
3095
4657
529
2689
4109
5401
4752
1898
203
6503
727
7794
7296
284
2517
9004
1414
4252
4347
7722
1257
175
5617
126681894
4461
3578
2952
8929
624
4395
609
1051
3332
5720
5423
719
2547
6138
536
6405
1067
1718
44
2159
3321
2134
2495
5079
8855
3170
2876
4327
1857
6612
2336
5994
1210
355
1503
550
4315
244984582
6029
2248
3016
8277
3755
3402
2397
2400
7643
8396
4842
3235
6589
1915
7571
4534
1830
3419
5709
1285
1954
161
5328
1633
353
2706
3419
7225
925
5032
7674
5946983
3841
6654
2825
1746
3946
1120
6520
3146
3236
1756
698785416
1422
7487
322
491
1284
5704
7295
1004
313
1908
6886
3550
4581
2095
587183234
3165
5883
3578
2004
1203
9201
2936
1766
3958
8090
775
3156
3527
4907
1757
1242
569
2944
4562
8654
4440
1746
3806
3562
3997
402
1490
6403
4259
2219
4268
44
469
709
7274
668
4536
5259
1797
1606
2377
5560
92
7917
514
4856
603
4525
5856
5102
2748
5179
5755
4935
774
1934
7993
1204
1951
2085
2509
3940
590
3693
1820
5595
213
2169
1368
4345
7070
3122
1503
7304
7722
3693
7217
779
3435
5638
4056
639
1262
5315
3128
707
6983
1531
1676
6351
875
7212
6447
805405508
7378
2674
1273
1537
1085
3103
2459
3112
4313
3222
1121
2812
7930
679
3368
3848
260
1802
5000
2274
5714
9244
356
4664
1286
3561
1619
4207
4001
7021
8443
280
2578
96
2731
2269
933
629
3419
8009
6759
7194
2697
366
4318
1175
3327
4533
1043
9404
2729
6480
2081
875
6841
2320
2412
2330
1688
8015
5758
783
1278
2015
2603
5331
5103
3501
1218
6854
405
8391
421
6506
6399
4392
237
1241
8039
2692
7847
1513
6324
1977
1104
2466
213
2835
49
6865
2089
1759
3983
2970
1984
3809
2686
3825
7910
1188
148
318
3993
616
6723
351
7278
9035
815
5554
4490
3908
290
873
2144
2171
3584
2727
6865
541
5714
504
3988
1273
6484
7348
2842
7275
1237
5215
3560
1881
2617
3031
5851
5607
838
1954
1216
171
2851
251
406
25420273
699
5972
1583
6121
2232
4183
2818
364
2298
8560
462
8268
1562
2795
925
8236
1897
4632
7670
436
6196
7099
5983
73
511
1231
5898
7080
2335
7572
861
2230
6416
119
8708
547
1728
6976
3000
2875
261
6750
4292
1931
3776
4578
1113
5727
8846
5409
1180
1533
1335
5848
1935
345
937
4120
149
1108
3516
5746
4462
1083
1380
6637
5372
3321
4980
746
840
3628
6411
4560
5650
552
4403
3005
2706
1397
873
2557
4817
3621
2505
844
5188
191
3164
4386
5691
1390
6301
4380
7829
2432
2356
643
3678
1528
1688
1642
470
5258
4385411
60
2289
3729
3594
3753
324
2083
1527
5886
5508
2714
2995
1693
179
3229
4559
121
5623
2006
5108
4771
813434154
5671
3843
5011
3285
4758
3065
4915
4954
7675
8673
2280
310
264
8124
333209739
1687
831
2656
1332
313875764
7469
7798
5896
7756
8522
83
8099
1976
1506
1840
3655
1173
459
6536
1038
1260
1010
1030
3996
3729
2696
3520
3641
6002
8092
4284
118
2860
284
1668
56
3253
3284
3148
3965
4133
4040
8171
1194
4549
2399
2485
3463
1631
5659
2141
1517
1386
166
5677
8314
803
1087
3998
2327
266
1891
2517
8618
4190
6682
370
2454
3684
4425
457
738586229
8388
4449
5527
7220
1945
6892
4764
178
3226
176
177
5253
1231
2907
824033622
8473
1062
7503
682
732
412
4492
3602
3220
1109
6554
99
640
521
1174
27
7197
7298
3759
1712
6384
325
1284
777
319
356
4323
5486
1860
6330
6235
6625
422
5587
6013
3101
2265
745
2056
1171
7958
3594
834
4939
130
718
1935
5571
2615
6142
2520
721
641
894
871
7327
2208
3217
848
2385
2411
7616
3140
4400
881
2387
771
7891
1503
2241
1643
269
1788
2245
3920
2875
745
6675
386
2701
1278
1792
3006
507
869944876
1795
1963
4188
782
6217
5280
6643
4376
6217
1694
4392
2005
1295
629
3331
4596
3500
1875
4171
7578
5653
1204
8995
2559
587
887
48
1733
5301
1702
6077
4641
4993
629
341
6195
3319
645
39
4209
1657
3019
4649
7045
2449
2386
6394
398
708
4888
2711
2705
2663
148
368
102514227
308
232
2974
2364
1583
4144
1622
338
1016
4743
2071
2098
462
2628
4806
763
3797
2357
2007
1727
4092
7548
6608
869
1025
1306
5150
5655
8243
5358
2554
5704
7188
3319
4570
7412
1647
4020
5272
1907
4594
2120
1870
780
1969
84
3843
5045
563
1346
2006
1406
5956
1760
6179
1138
2167
3985
2612
794
1534
7133
1067
918
748
2308
1219
4693
1187
7664
754
6765
7262
7250
6131
1571
1672
2487
8354
272
3313
4423
3278
3226
4344
6948
3351
5690
181
4078
1027
4604
6008
5443
2007
6940
6323
7619
5535
8322
8956
38811016
3739
1136
7612
8322
1707
1349
6625
1867
4340
4516
235
3091
2190
6082
88
2281
6342
4114
759
4871
295
1848
4607
270
5172
4881
4780
5084
3819
8735
546
5382
7706
2491
2103
1179
3626
4060
5300
1116
6488
4445
5552
1134
4938
82
2831
868
3382
3975
7701
7050
2632
1179
3444
1404
861
2228
5099
6661
5179
8350
3450
1513
4707
2411
5832
2522
1270
4352
7802
2932
2437
6920
832
6425
2352
1151
2298
553
4920
322
608
7608
2033
466
2351
7336
5318
5231
6586
2588
6007
3222
1226
7409
2927
3573
508
3478
3462
6936
4109
7811
5425
4004
1777
5703
130
6632
3931
4060
1112
4129
3188
3529
4593
1154
7221
4044
626
1474
2869
3477
7209
174
4127
9782
3911
365
4311
1580
188
6609
9286
4154
2650
682
4722
4136
600
5810
2751
5446
1152
1862
1257
272
7421
59473337
1160
916
2875
1189
1175
4831
3996
7011
5365
3049
2083
6936
3890
15
364
718
488
7321
6863
282
8564
683
2120
7834
5658
4389
6368
466
5744
8875
6960
4792
7373
3555
1820
2329
7158
5015
3760
922593755
15
1753
7502
7356
3370
132
7762
3845
3655
1504
4706
9330
3257
4549
184
618
1731
8904
3376
7673
1359
7677
7115
3756
1083
4416
2353
7898
2389
5299
309
3810
1074
4243
5077
733
1745
1126
2796
1948
7045
4490
707
767
8359
7182
2313
6040
1480
147380973
7614
7099
4519
1625
6494
6645
6253
3809
9411
2830
4399
2069
9551
7842
254
2955
1121
1686
6557
758
3619
3766
5752
3286
213
2516
249854753
5466
1365
1646
3964
2751
705
1706
7039
2125
1532
2087
6324
2562
2549
871
3318
4573
5460
620
723
1195
5832
2487
1048
4937
8458
1553
513
4538
2107
2947
805
1988
5328
1217
5339
6032
8027
5306
125
3867
289
3469
4873
368
2311
944
2641
5932
1474
4535
438
3006
369
2202
2470
784
6347
2295
4558
4764
1441
3860
5832
5374
7540
662
8567
5163
6565
3387
4987
7420
4412
1887
931
2271
1200
3381
1986
7999
950
6364
6514
657
1406
50
1401
8120
4221
359
366479720
3842
130
1583
1825
2376
5592
5167
593
614
2447
5810
864
992
9143
7393
150
4613
245
3240
4474
46
1378
4289
4436
6555
4582
318
1840
1108
949
2978
7529
1945
7178
2291
4959
161
127
250
2165
64
4130
7070
2953
256
1264
2544
3779
3011
3551
1674
7004
1305
8401
3618
4111
1460
201
734
5458
5209
7467
4190
6949
1313
2887
3391
8778
4787
1170
5115
370
3011
1957
108
5586
4234
4892
7186
7147
4843
7979
4119
8736
5693
1734595
3786
1768
2494
2527
1229
4898
3171
614
13
1498
4731
1644
8978
4378
5596
8288
3545
5645
440
2909
3996
4130
445
1887
997191106
4941
2510
2512
1233
1793
2956
7480
950
2100
2186
1894
6182
2295
2748
6156
2326
2668
4440
1059
2023
6588
6285
4349
627
244
5691
5446
4427
3311
7076
1150
169
968
182
3538
3292
3670
4135
2311
1243
5314
3495
4520
1741
9541
2801
4365
1811
246404413
7391
182
737
3110
541
356
5395
663
776
3444
1435
3358
2687
1712
2694
3893
6095
524
775831730
3007
432
2476
739
1773
3740
2947
2936
3108
1073
2407
6693
3647
758
2030
1485
3172
7215
6830
369
5287
3607
1354
2391
1746
1177
6957
2627
851
3187
2637
6608
4542
1235
1616
7890
659
5234
892
6531
6931
3933
1046
3388
3283
3599803
1111
1830
6513
5258
165
4675
3286
7177
3201
1374
2940
4137
6438
3978
792
3191
7536
2481
1575
1383
6143
70
239
1268
4665
512
3482
542
5476
497
4962
6749
3354
1689
462
3810
3357
5563
2101
7821
6130
6570
8627
6602
6190
7813
6839
7917
6450
8266
6545
6294
6095
7057
6410
8139
8490
668596025
7694
6682
7318
6192
6077
9009
6667
6310
6404
7661
7583
8968
6589
8319
8599
6010
386928274
7998
8194
8494
9530
6822
6334
6343
485704313
6005
7334
8068
6226
8862
6925
7531
6342
8718
7145
7429
8462
6558
7265
7817
6080
8505
6656
7389
6544
7098
6088
7158
8908
7252
7234
6879
7691
6196
8018
8392
6975
6391
6026
6471
281024887
6240
7324
9090
8729
7701
7904
6808
6768
6757
8279
7844
8077
6390
6609
7367
6249
11987935
6925
7147
7098
6443
6573
7432
7276
7712
7600
6674
7637
7574
6775
8247
6952
6044
6973
6466
6173
6861
7649
7578
9126
8812
8466
8935
7152
7954
8038
6652
6162
7308
866390860
6133
8360
7796
8942
6317
7133
7286
8388
7973
7206
9236
6952
7062
6163
7147
6650
7100
7373
6960
6065
8683
7539
6276
7460
6516
6088
7466
6958
6530
7154
8689
6932
6422
7115
7470
6482
8126
6423
732919084
7312
9432
7550
8251
8502
8184
8481
7041
8048
6122
7402
7300
8892
7062
7222
6582
6785
7548
7242
6002
6876
7355
7373
6243
6594
7105
8339
6057
7744
6947
6338
8579
7364
7864
7969
6595
7547
7126
6332
7613
6297
6310
6697
6343
9435
6920
6018
7364
6026
6481
8253
6871
6735
6203
7945
6354
6127
6659
8385
8069
8365
7716
6957
9386
8499
152541778
8211
7172
8417
8677
6743
6352
7018
9045
6543
6833
7314
106555485
7198
6783
207400297
6788
9003
7153
6154
6345
8096
8878
6513
7114
7151
6717
6231
7228
7477
7715
8623
6733
6186
7059
621112637
6386
7632
7258
7097
9375
6997
6259
8418
7197
7050
6958
945722917
8062
7700
6534
7714
8033
6196
7091
8906
6010
6207
7247
7243
6166
6290
6654
6297
6730
7344
8955
6179
8171
7971
8669
7258
7266
6114
8037
6244
9269
6032
7770
7598
6936
7171
6576
6499
7267
6021
6139
6370
6645
7057
9450
6112
6029
7606
7067
7435
6974
6368
7707
6395
6932
8671
6585
6439
7179
561870035
8765
8054
6934
6076
6093
6400
6069
6097
7478
6788
7856
7680
6199
7760
6316
7046
827482675
6499
6071
6460
8424
6366
7151
6804
7957
6987
8100
7197
9395
7204
6260
6306
6577
6437
7368
6262
6229
6738
6824
8534
7351
6665
7679
6939
6070
6941
6288
7390
9164
8610
8628
6214
6050
6409
6017
8921
6993
6773
6844
6079
7105
7567
6033
6625
6932
7886
7650
7683
8100
6928
7845
6748
7126
9558
6562
7709
6398
8433
7203
8406
7455
6185
8590
6684
6636
8351
6421
8023
8528
7026
8169
6342
6609
8209
8728
7023
8103
6951
7374
7033
6110
7481
6535
6171
6232
7915
6823
8141
7817
6977
6946
6397
7879
8464
7626
8494
7682
68692645
25728543
8294
6070
7561
8494
6310
7805
9083
6426
6801
7813
6138
8568
9666
7309
7774
7148
8721
8934
789624464
7929
6359
6889
8503
8053
6200
6734
6142
7471
6605
7385
6014
7215
6476
917147749
9425
6442
6977
7162
8289
8500
7774
8692
7264
8456
6899
6274
7495
6885
6226
6188
6551
6149
6469
7939
7432
8800
6770
6282
6129
8515
7593
7246
7989
6324
7804
7100
6592
7531
6842
6736
7045
7016
6075
8078
6992
8215
7169
6304
6505
6690
6373
6157
6412
6848
6508
7034
6553
6168
6148
9577
7788
7193
6197
7209
6075
7291
6433
7107
9060
7780
7515
9201
6327
917471747
6656
6612
6903
7556
6491
8481
7895
224542830
8466
6888
7494
7259
6028
6520
6369
8332
6324
7294
9225
6155
6802
706702175
6130
6043
7133
7917
8088
7388
7846
9184
8082
7355
7661
6604
8182
7240
296881361
8861
6559
7118
6037
6973
7598
6988
6125
6249
7492
7621
7775
7913
7788
6771
8008
6112
6881
7717
7442
6286
7376
7152
6057
7635
8923
8600
8221
7205
6877
6242
7840
7238
7693
6711
7396
8253
7375
6047
7201
6815
8076
6436
7508
7414
6389
6338
6744
6548
8106
9409
7268
8515
7797
8168
6545
6613
8022
8470
8986
8601
7474
8365
8294
6836
6249
7801
7158
9791
6339
7490
6562
8229
7835
7348
6367
7738
6745
6297
7155
7324
8500
6207
6456
6737
7084
8812
8859
7539
49327
7398
6966
6393
9313
8426
7653
8029
6203
6449
6636
8884
7445
7829
6833
9641
6146
6418
8038
6031
6565
6607
6820
8881
6984
7336
6943
6980
6267
7955
7306
6623
6949
6751
8128
7902
7005
8589
6004
6740
6128
6486
6553
8049
7360
6613
7210
8106
9216
6060
6134
7446
6553
7259
8148
6920
8501
9231
6833
7207
6327
6591
6802
8643
7531
8205
7303
6855
8045
6272
7975
7041
7073
6842
7894
6617
7741
8032
9471
8109
6221
8823
6720
9407
7344
6872
7760
6928
6180
6081
9556
6379
9475
8302
6727
6517
7052
7875
6602
6783
7208
6314
8763
7802
6538
8131
6297
7323
9652
8593
9033
8626
7439
6011
7129
7382
7184
6596
6745
8668
6552
7500
6794
7997
6385
6915
6494
7532
9567
8731
8255
7790
7213
6668
7868
6596
6465
6528
6972
6883
6489
7461
8311
7200
6939
6054
6074
7264
8403
9404
8480
6683
8035
8098
8337
7904
6513
7023
6007
8049
6971
6077
9107
6581
8042
9172
8611
7493
6141
8246
6368
6808
8047
8508
8440
6871
9283
7328
7329
8371
7424
7304
572259
8617
7622
6430
6113
6052
6121
6783
7935
6228
6161
7717
9330
7369
9545
6017
7553
8055
9098
7266
8101
7554
7919
8811
6281
9517
8058
7070
8483
8161
6119
6884
8455
7690
6568
8416
7898
8061
8363
9313
6757
6911
7760
7535
7569
7737
7390
6035
6828
6157
7451
6942
8063
9496
7473
7970
8069
9431
6609
6863
7886
6067
6122
6291
8161
7753
7644
6252
8276
6814
8754
6286
7350
8261
7476
7645
7126
7197
6415
6223
6412
8275
6876
8318
6121
6805
9495
8215
7181
9382
6817
6117
7308
8719
7628
8909
6136
6967
6438
8847
6283
8308
9057
6298
6094
8258
8202
7982
6687
8751
7207
7617
7761
6229
7106
6931
8794
7213
6438
6644
6506
8305
9386
8044
8090
6836
8050
6608
6024
6012
9336
8110
6817
6477
7675
9065
8392
6055
6192
7206
6151
7090
6729
6871
8117
6092
8039
7015
6053
7814
8771
7520
7659
7165
7866
8200
6752
9365
8207
7136
7503
7536
7742
7929
6572
6674
7155
6870
6889
7091
9122
7411
8953
6771
8847
6854
7690
7658
6254
6110
6811
9869189
6930
6252
7065
7322
6623
6776
6429
8983
8628
7099
6495
7511
6055
8334
8509
7092
7290
7318
6925
6622
6264
6913
6464
6836
6229
6290
7726
7076
7467
7209
6192
6889
6011
7212
8350
8475
6216
6350
7088
7234
9543
7189
6818
7354
9852
6918
7668
6687
6349
6080
7126
7756
6628
8156
8156
7711
6471
7566
6143
7891
6420
7523
7158
7972
7841
8331
6323
9210
8523
7142
7187
7992
7818
6579
7097
6637
6163
8981
8716
8880
6490
7372
6531
7405
6926
7737
7376
6817
7446
6482
7366
7965
117207
6809
7561
6154
8226
8138
6428
6138
7505
8272
8627
7970
6435
8171
7216
7233
6837
9000
8770
6825
9274
7915
8215
6088
6621
7792
6918
6088
7189
7008
6142
6324
8515
6749
6787
8366
6274
7674
9344
6292
8068
7286
8300
7570
7458
8242
6217
6922
6194
8563
7123
9328
6437
8602
7284
6977
6276
8926
6053
7573
6195
6188
8969
6681
7866
7289
6701
8313
7874
8104
8024
7696
6497
8225
6682
8832
6599
8478
7903
7902
6841
6997
6811
6876
7191
6415
6988
6439
8555
7326
8953
6182
7961
7394
6537
7004
6360
6545
6858
7111
9528
6053
6813
7877
6234
6063
6281
7923
6023
7876
8163
7250
7686
7300
7249
7808
7148
7538
6901
7081
6205
7433
6610
6851
8034
6639
9301
7280
7050
6238
7804
8664
7430
6595
8077
8438
6435
7105
6368
6497
6240
6111
6667
6235
8708
8266
6115
7246
7946
6894
7764
7497
6460
7921
7753
7015
8300
6867
6133
7309
8133
6710
6059
8877
7239
22768086
8569
6277
6546
6089
7077
6263
8707
6566
6560
9114
6043
8114
6379
7161
7866
7164
8023
7965
6853
7743
6878
6029
8437
6091
6393
6097360
7120
7226
6995
7096
9306
8957
7244
7264
6646
8729
7474
8164
7737
7531
8118
7771
7264
9065
6639
5142430
6287
7419
7255
6746
8201
7180
7727
7637
6550
6305
7318
9176
6865
8716
8092
6309
7088
7964
6106
6031
7933
8652
12651
9050
6654
6057
8692
6243
7365
9397
9199
9537
6825
6863
6897
8888
8736
7590
8192
6917
8393
8778
7848
6816
7127
6460
7458
6119
8612
7079
7352
7947
8513
6621
7300
6301
6156
7269
7311
6451
7328
7178
8585
7370
6650
8618
9257
6989
7966
6727
7953
6845
7058
6008
6431
6660
8820
8945
6047
6150
7106
6716
9282
8317
6468
7921
6193
8779
7581
6137
6924
7040
7595
7652
7341
6290
6700
9390
7684
6353
9096
6649
6659
7316
8066
6196
6338
7927
6672
6590
7335
7276
6546
6535
7925
6127
6626
6570
7400
6211
6628
6022
6413
7645
9149
6391
8791
7409
8539
7724
8571
9633
25362
6074
6615
6175
8942
6364
6351
8657
6614
8267
7065
8618
9180
7750
6071
6199
6456
6029
9779
7885
6716
6114
7561
6776
8102
6941
6583
6096
6798
6590
7878
8659
7677
7742
7447
7475
8685
7078
8315
7273
7169
9393
7746
7714
42625
6339
6502
8919
8777
6141
6966
8782
7320
7073
6991
7106
7209
6872
7805
6747949
6388
8803
9081
9655
8374
6360
7302
6125
6739
6834
9178
8101
7244
9208
6655
6210
7462
6021
9453
7128
8877
8600
6708
7722
6161
6012
6583
6881
6108
7822
9344
6041
6717
6517
6712
6757
6326
6170
6095
9550
6844
6957
6040
6911
7199
7244
7492
8951
6623
7095
7169
7436
8813
9104
8872
8352
8749
8403
8647
8039
6808
7025
7575
7058
6380
7202
7440
7329
8271
6289
6914
6815
6720
7176
6838
8077
7480
6033
8394
6089
6670
8067
6308
6302
6325
6792
7913
6678
6582
7688
6278
9682
7054
6802
7841
8308
8832
8183
6239
7473
6815
9446
7450
7636
6391
6068
8701
6278
6942
6055
7149
118455
7314
6441
6130
6014
6723
7829
6881
6620
7134
9077
9185
7234
8554
6718
6491
6591
6341
7179
7203
6380
7862
7245
6077
8171
6614
7867
9240
6742
6503
6278
6966
8520
6108
7948
9590
6826
8480
7904
6731
8539
7779
7634
6991
9148
7607
6853
7332
6234
6209
6357
6256
7499
6622
8762
6214
6068
7177
6526
7881
6251
6822
7943
6975
6775
8145
7483
6413
6046
6177
6251
6428
7968
6813
6942
7214
6260
6119
7453
7174
6656
6205
7906
7623
7478
6810
7966
7724
7292
6931
8397
9077
8149
6727
8388
7651
7676
7487
6178
7794
6989
7617
8233
7434
6953
8558
6640
6259
6853
9567
7998
7383
6126
7468
8517
6416
7035
6114
9321
8800
7329
7343
6269
6200
6459
6342
6398
6513
6820
6270
7004
6571
7475
7800
7342
7550
7376
8793
6465
7221
8435
9464
8094
7618
6940
7082
7984
9115
6423
6935
6764
6301
6693
6223
7425
6685
9511
8073
8754
6604
8381
6018
9254
6223
6278
8561
7694
7201
7319
6529
6749
7834
7430
8462
7170
7679
6523
8687
6112
7029
6487
6573
7859
7712
7186
6349
6679
9089
6208
7753
7416
7260
6153
7665
8611
9431
6227
7366
9447
6561
6352
8499
9421
6910
8594
7587
787079
8938
6893
6448
7241
7579
6043
8656
6122
7666
6094
8472
6082
7800
6797
6185
9623
8739
6011
8067
7174
7273
6637
7770
7901
6952
6851
7368
6160
7632
6925
6343
6156
6726
6856
7413
7425
7692
7614
8496
6322
8840
6372
6854
6278
8095
8173
8074
7099
9590
7228
7543
6540
7215
6935
7038
7819
7492
8799
8952
6576
6575
6861
7531
7947
6104
6549
7550
7720
9773
8016
6333
7287
7035
6925
8255
7578
8341
6576
6726
7050
6106
8985
7879
6873
6574
9611
7227
7081
8559
9170
6237
6883
6064
7615
58075
6041
9133
6309
7316
9842
7448
7054
9538
7701
7321
6018
7866
9153
8102
8020
6186
8214
6379
6221
8040
6737
6318
7391
6862
8275
6263
7015
8456
9677
8008
6030
6325
7430
6995
6584
7809
6835
8942
8524
7213
8982
7541
6760
7492
8082
9266
6382
6542
6059
9209
7469
7953
6656
6514
6706
8041
8477
8777
6196
7656
7449
6588
8478
6596
8202
7101
6453
8165
7375
7399
6338
8743
8209
6757
6509
7409
7369
6928
6488
7664
6421
6309
7151
8913
7270
6334
7587
7261
7083
7177
7415
6694
6106
7282
6428
6066
6734
7977
6692
7352
7436
8515
6827
6435
6577
6407
6340
6773
6949
6536
6215
6420
6348
6696
7305
8460
9013
6663
7787
9418
6218
8049
9023
7043
6618
8631
8754
6995
7785
8909
8606
6408
6056
6233
7829
8497
6939
6684
6729
7364
6574
7259
7368
6052
6968
6325
6543
8402
7472
6997
6530
6384
8753
8754
8660
6485
6355
6112
6940
6217
6289
8699
6994
6492
7252
6715
7882
6803
8811
6655
7933
7344
7891
6684
6972
7933
8071
7708
8111
7970
6064
7607
6584
6646
7581
7180
6360
8457
6947
9622
6754
9050
6799
6468
6702
8275
6392
6270
8614
7246
7942
8901
7006
7002
7111
8036
6493
6732
9305
6092
6668
7601
6945
7371
7453
7890
8002
6652
7232
7553
7266
6953
8399
7120
6541
6508
7950
7454
8736
8077
7286
6985
6091
6117
7199
7061
8224
9167
8569
6657
6968
7277
6933
8847
8498
6192
6813
9047
9202
8102
6989
7963
6772
8086
6657
7967
7137
8981
6003
9168
6985
8670
7142
7258
6703
5278448
9519
8347
7379
6043
6291
7236
7489
6397
6194
7136
6398
8955
6273
7327
6757
6177
9384
6836
8915
6190
7156
7647
7294
8365
7390
8589
8344
6943
6632
7805
8647
9869
6251
7024
6795
6952
8553
7099
6409
8966
8073
6059
8459
9286
6402
6370
7328
6438
7276
7122
8162
6040
6005
6936
8574
6137
6606
6169
7116
6322
6192
9500
7524
8411
6373
8298
9045
7102
6517
6218
8834
6647
6655
6584
6080
7537
6274
8165
7968
6703
6835
6329
6701
8697
8269
6457
6266
9248
7125
7149
6597
9845
6051
6806
8334
6034
6813
6817
6369
6686
6921
6688
7483
6454
8112
7058
7817
7339
7053
7999
7436
7406
6556
7150
7177
6086
7339
7275
8818
6770
8666
6558
7143
8235
9378
6197
8239
8017
8622
6531
6244
6486
6772
7701
9143
7368
8707
8369
7784
6236
6810
7329
6080
9245
7222
9707
8379
8024
8294
6269
6218
6583
6690
7106
8979
8029
7361
6942
7841
9362
6699
6187
6991
6017
6386
6454
7740
7098
8113
7251
8742
6786
6715
9027
6398
7740
8914
16869
6543
7851
7039
8217
8009
7665
7664
6879
8698
6226
6045
6570
6318
6637
7770
6006
6173
6272
7849
7392
8140
6185
6085
6613
7167
6502
6391
6688
7055
7753
7131
6498
9597
7019
7992
7934
7291
7325
8515
6947
8926
6883
6790
9381
8904
6789
8630
6331
6199
9253
7379
6629
6029
7448
6749
6455
7362
8322
8767
6262
6666
7197
9554
6015
6478
7294
6750
7319
6248
8688
7612
8134
7917
7112
6172
8315
8007
6467
7448
8698
8631
7141
6727
6468
7205
6374
6862
7570
6378
358484
6003
6035
9817
6329
6957
7306
6242
8924
6255
7233
8818
7183
7974
6430
6815
6668
6303
6305
7523
6010
8420
6121
7298
7340
6441
6801
9357
6283
7374
6770
8408
7142
7029
7015
6007
6429
7278
6209
6978
8321
6756
8202
6076
8518
7781
6838
7877
7639
8519
8538
6124
7978
7157
6411
8771
6095
6332
8417
6064
7951
7306
6620
8293
9248
6083
6037
8736
6247
6255
7137
7507
6687
6336
6243
6550
6536
6424
6436
8421
6212
7247
9247
8835
6313
8119
6323
6823
6705
6560
7685
6799
7299
6852
6557
7191
7450
6262
6501
8107
6004
6564
6414
6319
8926
7852
7517
6212
6301
6258
6333
6967
6288
7850
7203
6184
6336
7752
7981
8478
8923
6739
6487
6755
8642
6180
6030
8832
8196
7352
7029
9549
7038
8102
6915
7420
6496
6192
7369
6699
6335
8061
7888
6647
7839
7783
6219
7417
6611
6259
6889
6067
6031
7481
6740
7815
7212
6669
6140
6261
8659
8162
7107
6546
24756
7822
7809
37423
7416
7363
8862
9227
8496
7339
7477
8462
7125
6887
7557
7461
7643
9261
6534
8240
8574
7781
7000
6590
8402
9802
9052
8488
7346
9256
6267
6270
7255
6493
6902
6786
9253
6173
7469
6003
6683
7060
6682
9257
6932
6924
7135
6159
6140
7725
6753
7572
6333
6612
7117
6595
9765
6137
6381
8885
7341
6513
6249
6253
8653
6717
8356
7741
7775
7705
9338
7588
6814
8763
7054
8457
6272
8747
6789
6617
6347
6247
8297
6407
8299
7838
8139
7874
7458
6365
8455
6857
7419
6719
8069
7575
6161
7798
7558
6472
8005
8025
7408
6403
6192
8715
9233
7869
6243
7210
7032
8445
6970
7886
8355
7213
7925
6916
6105
6170
6676
7811
6358
6025
7753
7359
8270
7573
6671
8384
6701
7508
7565
7479
9239
7879
7428
7701
8355
7519
6605
6071
7015
6549
8504
6768
9134
6398
6921
9527
6461
6203
8356
7399
6345
6720
7223
6110
7328
7301
7080
7826
6258
6286
7152
6919
7257
7486
6344
7433
7572
6563
7005
8872
8815
6791
7109
6539
6326
6750
7351
7814
7089
6850
7441
6512
6148
8953
8736
6471
7380
7958
7109
8283
6191
6536
6362
6337
6150
8812
6033
7580
6834
6325
8643
9343
7724
7948
6521
8392
7685
8420
7534
8339
6198
6687
7774
7020
6617
7511
6170
6564
7633
7630
7708
8412
6563
7045
6243
6785
8087
7526
7027
6704
9014
6904
6774
6474
7748
8821
6113
7569
8360
6740
7134
6366
7761
7925
7294
8471
9084
8643
7288
6242
6479
8071
8462
6847
7830
7021
6589
7058
6657
6265
8579
8493
6544
7488
8290
6131
6525
8040
7997
7017
8721
6209
7422
6609
8240
6828
8343
6949
8357
6094
6369
7105
6984
6852
9211
6726
7032
6313
6390
7990
6293
8443
7711
7969
6989
6023
7576
6515
8141
8749
6084
7197
6213
7755
6866
9164
8786
6620
6486
7217
8271
7763
6769
7458
6539
6674
6102
7563
8715
6984
6522
8913
7127
7338
8188
8150
7465
8147
7124
6221
7347
6218
7919
9149
6159
8809
8991
9097
9149
7863
6224
6074
6328
7533
8632
6729
6366
6369
7856
7428
7614
8468
7680
7161
6594
7277
7148
6063
8768
8143
6692
6382
6295
6038
6591
7546
6591
8196
7186
6317
7088
6819
6311
6442
7622
7812
7674
413519
7956
6222
7275
6274
7094
8749
7546
7736
6887
8642
6518
6662
9590
6187
8792
6689
8917
7847
7125
6865
7433
6194
7208
7766
8766
6337
6396
6748
8181
8186
7321
8201
7839
6878
8710
6031
6676
8197
7257
9143
6518
6583
7586
8607
6061
6094
6724
7271
6063
8433
6401
7223
1390352
6653
8489
6113
9277
5832191
7119
8168
7289
6391
7051
6626
7656
8788
8479
8314
6535
6016
6266
8492
6741
6342
7677
6287
6113
7348
7902
7816
8386
6980
8409
6612
8013
6108
6263
6751
8066
6754
6411
7903
9151
8924
7744
6483
6458
8800
7360
7835
6427
7161
6380
7062
6348
7343
7921
6059
6029
8454
6519
6015
7835
7134
6388
2028045
6237
8314
8724
6534
6815
7337
8778
6548
6883
6051
7938
6736
6186
6428
8947
6801
6025
6090
6286
7556
8324
7379
6192
8316
6748
6901
9384
6697
6912
7389
8103
6945
9603
8162
9144
7527
7494
6237
6450
6242
8137
8673
6399
7736
8534
7417
16899071
6067
7986
8008
7517
7362
7391
6900
7636
6009
7428
7919
6171
6135
8077
6787
7177
6839
8270
9736
6620
6389
6558
7764
7196
6797
6314
7043
6691
6351
7019
6778
7485
6753
8943
8266
6849
7109
6186
6788
6066
8026
8042
8594
6624
6176
6398
8200
6822
7417
6466
7613
8194
6008
9434
8018
7573
6913
8128
6629
7747
6425
8695
6782
6420
7044
6346
8144
9106
8968
8508
6781
9342
7522
6303
6384
6008
9131
6079
8599
7399
8227
7468
6489
8533
7866
7412
6673
6632
6823
6546
6883
7119
7512
7175
6951
8046
6897
7946
8865
7447
8023
7527
7220
8354
9099
6394
6551
8405
8977
7666
6160
6016
7930
6262
8061
6126
8788
7863
7959
7622
6317
7039
7268
6282
6754
7729
7507
8017
6917
6313
6741
6085
6939
7558
8155
7170
7401
6043
9516
9039
6941
7669
6575
7089
6082
9457
6248
7154
6951
8294
7874
7301
6691
6627
6094
6376
7568
6749
7143
6215
8200
6114
6222
8181
6778
6574
7452
8315
6178
7563
6812
7509
6030
6988
6893
6228
8962
7794
6038
6134
7292
6182
9380
7717
7841
8405
8878
7350
8491
8835
6307
7489
9284
8576
7592
7092
6663
7816
6509
6267
7289
6148
7323
6078
7569
6356
6424
7146
7262
6779
7255
7642
6846
6565
8041
9412
6203
6067
7833
7554
6374
6260
7626
7122
8140
8702
8644
7753
7516
6701
7490
6545
6798
6116
7739
7078
6100
8754
7378
7245
8680
6213
7826
6238
7588
6793
7087
6601
6479
8265
8245
6585
8670
6380
7819
8240
6174
6828
6503
6781
7599
6959
6815
8077
7985
6604
6334
7762
7435
8875
8809
7997
8242
7399
7736
8224
7050
7608
7794
7042
8614
7778
7875
7897
7311
7375
7246
7597
7502
6690
6469
8226
6641
7563
9029
6162
6442
8414
6150
6697
6179
7975
6124
6179
7002
8865
6180
8838
6442
7005
7388
7144
8277
9137
8552
8310
8569
8146
6902
9318
6832
7502
7229
7732
6133
8402
8006
7298
6326
7427
8393
6205
7412
6755
8581
8378
7849
8550
7380
7119
6106
7061
7773
6200
7054
7998
6782
6304
6749
6852
6601
6157
6890
6204
7142
6732
6207
7002
7796
6778
9252
8659
6883
8876
6723
8578
6669
7384
6360
7645
6334
7666
9142
7087
8433
6026
7747
7550
7287
7826
6326
7179
7636
6256
9775
8892
6864
6064
7630
6464
6755
6642
7262
8338
7314
8098
6658
7957
8206
7201
8959
6356
6502
7355
6550
6219
6387
6452
7184
6737
6713
8539
9519
8866
7414
7125
6763
6335
6861
6614
9768
7095
8353
6891
6352
6916
6536
7935
6995
6283
9256
6239
7611
6501
7891
6074
7032
7245
7595
7880
6578
9160
9664
7253
6440
6549
7846
7158
7464
7803
6348
7629
7381
6329
6311
6654
6764
7911
7754
7823
8937
7803
8635
8255
2621495
7298
6721
7975
6769
6033
7732
7842
8500
6882
8279
6495
6723
7380
7050
8556
7639
6669
8665
6192
8548
6993
7248
8619
7405
9778
6866
8256
9315
7763
6044
6130
7076
6259
7321
6513
6842
6634
8159
8209
6202
7426
6175
7109
6915
6141
7893
7228
7174
9217
6201
7611
6940
7257
7619
6724
7722
8361
9228
7265
7245
7594
7565
6800
6147
8870
7054
9390
6157
6471
6066
6297
6989
6980
8424
7437
7213
6853
8218
7367
7827
6364
6651
7728
7402
7985
7062
8340
7427
6648
8286
6759
6050
7204
6247
6922
8733
7425
7250
6974
8520
8486
8028
6463
6369
129893
7397
6268
8527
2350490
7949
6704
7014
8166
7700
6508
9132
7964
6271
7320
7903
6409
8548
6607
6642
6062
6337
6943
8348
8353
7872
9786
8710
6570
6256
6102
7698
6235
6809
7245
6289
8218
6126
6149
8790
6291
6861
7505
9390
7117
6658
8316
6879
7634
7680
6909
6991
6723
6065
6566
7403
9511
8744
7801
8151
8402
8920
6695
6218
6309
8954
6064
7900
6397
8341
6088
6484
6638
6571
7491
8317
6831
6293
6203
9828
8375
6453
6636
7572
8143
7109
7207
7547
6924
6834
8152
7712
6756
6288
6206
6568
7359
7889
6304
7272
6874
6095
6749
8658
6545
8280
6361
8992
6428
6590
7845
7264
8665
6557
6558
7072
6196
6146
6383
8391
9012
8123
8288
7956
8741
6779
7682
7374
7358
6942
6656
6235
8919
8473
6416
6425
8617
6306
6943
7230
8189
8049
6344
6932
7783
7424
8098
6467
6335
6804
6838
6480
8428
7266
6436
7074
6680
6839
9668
7935
8327
6638
7091
6218
6337
6693
6909
8615
8516
7052
6157
8039
6835
7508
6069
7901
9020
6671
9090
7343
7247
8145
7101
7520
6095
7526
7497
7450
7852
7324
8128
7228
6165
6720
7816
6752
7110
7335
6110
6037
9081
6714
6719
7793
8685
6042
8279
7300
7226
6131
6836
6399
6165
6923
6242
7081
8618
7132
7313
6727
7819
8324
12353
7677
7203
6813
7862
6656
6309
6919
6192
9281
7092
7999
7543
7257
6501
6450
6033
7649
6003
6247
8864
9317
8179
6398
7163
8313
6677
6154
7347
9211
8464
9408
7320
6017
8618
7740
8050
7871
7181
6794
6385
7962
7995
8956
8889
7055
8298
7258
7566
7589
7498
9900
6641
6706
8748
8281
7432
6246
7944
6238
6426
7860
8833
7630
7014
7270
6636
8655
7108
6695
6022
8920
8202
6197
7617
6023
9024
9112
6443
7109
9373
7815
7272
8892
7580
6250
6820
7243
6632
7244
7460
6393
6813
8638
6246
7293
7256
8979
7800
8100
6561
6413
9243
7344
8464
7015
6592
6773
6439
6057
6550
8995
7895
8777
8383
6324
7517
6431
7246
6568
7878
6954
9035
6359
9555
316184
6705
7453
6552
8067
6097
6200
7250
6718
7541
8086
6333
6999
6305
8784
6887
8432
8313
8145
6222
7538
7574
7659
9114
7404
6968
8021
7210
7015
7353
6138
6294
6622
7364
6520
7323
6708
7907
7156
7418
7704
6605
6328
6902
7790
6045
6680
6644
7647
9043
7964
6073
8072
6219
8755
9350
7458
6964
8996
8559
8678
6178
6558
6656
6134
7524
8986
8112
8351
9050
6441
8715
6531
7039
6605
6323
6925
7729
6177
7959
7793
7815
7321
7008
7581
6474
7062
7917
7457
7623
6708
8536
7266
8036
6454
6780
7431
7725
6501
7155
7367
6814
6654
8837
7058
8251
6212
6551
7531
7236
7010
7301
6812
7127
6114
8828
6847
7705
7065
6394
6058
6387
7778
7247
6322
6669
6180
8779
7263
8796
7221
6690
8985
7999
6910
6101
8596
7745
6798
6286
6749
8656
6221
6572
6778
6203
6941
8849
7129
6254
6345
7414
6129
6822
8722
6094
7217
6321
8781
6709
8637
6103
6208
6258
8548
9276
7776
7927
8115
7052
7199
9094
6708
7178
6346
7333
9056
8769
8292
7442
6829
7980
6235
6895
7541
8644
7449
6246
6133
6227
7919
8024
6381
6735
6216
6710
6029
6624
8696
7604
7795
7553
7856
6205
8795
6893
7095
8994
6208
9265
6868
6123
7278
7135
9046
7224
6524
7705
8126
6144
8093
6987
9328
6228
8844
7184
6054
9392
9237
9328
8436
9078
7204
6890
7715
6072
7187
7732
6008
6761
6050
6202
6337
6234
8227
6594
8812
6262
7707
6169
8437
7045
7532
6304
6911
6977
7476
7259
8700
7015
6508
9170
7257
8682
6761
6669
7225
6201
6486
7874
6067
6247
7482
6039
6374
6402
6440
7323
6371
7165
8311
6142
8375
7069
6650
6172
7728
8316
8790
8366
7837
6479
6205
7185
6487
6840
8874
6687
6285
7390
7207
6833
6290
8973
9248
7401
7192
6028
6202
6746
6808
6996
6102
7065
6620
7993
6130
7164
6549
8273
8399
6942
8893
7225
7930
6499
6676
6334
7544
9284
8746
6185
6806
8697
7349
6790
7908
9714
6018
6261
6855
7920
6397
6995
6587
6941
6447
8785
6352
8861
6181
6988
7613
8217
7715
8002
7124
8651
6511
6022
6087
6163
6463
7084
8536
8868
7075
6279
8700
7128
9249
6111
7909
6053
2591591
7069
7844
6941
6980
7719
8172
6865
8213
6632
8147
8920
7211
7869
6159
7912
8859
9190
6024
6796
7601
7283
7857
7496
8023
8498
8148
6141
8153
7053
6403
8143
8121
6978
6908
9505
7971
6808
8152
7864
6423
9077
7381
6349
7334
6452
9113
8757
8823
6648
8572
6210
6106
6959
8169
9347
8019
6183
6137
7984
6750
6893
6182
6875
9124
6460
7724
7465
7706
6266
8594
8220
6730
6033
7085
6838
6045
6535
7123
8653
6740
7062
6527
6248
6374
8259
6738
7596
6080
7290
8519
6848
9051
7889
6888
6454
8063
7233
7486
6377
8619
6608
7244
8187
13674380
6101
7794
7224
8385
7223
8231
6941
8282
6116
6647
6821
6398
7666
8693
6023
7172
6249
6109
7203
6492
6953
6087
7159
7992
6891
6740
7362
6729
6983
8986
6490
7619
6523
6070
6088
8441
6183
8156
7780
6251
7451
6842
6121
6356
6346
7305
9504
6108
6986
8415
6379
6732
6943
7374
7025
8666
9609
8895
6934
7200
6946
6401
6159
6799
7126
8059
7277
6059
8387
6127
9291
6516
7400
6232
7866
7211
7543
6057
7320
7154
8431
9514
8588
6850
6671
6028
8199
6446
6470
7008
8103
8117
8112
8134
6955
6821
6639
8875
6187
8479
7318
6558
6108
7304
8750
8549
6734
6445
6343
9870
7982
6838
6419
7817
6425
8653
6739
7271
6465
8259
7423
7515
7300
7781
7935
7864
7447
6439
9031
6542
7998
6655
8603
9174
6754
9201
6352
6572
6601
8816
8825
6241
6157
6216
7472
6120
6540
8400
7575
7189
7956
6537
8001
6952
8075
7695
7479
8761
7448
7625
6520
6283
7149
7622
6825
8270
8378
9229
7052
7183
6176
8065
7786
8110
6222
6845
9103
6398
8818
8984
8417
8369
8242
9137
6011
8513
6586
7579
7493
6898
7033
7023
8696
6311
6022
8148
6341
8161
6144
7429
6900
7124
6302
6681
6996
7470
6475
7410
7523
9061
7921
7825
6022
6377
7911
6545
8254
8787
6590
7305
8859
9052
6552
6431
7208
6825
6747
7313
6119
6846
9259
6169
9277
7020
6876
7249
7662
6310
6316
7566
8737
6197
6978
6775
6029
6147
6118
9639
7921
8245
9073
7993
6394
6281
7013
7113
7285
6307
7312
7107
9109
7876
6401
6719
7361
7081
6255
6338
7470
7659
7825
7485
7889
7944
7589
8429
7719
6901
6709
8372
7619
6124
8840
6647
7245
7339
6502
6402
6527
7146
7583
6282
6634
7092
7989
9410
7498
6911
9582
6838
6860
8085
7307
6200
8742
7078
9272
6767
8986
6859
6095
7487
8408
6906
8396
7760
9742
7960
8000
6262
8964
8695
6983
6120
7148
6619
7923
6519
7192
7419
6231
8308
6967
6902
6699
7865
8882
9144
6482
7983
6278
8297
6949
6916
9498
8839
6588
6983
6202
8051
6249
9837
8966
7174
8706
6411
6092
8113
6399
9141
6758
6618
7308
6041
6580
7052
7425
7993
6653
6670
