183572378
749631214
126812740
842692036
701539782
361773043
211180901
250099681
313650850
64814343
268235534
162
586397089
607222239
226521988
72063387
515297636
140698999
344547870
997691463
159594232
143
375473241
583670950
121
15
370722
541247264
7
214738356
997733049
189148309
112
25
1877
257
513951281
190
757888859
425
230
322
295
487
111
281
323
47912345
133
5
283
158
33
18
271
145
486
328
542891
156
523
696
187
168
359
259
3
517
1073
149
63
80
211
673
771
280
95
100
237
824396
383
227
521
307
716
697
79
292
232
233
356
8
412
77
434
117041960
472434599
203
134
347
621
41
611
249
563
531
633
454
240
206
380
265
13
148
329
282
83
235
109
375
131
87
4015
362
642
274
367
355
705
190
592
478
147
265
421
300
108
31
348
14
112273
253
772
303
962
121831
661
849
64
440
92
113
155
410
68
538
557
424
99
384
48
509
128
13
252
496
509
78
606
238
330
387
126
107
540
758
182
680
12
574
804
250
655
409
12
278
232
150
111
139
462
83
672
133
121
732
815
514
105
73
561
404
183
601
830
758
416
366
176
80
146
43
187
34
716
23
225
34
536
145
639
184
528
659
271
25
413
908
287
6
438
63109
775
74
921
201
174
67
412
384
802
130
218
196
758
702
926
880
822
806
866
712
742
917
838
716
736
795
729
894
824
797
714
834
734
810
329369
905
758
717
1931
757
725
710
718
928
726
799
705
722
812
715
712
724
714
824
745
782
850
3829
771
728
818
799
716
887
726
743
721
888
839
812
774
731
825
927
83143
821
774
1783
22951
906
839
872
702
771
718
797
770
767
860
968
717
709
746
803
768
714
753
853
823
727
800
879
850
748
724
752
717
786
805
806
792
924
928
787
747
771
848
849
800
768
705
29631
912
772
942
711
734
812
822
754
715
708
857
709
895
864
766
737
853
710
731
744
824
913
6447
817
871
951
5791
758
747
816
702
841
825
757
876
721
845
935
777
810
723
767
865
783
810
751
781
879
828
2622
704
846
845
736
865
775
780
724
912
766
775
20687
836
736
946
788
818
771
866
862
6624
743
737
840
924
1519
797
834
728
795
710
855
724
746
834
820
5105
721
783
946
793
778
944
904
903
982
800
777
710
803
937
736
881
727
884
856
708
852
813
730
770
774
864
760
891
843
745
781
861
806
728
839
913
806
714
803
706
815
719
860
774
862
727
793
782
895
723
22562
740
734
734
740
845
776
852
713
709
730
860
814
793
875
801
747
784
717
735
744
733
806
927
891
822
899
709
791
921
879
801
781
773
739
935
736
898
797
854
818
852
3651
719
1421
5154
734
732
730
792
745
835
21637
793
766
787
4731
832
782
914
735
731
865
735
833
949
854
903
739
894
806
850
738
4881
913
773
710
825
729
794
748
814
757
773
849
861
811
856
856
755
910
760
853
758
806
706
860
8067
895
750
807
719
763
814
815
736
784
927
744
703
712
720
805
822
893
708
759
782
866
873
1619
776
828
854
740
747
787
794
823
840
815
860
715
710
703
730
783
729
839
944
948
863
854
763
747
737
885
777
733
710
734
726
908
825
934
732
728
712
732
787
881
740
745
729
812
774
759
831
724
750
832
800
720
840
856
724
938
914
868
793
732
771
868
818
717
921
830
809
940
722
751
786
972
878
892
787
903
856
718
739
867
747
714
871
704
754
937
798
714
940
849
795
729
758
816
710
905
854
765
867
703
726
801
781
880
732
834
767
737
861
811
915
822
933
718
738
837
588268112
394500285
429218334
137801029
245103201
913488941
348507104
921745517
811902422
342612015
638632200
162
627010779
752132521
360775992
51325436
562211931
430409333
949494197
65944763
31720846
143
427209622
383
121
15
72585775
291960063
7
314
75675817
859733689
153028130
25
378
257
302
190
236274743
425
230
322
295
487
111
281
323
741
133
5
283
158
33
18
83965
145
486
328
606
156
523
696
187
168
359
259
3
517
537
149
63
80
211
673
771
280
95
100
237
62
383
227
521
307
716
697
79
292
232
233
356
8
412
77
434
513590025
194450311
203
11061473
347
621
41
611
249
563
531
633
454
240
206
380
265
13
148
329
282
83
235
109
375
131
87
8218704
362
642
274
367
355
705
190
592
478
147
798717
421
300
108
31
348
14
359462891
253
772
303
42167589
390644391
1034925
1697177
64
440
92
113
155
410
68
538
557
424
99
384
48
509
128
13
252
496
509
78
606
238
330
387
126
107
540
758
182
680
12
574
804
250
655
409
12
278
232
150
111
139
462
83
672
133
121
732
815
514
105
73
561
2814
183
601
830
758
2898
366
176
80
146
43
187
34
716
23
225
34
536
145
639
184
528
35323
271
25
413
908
287
5
438
176667583
265435
74
315951
201
174
67
3279
384
802
130
218
196
758
702
36420835
880
281697
806
866
712
742
917
1028569
716
736
506815871
729
894
371675
797
714
834
2931
810
109795736
905
758
254586
429027443
757
725
3411191
718
928
129447
6705913
56624
722
812
715
712
605539
714
824
745
782
850
51675831
771
728
818
799
716
887
726
743
721
888
839
812
774
731
825
927
681668080
821
774
30474673
948702426
906
18553873
1743
702
771
4004807
797
770
767
702165
256365
717
709
746
803
768
714
753
68612
823
727
122133
879
850
30465
724
752
717
786
805
806
792
74363
928
787
747
771
848
849
201211
768
705
851303291
912
772
429259
711
734
204259
822
754
715
708
6839
709
895
864
766
737
853
710
731
744
824
913
985485398
178796251
871
1901
595706732
758
747
816
702
841
825
757
876
1011863
845
935
4340399
38647
723
767
865
783
3401140
751
781
57387551
828
632492441
704
846
845
736
865
775
780
724
10180065
766
631955
9535271
836
736
31343449
788
818
771
866
862
831018522
743
737
840
924
594887
22205
834
728
795
710
855
724
746
5824
820
401920552
721
783
2658391
793
778
12234
904
903
630021573
800
777
710
6407
937
736
374120
727
11454
856
708
852
813
730
770
26528742
22363
760
891
843
745
781
861
806
728
839
913
806
714
803
706
815
719
6006
774
862
727
793
27979
895
723
2051869
740
734
734
740
845
776
1703
713
709
730
860
814
793
875
801
747
784
717
735
744
733
806
927
891
822
3591
709
791
921
879
801
781
773
739
935
736
898
797
854
818
852
211185
719
4255
382121
734
5110
730
47173
745
835
1886413
793
766
787
274257
832
782
914
735
731
865
735
833
949
854
903
2951
894
806
850
738
294645
913
773
710
825
729
2379
13395
814
757
773
15213
861
811
856
856
755
910
760
853
758
806
706
860
700713
895
750
807
719
763
814
815
736
784
927
744
1405
712
720
805
822
893
708
759
782
866
873
4849
776
828
854
740
747
787
794
823
840
815
860
715
710
703
730
783
729
839
944
948
863
854
763
747
737
885
777
733
710
734
726
908
825
934
732
728
712
732
787
881
740
745
729
812
774
759
831
724
750
832
800
720
840
856
724
938
914
868
793
732
771
868
818
717
921
830
809
940
722
751
786
972
878
892
787
903
856
718
739
867
747
714
871
704
754
937
798
714
940
849
795
729
758
816
710
905
854
765
867
703
726
801
781
880
732
834
767
737
861
811
915
822
933
718
738
837
