875912264
940412507
23496937
78344426
259101534
734461669
485782422
639398988
962239829
803465720
118913646
964762415
235525954
947066450
830156084
78515094
489300891
829909700
605799264
235396391
393484197
283967872
503762729
961409935
946287260
619503810
785433218
589863650
621158443
510074804
518429461
413904329
373752180
307009994
366186996
777871378
713650608
688282100
196483547
855595304
406672086
195243957
33686528
187380128
517193995
792929114
995281757
900218420
918731554
482334416
10312150
925980736
170934056
254655410
85624968
944396478
404673866
383288296
730818703
317312297
113774248
756935506
192394537
235226286
385286452
32395047
844467173
859941399
207624905
661407962
918860928
463735550
556214069
776504202
899516112
455272027
825114796
422323357
73009033
351739559
831314637
636884897
239814641
713569773
630368873
189280675
769668471
102044055
375800824
972559197
490974825
595116472
837783538
588784595
873353631
587447727
541865018
570456294
134235602
96184164
919726780
979344184
521772162
428955087
727994343
880049269
623178973
453319951
380013696
692039633
385366772
84190983
481064466
832930998
447692811
863511185
60278287
544939259
721114252
226213319
495356212
528007559
275052097
370016898
940942912
68935810
538651182
914904076
528472225
580041047
617093098
242308648
762237525
405761613
123004241
545883702
267081495
597074504
203617796
828053085
734831380
213902604
123622609
1237
79214869
559325083
80384634
863530595
679813377
651436764
94723
823767250
843109053
2089
759489716
376345727
828
3
883829094
111565122
1131
592009322
387939515
511111654
925889013
20251699
2176
276083809
897386133
102088381
531037347
330077030
805919702
857840891
775681617
147932334
1170
2909
2396
39653277
219439164
52260443
932072217
316955316
512251804
764230963
584642381
363645287
307230115
563965387
897882600
21213036
397075358
422885072
663991798
408787900
1287
629718669
316011378
480409045
936656908
107286970
790
855518751
355911822
882333915
696244141
557071420
105724094
600011987
752483237
333984271
245101680
361874415
463605176
2355
391194029
502264222
338222879
526581496
446386606
757423906
344140448
269510488
1690
2067
581229650
441574484
717636496
285483035
832086881
534916174
452568639
117205797
426152888
934457426
830131220
740745072
280659072
114001337
551
776047865
2363
58923821
685425449
1122
696919585
743483982
486477179
143652878
946859898
371722155
718345541
68541579
383882330
500
1525
95868676
979033591
2230
640493499
237327894
2980
951614488
751353059
1600
385
191981758
591
360394395
827045173
797
5742
3952
1166
1849
298676216
3192
302173500
178
3249
318652374
655345802
360475400
309575523
3988
921945637
4938
6104
995872115
1597
5985
6387
3264
5288
2382
1874
5151
7935235
53197706
246115
5621
5515
4279
2463
4938
664
2653
1824
1040
6954
782136101
4293
572
2410
135170170
4518
896
638
6122
1153
2123
438
711511503
6034
213522552
370823919
101889039
735
1013
2999
740716481
1066
529515038
4937
126
239431747
5767
4635
758427523
675
656518460
981961478
801633907
2334
446135730
4901
3105
3599
705760439
2916
139
1124
5305
910580879
2673
3476
8
27
2627
808
234387672
2720
2809
288
7511
5066
2589
2264
6451
6731
107312163
7463
2043
4537
7430
3851
3111
1921
7857
3201
5232
311
777057152
810
1618
104
5669
3560
262
634914837
2887
620
3433
3640
8108
853
449340154
52
7054
6444
548
715842651
277856102
2585
3603
3634
6228
581054399
5573
6216
1671
3696
580007350
5745
655030078
2889
646
4092
2732
776560322
1843
815990814
2580
4200
841092033
5286
2108
724
6404
596378564
4991
395
560953630
1205
8107
945
3343
243380246
857258752
57988350
665974539
321846444
896
1159
7024
288010187
328000577
572404465
3217
15038809
665
1403
4437
156319649
3056
5056
4174
3952
988
2786
4084
3807
278265797
1880
437569303
5714
169694742
896967081
766079810
2914
193
1444
5051
534035564
625695882
595
99519487
3458
861991791
217
631965638
162889808
487
2181
4032
30
645652714
1679
1823
6018
1384
6586
3062
4919
822716007
46001279
3060
6113
364
433837597
6745
2272
409
1863
380116305
484
1120
3945
1405
373168089
2029
263
1153
689
255780420
1696
2070
70510581
4590
2501
5006
2967
618252038
4566
598773994
371388691
6074
1392
2660
45075234
6409
4587
886
12
7010
2415
432361111
1107
4772
491490201
7128
4977
130463337
2352
322
1389
3875
1670
643893537
135092856
1284
638271972
3004
510
1435
1606
151483343
260993614
3348
5098
2665
828771056
461
3861
987476660
604442200
94293873
645
2934
818
3361
597
742601062
3544
684
2404
891577380
2727
668395196
1314
1471
484163100
2342
4582
1387
246263937
8173
264680038
2887
483413388
168
5040
618290809
604
1462
2537
5109
1588
3318
312090647
26588672
653127262
347
600846707
186983613
8201
4121
851435301
5880
2540
440505634
900
3392
2121
54966518
4585
239
1852412
1214
390
1565
845
6289
2628
237
203134341
2583
170
97383425
504
4142
1531
315318615
1276
4840
530
307
6785
541572174
486
474326641
3549
368
6366
6669
2584
1666
2336
297988993
3576
99
1709
6564
4851
4568
1488
346
958
4771
2209
787148554
631
4844
1022
7736111
6527
4601
2197
330
313265006
2855
6625
4313
425751872
4707
611
4718
819
2816
7381
5134
4362
2804
4558
2221
3468
6096
1281
4941
4910
3559
457718019
3303
97
994
598541675
7211
3774
418
3084
3528
7401
144
979
2204
390
429
137767612
4237
2625
149
3427
918
6569
466
1997
3091
4209
307
469
678190191
196178845
6905
2407
2850
172336321
1761
721168456
60543548
7136
3171
6659
932558493
563309766
6579
497323240
5481
860144126
958
7610
1005
7344
680739552
864836274
381376403
3922
4627
324096627
5214
401939344
843
259
789530808
1917
30061739
5673
363
3499
7629
422329455
2297
4719
3757
234534048
2753
331304006
251148849
1229
8684
3801
2702
2789
2272
2386
1925
3798
4551
846
995
6314
8089
826921541
982
1568
1571
515117399
135
5369
2413
2819
5846
5662
483958442
78626146
406
192
315
596
1864
19600
2050
978429228
803882578
104
8048
1252
3759
1142
1603
3270
815109476
981
5794
2442
1331
305465804
366729239
743400861
515420218
6643
536
146860448
3261
438092119
2273
3259
1221
1991
499829118
416683336
7380
256
3370
522764166
1334
492981506
5357
331252421
779132532
6414
278648953
6096
2284
356399757
3049
505143989
8369
2503
5494
6107
3070
2257
3659
6171
396
481285328
3995
312901115
994107033
6504
884076853
1428
3218
3489
4159
1679
3807
558
1411
4912
815259698
1263
1357
1469
7890
3485
3829
575
1771
1438
125
2229
7283
1251
165983
6093
138
124722461
1198
312
674
4644
2465
1633
54
606
5979
4180
527
546373681
3405
1631
5314
6775
219872880
790286149
5359
3082
2676
1129
7176
4117
5788
3284
941514478
1384
5083
475
2440
3194
3811
4936
927165417
979112968
6037
487182814
2684
93
2977
3501
649
280897784
4417
578320700
2740
2470
57141623
3339
3094
7163
5464
2890
8156
1382
145634137
602
369001623
5476
468632463
2049
4049
1666
3356
1601
924054480
3606
7379
1035
2455
2248
163742069
842999802
404145368
3228
5207
1608
4214
1452
913
2142
1471037
4115
647
3316
1070
4047
1682
3679
592
3152
2468
1906
1292
7204
5990
1394
1239
8013
4762
22
734697870
288
1958
3191
4255
7432
3619
4479
8703
505838635
248
1134
3797
96230753
3028
742
3888
3548
5864
3843
2055
2699
1509
73478043
3505
318407099
4067
80
34
2691
5915
15
8122
2482
6596
2533
4644
1303
335
2304
30
938
1976
1755
7078
2767
3094
7902
5265
3992
7844
1838
4550
6100
81018465
597
8098
41898842
5232
469
81
642
680481033
75
672477994
7408
273
5287
4614
3957
807400909
4495
3635
1619
5062
2534
2874
1069
4223
4585
444
3652
256114853
2851
2116
202
2059
1848
39693473
2335
9
946
2516
1980
4564
2564
5965
229
916
106
2883
128771169
3855
1565
7166
1513
3118
1696
5961
6682
1208
2551
6951
3537
632399039
374
933
2688
953
985274725
4895
7144
1075
4352
6897
464816514
1876
2240
6807
4466
1624
1175
135659117
3611
742
4457
403
2728
4228
5903
6358
1834
4654
4537
4934
226822021
2592
1211
5449
6606
826137519
3521
556
142
4335
957377818
470
493
161504579
5058
4219
1681
1670
5821
1730
1821
6564
402662290
880
337356894
2150
245
37223658
259
201
209
3414
4654
4544
1395
4402
4683
1797
5313
75
4698
6387
2329
1795
981076137
4110
4322
657458212
1983
4920
6438
5636
586
1350
75
749485056
1655
980983863
884
2589
1438
4312
4205
1061
3699
1932
505791094
5560
1223
2190
918556239
2268
358099925
6020
2456
2154
627
758289872
3498
5654
295
6394
2360
227223038
1874
291334741
2621
4728
531887877
3309
1362
3827
6843
1486
1059
3585
7061
6035
176866292
2503
1913
2434
138
7454
804452054
51171692
851
5022
78
32376121
854
4657
5522
2232
124465690
666
7302
5044
185
30690045
2702
2419
7797
1721
64
5184
1815
1300
681
140
4419
3509
686
2822
110638702
6261
8568
5334
989
3608
5319
597115697
2412
6457
5907
2657
924591889
1170
3522
328095336
3572
7040
639
1549
5966
3812
1362
5352
2793
3607
659
2003
1952
7105
932
7231
3761
2506
4155
4255
900216943
654
180
7420
2091
5340
3331
912
6048
2192
3558
7750
869
3145
327
4510
8289
637064081
5234
1091
5795
8437
6327
87596939
4870
587
4488
7907
4105
2719
6820
446255712
2400
25
48
2482
2223
1563
827
291
4184
2023
1103
969
2398
2404
3512
5661
3323
4754
807
838675005
187
4372
2465
7358
922
2856
3640
828
5933
7
311848608
1785
798
128306182
1330
4590
968876416
8421
1681
2802
6063
3327
451
3963
4947
533
997
5058
5741
4376
901889626
3172
419
1523
7158
4476
1866
3606
227
537609870
2824
4856
2551
1589
6756
2324
893
437
1837
991999804
1581
6718
758
3570
6570
1347
1928
437723659
6034
1197
2297
1911
375
3357
713
6485
2575
4124
4866
4632
4252
188
4446
3895
54
2166
5256
2711
6041
42
3897
561
1935
3312
1100
4316
3587
346
780204285
9098
1297
2119
1082
1373
5981
562965
718
4935
6201
922
8254
3130
2403
2822
3847
809508639
3039
31
5693
11346206
7089
2153
1717
764
6319
363
279
579264960
6650
3836
5438
930352847
4813
6493
5769
7137
504
2408
3550
5160
1460
771603955
831773908
629
1735
2638
175179584
2651
1337
6775
2459
146507
1730
553
939
8395
5217
6938
2694
2512
6826
8717
3699
696098321
181
126
4593
183923812
858028208
2174
521
62
1384
1283
4412
2525
2598
791
4425
1177983
832
224
1151
421
4420
59
2172
7823
4746
1480
5500
674894184
720
891502588
5621
462003271
2029
318
7434
2778
3556
917
3658
4470
1029
2057
2036
56
5770
21
2522
151093702
5229
279676250
3000
8088
3755
4123
6403
3459
3883
7155
247553796
3313
940
614654600
562239152
7362
5314
1242
6482
7472
683950010
3404
3283
319354304
8376
4478
3422
252257858
823
1804
1510
5222
2772
3853
8439
5810
5160
8620
348723016
3666
16
2669
206464092
437
678
4004
305
5136
1603
552911
764
604178352
836
4391
2553
4230
5378
2335
4685
2063
3638
2193
68502997
6049
3841
6467
4024
3292
1998
41846925
7951
5
703
5390
3104
5449
2435
90
7032
838
4868
2277
1098
750
1010
108
2102
3064
2067
3259
3230
96
1569
6675
4991
1021
340
4410
4807
152
2282
1571
7172
733
3467
1274
6169
6455
5200
3707
635
25893945
7373
4231
2838
1675
7131
8236
5276
5722
5394
7727
6944
5155
1324
861
6808
3079
2077
2036
2028
3373
4087
7229
198
570
411
341
3555
4841
2619
1404
4556
196473045
3614
916
4255
1807
7722
2237
240
1123
1908
54
3835
5495
2189
984
980
1007
1864
5546
2189
2528
3428
543
3506
7917
3499
5836
1119
2206
208
3622
3274
78
5934
7927
363
3537
7289
5781
1733
448
3163
3865
2964
2796
1100
3216
8008
448575716
6804
4367
4885
4869
2869
1865
692
2001
3836
3519
3332
4176
1605
972
3
2938
2555
176
3877
168
1320
5998
6611
5810
177
749
3526
5490
434
5517
3963
7136
1480
5755
6231
1505
183
5584
5931
1294
990167573
6010
1515
1345
1771
800098974
617202369
1107
6915
335496489
2305
586539490
2201
38265989
7385
48
1550
2494
1235
447
209937563
1482
372
3684
2495
3842
6681
305162095
4810
354
892913433
901
7206
703
24350
5668
3485
8857
884
259463761
445
1199
7508
723
1432
681114513
1180
657617732
508794640
4905
5506
6181
970
1433
3502
2217
824
2758
392538747
3188
5958
3400
5157
5012
481
8914
8333
1893
7079
8220
8496
1402
475
802488993
2344
2593
7321
169
86433310
3869
1650
4606
5990
5833
3695
2287
3030
6524
1201
3846
4824
469
1464
2187
1779
416
1718
5671
1879
2061
354
1866
201800331
6191
5313
758073525
3068
640
2088
3477
314
332799134
1474
132
2183
201
6620
3066
2476
1884
214
4078
183
1502
1762
4114
622
3378
660
7166
2703
1473
5369
5981
781739
1117
2246
6636
782575224
68
1148
2598
6596
3081
5037
5693
151
1225
2406
1221
4625
5054
6124
7140
1437
769
522785094
7716
5560
5957
728706147
1944
2451
2471
392
7162
426
6114
5263
1119
830
4797
3748
995
2248
387
477460043
5476
413
2481
6938
1333
34744035
2889
6712
3608
1616
6308
898
1493
3246
544
1398
472
352
2736
2705
4234
1255
787
1325
256
2462
2679
5760
5734
1278
5340
871
30
1966
5256
561
183
4202
486
3605
2790
8584
5538
5345
6237
4126
5451
4097
3638
2246
662
2180
3068
4188
1553
7717
5558
515
7671
7488
47270
5729
1154
161938783
3774
3888
799170699
533
441
5766
4504
3107
4393
2960
3648
7756
378
8540
6726
812
4269
2176
1496
12567772
2691
338
1163
718
1661
88
1030
3285
2585
7818
3457
3115
750095629
3604
6065
640
2655
330
8724
7856
6298
612850525
215
755
4619
1076
995055388
1457
7020
2449
6553
5047
2852
1043
7358
900087465
4721
3225
3058
5027
1496
6607
133
4485
2534
2755
6565
1891
521
619817798
490
2902
7669
3080
137
181
4554
3800
3947
3807
3496
33
1710
7469
4942
118
4244
2993
6344
139
2372
634391246
199
721
780
6499
1138
445
3764
5080
652102429
2697
732
3905
5102
1793
7020
666272189
7804
5545
878
6140
491
1232
4652
1869
6689
1892
2905
2251
6710
5046
9550
6973
1594
52947181
2191
1512
5348
2941
5041
2723
903
5323
4686
1562
2428
279
6339
3578
7185
8077
2142
976
799326037
1908
5944
7012
7467
5237
6425
1286
2128
2290
6410
3781
6224
1803
225
1301
1266
3880
7917
210
643
6125
287
6146
7785
2510
162
7135
2482
2832
1484
3910
785
795
7571
3542
2335
2927
2184
4987
7288
1178
2058
6265
1761
7270
456515029
3140
5412
222282
349255005
5742
5605
8809
2585
1435
132426498
3942
3964
2475
7641
2847
6435
742
2270
2462
3240
6166
1469
1663
123045743
2459
492
805
5319
1921
1947
3480
926
2250
3066
2031
5502
3125
7447
5863
1649
984
5252
470560972
1920
1299
2980
4411
3615
3423
326
5965
4878
1282
1457
5549
1591
4755
3178
3011
58
484
6481
408305215
6145
1015
243
9522
8491
2240
6143
6062
5122
3656
3092
2065
1172
1728
1609
2519
1534
542
36
4808
3120
4975
8686
6690
3941
5860
3017
2453
7179
95783098
797
1341
5684
3137
1807
7554
2079
7382
4456
4817
1158
1801
1090
598
1501
55383456
5161
3140
485
1681
3463
4558
1880
8561
5205
1190
1891
1571
1837
235
5362
1067
2139
6584
1197
5841
2794
4501
783
310
1648
7709
544
2359
548
3502
5358
6857
329
1871
2960
9038
1561
1694
3578
8168
374
1187
1934
3251
2088
3749
3131
877392010
5045
5545
2863
1659
987
238
635982625
2945
1291
3119
4373
5130
2243
1794
2979
912
1512
1037
835
3700
1338
4348
753890779
3435
6359
4811
450800911
2852
5461
3543
4504
1368
4380
5996
2633
1238
2322
1626
7172
557638817
4621
8258
4870
435
7907
5047
2783
684325513
858
7088
3534
1915
4877
4631
2716
3697
1934
384
4478
987
3560
2698
3438
3177
415
1519
7151
1324
4737
2697
6385
4877
5436
6316
48
2768
1119
266
983
2564
3242
2937
1411
1372
2652
1802
1770
1342
3551
551
5091
6288
6169
3105
7963
1789
8656
306
3892
7310
8023
6515
6670
8420
6829
6074
6013
8462
6452
6964
8795
970423067
6324
6401
6761
6611
7128
7913
7285
8698
6617
9580
8150
6166
8048
6568
7231
9008
978866101
7132
7398
6514
6345
7092
6810
7469
7922
8644
6083
6709
539205064
6186
7511
7224
6039
8394
6538
8364
8029
7861
7842
6454
7115
6566
6788
6459
6653
171671524
1656019
6341
6707
485687892
6791
8219
6447
6536
6872
7775
276820884
7575
7120
7443
6836
6167
7260
6940
8568
6175
6413
6296
6887
7941
8128
255549400
208330607
6921
7840
6427
6295
2745516
8594
6119
6055
6071
6534
6379
380910758
8894
7223
6742
8334
13215
6082
7559
6845
8703
9653
6478
6556
6938
46364321
6771
6073
6566
8138
7635
6994
8404
6091
6593
7981
6782
6037
6303
8324
6561
8440
8067
7374
6205
7842
52344160
857722534
6613
6270
6708
6164
6321
7517
9327
81654045
862118791
694845807
8204
6407
6451
6566
8663
7552
6245
6650
7132
7267
8375
6097
6670
6670
6932
9212
7359
8499
6137
6855
9178
7935
8254
8926
6821
7933
8554
7471
6150
6104
7905
7219
7402
8032
7209
6029
7240
7246
6230
7036
7533
7906
143078862
6106
7271
7570
6627
8443
8636
6541
6019
7951
8193
8758
6062
7953
7733
6179
8218
7677
6208
7025
6513
7551
8205
6058
7085
7555
937974119
6227
22446071
6127
6484
6868
6521
7618
6568
7280
8538
6339
875398067
6433
6132
687794059
6502
6520
7664
6511
7716
8259
7972
754962026
6513
6810
7793
6036
7291
6620
25827
6480
7301
6576
6527
6272
7163
6283
6320
6225
7777
6083
8036
6788
6386
6438
8589
6834
7330
7160
6349
138122347
6374
6129
8050
7510
8841
6256
6927
8064
7307
6266
7198
7186
7091
6141
6457
7879
6186
6321
6790
6014
125911231
8011
7500
7036
7602
6280
8357
6766
6276
6485
6924
6664
6730
7754
6559
7543
7600
9059
6627
8643
6977
6673
6287
8687
6290
6011
8010
6573
7856
664874006
7176
8422
7301
7236
922653
6274
6115
9248
7569
6698
6564
7072
6700
7545
7751
7200
7914
7010
9318
6017
8982
181835816
6338
7234
6891
6533
8579
6278
6331
6087
6356
8205
7843
6529
125784
6276
7084
9283
8536583
6692
7741
6985
6025
6700
7594
6381
6353
7037
8822
8955
7137
8261
6436
8523
6189
6531
7801
8807
6656
7652
7817
7150
9107
6103
7176
6668
6012
6310
8367
7557
7268
8940
6943
8306
2263197
7242
8615
7654
6516
8120
7188
7395
8255
6435
6489
8647
6875
6974
6221
6494
8223
6990
8903
6025
6754
8057
7023
571705699
8787
6282
7944
8244
7345
8533
6229
8182
6904
7780
8291
8899
8243
6277
6138
6296
6390
7283
9490
8257
6053
7459
6410
7615
6828
6540
6103
6068
6790
7274
6600
9593
8280
6806
6788
6404
6061
6233
6824
7043
6210
7666
161195
7635
7684
135518796
6423
6865
8492
7287
6519
7572
660421
7220
7074
8711
6310
8144
7331
6257
7225
7139
6179
9075
8208
7620
7182
7958
8475
7593
8552
8217
7049
7990
7601
6691
6158
7371
6687
6814
338808473
972019606
6638
8277
6173
6403
34309
6091
7983
7310
6659
8524
7912
6893
7996
6250
6988
7274
8059
8098
6062
7665
6289
8395
7006
6510
6598
7108
6920
7158
7257
6917
6268
6460
8551
8527
8244
7800
7172
6037
7079
6006
6219
6669
9289
6055
6724
7008
8074
7234
6727
6595
7922
6837
6366
6592
7049
6197
6809
7841
6021
6811
6047
8274
7396
6352
7569
6133
7508
6720
7865
6378
6112
8593
6918
6166
6446
6644
6354
7703
8111
7808
6634
6168
8152
7176
190882723
6163
6506
6897
7485
6718
7461
9280
6021
6011
8271
6820
6896
6587
7016
6499
21418907
6064
6158
230074017
6383
7101
6950
6263
8250
6276
6574
6839
7076
6300
8792
7770
7752
7526
6866
9504
8103
7505
9265
6019
8869
6083
6892
7704
6288
7136
7284
9014
28794474
6085
6252
6675
6154
8064
8050
7838
7752
7252
7525
6695
7561
8493
7301
7513
7150
8595
6331
6194
6578
7112
7672
8847
7185
7673
7111
8599
6193
7008
6985
6244
6789
6509
6060
9334
8657
9562
731608
7133
8673
6494
9005
7091
6887
6603
7861
6977
7069
116359118
6453
9277
7129
6902
7711
7186
6275
8427
6635
7044
6285
7769
6332
6207
6179
302694736
6479
8543
6575
7955
7584
8042
8994
6815
7587
7049
6169
1662835
6866
6079
6447
7945
7749
7362
6286
6912
8073
86446719
6753
6608
6087
6660
8982
7016
7426
8159
6211
6580
8904
6216
15378008
6654
6752
6850
6255
6593
6347
6998
7845
6713
7036
7122
8490
6150
7541
6253
8573
7417
6028
6960
7044
6873
6098
6486
6969
6242
8295
7879
7951
6950
9216
6974
7128
7209
7632
6409
7383
6708
8875
7006
6524
9597
6693
6934
7080
7980
8961
6102
7965
7577
8210
7516
7346
6174
6811
6534
8676
7205
8224
7191
7803
205161254
6295
6582
6675
7316
7063
6108
6911
7612
6480
6648
6721
8307
7213
6230
9066
8771
170070506
7495
8947
7879
8338
6690
6132
6893
8375
9521
8166
7431
7264
7161
284895801
6603
7130
6483
7950
7979
7118
7312
7920
6480
8579
7303
7782
6477
6134
6980
9193
7144
8422
6970
6139
8287
273275754
6352
6394
6821
8852
6382
7345
8182
6448
30804
6322
6682
7077
7704
6459
8836
6066
7725
26295
7628
6598
6070
7008
7994
6397
8862
6516
8588
8504
6490
7414
6984
901821307
6218
6199
268295612
6267
6805
7085
6604
6142
7567
913755313
7527
8992
8534
8626
7513
7871
7401
8501
6736
6043
229782237
6071
218234220
7050
6531
7026
8661
7614
6019
6656
7682
469365189
7834
6876
6525
6663
8764
6867
8138
6525
6489
8130
6589
8425
6047
8824
7995
897718635
7028
6842
7950
8177
8798
6506
8767
6235
7820
7849
6337
8515
7095
7073
8037
6067
7662
7279
7769
6089
8475
7346
7130
6868
7006
8515
9206
6727
8795
6594
7482
7441
7342
6902
7061
6943
8197
8779
8188
6144
9237
8092
6483
8731
9521
8254
6759
6377
751486901
6802
6444
7380
6045
7496
8096
7011
6982
6309
6073
6456
7216
8363
9125
6162
6008
455282112
6447
6308
6019
6917
6847
7085
6254
7469
7904
6966
8005
8627
7895
7170
7796
8387
8909
7033
6706
8052
6949
7097
7558
6317
6757
8519
6620
7210
8545
6294
7692
7139
7343
8098
9097
6387
7034
8531
6524
8051
7054
6062
6303
8684
9218
6264
6228
6049
6436
324931473
7178
7489
6215
6373
204689149
6888
6765
7263
6395
6889
6758
7444
6690
6313
7264
7866
6220
7143
7056
6254
6555
9371
6872
6188
7971
6210
8789
6550
8385
7574
6495
8409
868134494
6161
7117
6197
6124
6730
6849
6165
8912
7184
7051
7643
7204
7301
7966
7545
7604
7500
6366
7187
8136
6077
8869
6948
9113
7992
8074
6987
8770
7551
7343
8681
6382
8435
7816
6734
6015
8010
6646
8070
6362
8074
6176
535786254
6379
6454
7000
7459
8344
6696
7137
7872
612105
6009
7766
6149
7641
7762
6055
6028
6609
9177
6382
8048
6015
7830
7627
6775
9611
6814
8871
7965
6406
15251122
7096
7487
6347
7285
6619
7117
9543
7122
6647
9052
6363
7465
6124
7816
6227
8683
6423
7083
8126
6728
6067
8727
7274
8420
7672
7856
8491
8017
6554
7082
6293
7803
6017
8727
8543
7523
7634
6137
7385
7450
6792
6445
7850
8843
6484
7184
8415
9057
8924
6051
6494
6750
2752803
279081094
6883
8088
7189
7109
6676
6381
6280
8437
6759
630406201
6919
7164
7290
7393
6532
6903
6874
7209
6154
2299109
6598
7832
7319
8330
8208
6529
302268166
7382
8464
7456
8034
6536
7263
6196
6925
6313
6714
6679
8475
7631
7109
6725
6716
6970
8044
7105
8116
8337
6520
7010
9007
6382
7097
6726
8115
6110
8734
6035
7489
8044
7023
6134
7612
6381
431057784
8881
7704
7560
6228
6209
6995
8207
6541
6712
6745
8133
7408
9007
8752
7977
6191
7312
6946
9081
6126
8569
6856
6483
6992
6791
8292
7594
6206
8217
7444
7517
6080
450832446
46022
6184
7040
7682
7410
7369
6715
6659
7051
8059
9133
9113
7148
8205
8564
6553
8488
6429
650098
7916
6423
7506
8300
6319
7877
2651132
7573
8141
6111
7524
8562
6533
6473
6870
6503
6048
6512
7616
7933
7063
8115
6224
6847
6726
7778
7041
6221
9725
7570
6633
7437
7909
6779
6606
7429
6790
7606
8606
7091
8221
6518
9216
6108
6230
6812
6018
6790
6824
7251
6441
134962021
6119
946622119
6602
6841
7957
7249
7741
6592
7313
6859
452371652
184785474
6969
7250
7995
7073
6890
9336
6353
8598
7835
8126
6100
7194
6685
6047
7892
6690
6140
8054
8814
7518
8866
6106
8162
8422
7120
6187
993253314
6423
7105
6188
6091
900645520
7586
45029635
6301
7736
6231
6984
6016
7017
7935
6016
6576
6855
7299
7433
6508
6378
6955
7375
6762
6771
6745
9299
6201
6959
6985
7362
6366
6641
7123
6610
8398
6724
6216
6721
6878
8883
8044
6043
7892
917312369
7310
7499
6912
573713407
7291
7718
8404
6461
7502
6752
7591
7057
9416
8117
9425
6881
6688
6115
7292
6951
9458
6022
8796
7770
9229
7410
6061
6104
7400
7016
6973
6012
6359
6435
8675
6434
6464
441371009
6778
8940
7577
7031
7426
7284
7663
7318
8430
7159
6380
65731261
7826
8741
8964
8443
6231
207098659
8657
867716988
8528
7563
6081
770674703
6049
7281
9358
6105
6695
7648
8087
7555
7671
8705
7728
6551
7068
6911
7207
6357
6483
6087
458807835
6582
6418
6330
6140
6851
7561
8710
7831
6690
7725
6430
6571
901429508
6364
6025
6304
7307
7416
749508613
8153
6154
7288
9398
6775
8404
294285
118725
7847
6722
7761
6862
6471
6692
7453
7597
6542
6437
6162
8613
8479
7264
7239
8888
6400
6539
6727
7090
6005
7291
6148
6040
7655
26888
7735
6539
8875
7150
8507
8526
6958
6819
6433
6982
7496
6539
7264
6215
6900
222976506
6834
9232
8030
8038
6718
7206
6594
6281
6791
7813
6817
6883
6040
8287
6713
7583
230729557
6288
436606885
6128
7983
6182
6544
6051
6872
6582
25153254
6385
7284
864601432
7630
6737
6605
152320433
7231
6952
278500791
8310
6404
9269
6178
8630
8635
6437
6079
9115
67010
7707
7377
6684
8133
7975
6280
6099
6216
2269629
6309
7282
6126
8526
8291
6922
7284
7190
8299
8166
6184
7966
6434
9212
6662
734140549
7389
6712
7926
7648
8345
6865
7877
9753
7515
7602
7274
9184
8245
7023
6951
8870
6546
7966
7344
7763
6701
6921
36021
6818
6505
9690
6545
6670
7384
6483
6966
6807
6349
6365
7364
7732
827359785
6384
6580
8209
6018
6611
7162
6807
6278
7282
6271
6097
626849988
6473
6066
6778
8642
6659
6088
7082
6038
6755
7781
7022
8701
8469
7253
7135
7163
6619
7231
7158
7251
543937030
6233
8169
6582
6256
7695
6746
6274
7811
9141
8732
7628
7117
8303
7471
7568
6653
7251
7695
6337
9044
8316
6185
7164
8409
6134
6463
8173
7917
583121064
7184
7449
6637
7555
8269
8919
8208
7392
9269
7077
871174697
7444
7530
7316
8655
7716
8090
6244
6163
8948
8719
8897
6376
7896
7239
6371
8056
7572
8888
7588
6640
7618
6325
8121
6287
6012
6080
7185
9432
6844
7854
6936
6859
7043
8260
6994
6769
6749
6841
6718
6334
7938
8304
8328
7891
7138
6386
9266
8565
9350
7049
6947
8813
8112
6475
6406
7205
7521
7389
9052
8639
6388
8942
6697
6777
7149
6243
8406
8248
6630
6764
6513
6867
6750
8836
6271
6152
8869
6760
6617
6246
6887
8951
8562
6507
6939
6181
7634
6366
8222
7887
6367
7972
6686
6185
7134
7643
6009
6243
6699
7511
7327
7720
9024
7238
7058
6689
8970
7130
7910
7129
7353
6526
6154
6353
6856
6757
7535
6763
7275
6636
6522
6609
6121
8770
6381
6601
6683
6660
7818
6098
6837
7894
9277
6751
6021
8848
426502453
9741
6387
8444
6288
9006
7709
7967
6356
8663
7381
7699
6950
9137
8241
8074
9378
7464
9384
8157
7893
6859
7261
8110
6465
7100
8596
7455
7520
6252
7834
6725
6235
6761
7996
6489
7891
7012
6262
6571
202093028
158219773
6848
6914
9380
7311
6952
8314
8045
8689
8420
8285
7122
6569
8690
301822766
8832
6908
8514
6147
113024151
7003
7692
6522
6822
8970
6003
8763
8552
6852
8882
7978
6947
6541
653775810
7040
8111
7113
7054
8426
8396
6388
6310
6057
6201
9305
8353
9794
6080
6974
6754
6136
6504
6041
6771
7921
7791
289779358
9629
7262
8097
6509
7861
7098
6238
6531
6744
7239
8087
7817
7497
6519
9329
7062
8153
6027
6570
7747
8990
8067
7302
6248
7586
7984
8065
8682
6578
6922
7339
6341
6265
6432
2899931
8099
6472
6177
6373
6564
7435
6230
7471
7158
8665
7160
6694
6263
8209
6376
8370
6094
6619
6380
8073
7753
7001
8610
6267
7304
6936
6154
7264
8534
7435
8812
6550
8646
6681
7549
6035
6018
7074
6033
7658
6479
8197
8499
6070
7452
7290
7149
6567
6489
7488
8949
6999
9532
9176
8051
7151
6934
8004
6596
6429
8931
6317
36421
7717
7339
7116
7222
7511
8223
9301
7445
7901
7399
6987
9558
7337
7329
7890
7129
6915
8522
6389
8360
7579
8349
6138
6243
6253
6014
9086
8814
6903
6347
8644
6326
8667
4705985
9486
6480
7227
9026
7491
8137
6192
7294
8048
7151
7871
7643
6248
6418
9198
6607
6990
9552
6055
6020
6680
6615
7799
6965
6070
8018
8370
6954
6065
8916
7752
8668
6799
7470
6482
8033
8798
6631
7657
9051
7951
6897
8058
7388
215913460
8260
6448
6291
6253
6126
7679
8379
8052
6068
6444
7664
8455
8196
7052
6924
7374
6920
9239
9262
8403
6754
6188
7540
7961
7661
7725
6105
7112
7811
8357
7897
6483
8915
7879
7374
8394
8224
8978
8237
9497
8320
6908
7413
7171
7078
7344
6374
8717
7447
7281
6219
7030
7062
7977
8369
7058
6831
7344
7088
7237
75017848
6785
9174
6380
8219
6309
8700
6179
6254
7700
6003
6521
7466
6543
6019
7680
9092
8166
6173
8423
7634
6139
6354
8745
7028
6823
6226
7914
9205
6699
6078
6492
7811
6676
7144
8661
7778
8298
7759
7376
7574
387974782
6360
6315
7573
6649
9313
7066
6496
7108
8317
6833
7715
6130
8602
7654
7698
7940
6323
8879
7305
6873
6849
279402
6526
7742
409328777
6314
6272
8989
6978
7792
7054
6728
8215
7362
6056
7416
8568
6432
6886
336590576
7070
6094
7326
6050
7363
7408
6510
7080
7983
7485
6730
7031
6334
6453
9810
7514
8456
8753
6033
6321
7902
7256
6570
6542
6201
7861
6805
6148
6104
6694
8025
8567
7249
6700
6659
232952719
6165
763898696
735659363
6794
6247
8457
7934
7259
6811
7862
6072
6657
7856
6931
7708
6429
6635
6052
6555
8852
7412
9201
7726
7824
7058
7045
8032
6751
7460
6446
6735
7992
6744
7304
9275
8602
6132
7087
6640
7091
6140
6947
6681
6683
7682
6547
8098
7530
7007
8095
7067
7619
6785
7056
7105
7810
8540
7473
8313
8051
6367
6065
10695530
6066
314982
6831
8282
7739
7194
6962
8223
6710
185331735
8578
6131
6852
8637
7835
7016
44615
7155
7920
7506
7853
7283
6282
7215
672641
6039
8784
6344
7537
7661
7387
6743
6381
8410
9394
6798
6115
6574
6618
6572
7007
667198
6038
6811
6272
8969
6134
7655
6377
6933
7868
6189
6429
6921
8598
7142
7113
6132
8642
6130
9559
8422
7112
6802
7518
6665
6273
6244
6471
9220
7549
7102
7451
6692
6305
7956
8144
6500
7361
8133
6650
7355
7602
8361
6949
397784743
6247
7744
8847
6036
744170858
7162
6208
69671873
8241
7772
7315
7164
6422
6594
6717
7597
6407
6819
9961669
6197
7953
6594
8165
6755
7427
901381596
7637
8528
9586
6434
6928
6211
6351
8293
7321
8022
28175
7603
8154
8070
6705
6156
6584
7443
7904
7633
6949
6902
7153
6948
9160
6366
6038
7833
6690
7794
6385
7501
8666
125806891
6177
8413
7281
6807
6753
7990
6502
6673
8582
6701
9149
6176
6009
9686
7437
6819
7476
6595
7951
7816
6624
7513
8589
6302
6620
9645
6331
6733
6758
6347
7565
6669
8438
6823
7533
6319
7141
7061
8222
8329
6678
6239
6777
6706
7817
6059
7044
6050
6741
7541
9517
6055
6587
9050
7355
7722
7754
7659
6257
9160
7690
7876
6585
7323
8353
8643
7999
6506
6241
7492
8797
7329
9186
6991
6914
7585
9709
6371
9056
7330
7418
8092
7701
7609
7733
8165
6734
8172
7684
7008
6592
9213
7564
7856
6417
7478
7949
6352
6991
8346
5961473
6453
7917
6500
6071
8422
6474
178838051
8763
6867
6289
6204
8278
8581
993919467
7794
7704
12526373
8284
8155
8984
6810
7418
8670
6741
6426
8998
8968
6917
6782
8138
144353469
6109
8338
7845
8548
6817
6646
6665
7800
7208
8695
42362522
7924
6530
8670
6905
6884
7243
8209
9118
6928
7689
6133
6386
7459
8193
8855
7546
6905
6869
7752
7175
6228
7936
231360332
6244
8913
8616
147396
8984
6177
7254
8602
7829
6785
8198
8251
6347
6495
8056
9668
6341
8642
654825470
6808
6452
6844
7836
8211
6054
7388
6475
6260
6871
7112
7274
45552
8250
7748
7271
757028131
9016
7488
8836
6491
7179
8284
89257277
6380
6287
7396
8301
6545
7781
839268386
8765
6631
7249
6731
6260
7477
6421
6348
6179
7087
6476
8693
872310997
7221
8643
8309
6320
7147
7572
1102071
7420
7622
9264
6641
6115
6599
7053
7496
6209
8306
6844
6378
6875
6568
7145
6310
6453
6426
6135
7497
7994
9696
7690
7017
7687
2683137
8573
6496
6201
7431
6933
6254
8109
8779
7722
8569
7164
7193
8213
7129
6866
6878
7679
8758
7101
6497
8971
6177
9019
7729
7355
8308
9208
7269
6959
6214
7468
198404597
7064
6914
6260
7616
6430
6371
6348
6892
6636
7752
6399
6576
8328
7368
8297
6772
7808
6229
7710
8224
6013
7852
7739
8431
6910
7935
6077
8931
6662
9462159
6165
6600
6100
6822
7103
6141
6474
6566
6295
6753
31477
6919
6823
8575
6259
63315405
6193
6292
7018
7818
7559
9364
6145
6224
7443
6373
6863
7776
6538
7364
6779
7169
6792
8898
6075
6267
7515
6549
6934
8087
7146
7806
7417
7889
8099
7407
6761
6596
6921
7306
6110
7615
7154
7230
6573
7157
6250
7051
7034
9295
7927
6652
8082
8296
8178
7477
6051
6638
8457
7828
8009
6545
6163
7214
6999
6569
714041570
7839
7033
7840
6793
7991
275947
8203
7077
7048
8539
7103
6851
6300
6347
7561
6416
7205
6223
6628
8601
7115
8826
7504
6919
7291
7776
6185
6301
689612191
6498797
7404
8484
7048
561594777
8766
7400
8092
9232
7911
8000
7744
7834
7147
7894
6552
7001
6949
9447
6303
8231
9150
8252
8256
6132
6660
8457
7910
7312
7158
6276
9147
6930
6510
7659
7516
6167
7745
8422
156687
7431
6889
6998
7257
6470
7474
7742
8373
6770
7343
6059
8192
6425
7546
7406
7261
7593
6481
8780
6080
6342
6717
6234
6898
6129
6366
9219
6117
6778
6938
8964
364097
7728
7266
6184
6838
8367
8199
6331
6006
7579
6919
8734
6499
7134
7532
7593
6700
9656
6056
7376
6066
6068
7024
7630
6123
7197
6692
7840
9216
7264
7124
6964
6336
8364
7689
9621
7229
6113
676747781
6841
7693
7190
6239
7910
6219
261496526
537141674
7455
9056
7606
6945
28137
8838
6578
6183
6439
6165
391491215
8320
6672
7605
7237
7328
6422
6622
8875
6258
6024
6924
8029
1549989
8026
6967
7629
6837
6139
7604
6098
7692
9672
8235
7833
8963
7713
8271
6061
7779
7093
6381
7741
8311
7253
7325
6780
6892
6148
9761
8128
6872
6083
6464
6259
8569
6327
6948
6403
6216
6381
6300
7869
6245
6343
7569
6272
7042
6288
8128
6184
6418
6488
7350
6789
8540
9486
6058
6473
6338
7612
6133
7375
6026
8101
6283
6219
6460
8572
9084
6843
6066
7864
7967
6386
7194
6083
8065
7966
8042
6193
8601
8483
6530
414859597
8364
7024
6352
6414
6582
6474
6696
7031
7444
8136
7010
6939
7056
6101
8829
6217
7360
9618
7085
7707
8655
7074
8984
8744
6080
9251
8608
6133
6194
8013
7082
9423
433294699
6617
6786
7749
8075
6762
7824
6135
6905
6259
848736009
6350
8491
6955
7942
6440
9401
6071
6581
8052
8587
8770
7779
7713
8366
8563
9532
6147
7132
8655
6242
8516
6387
6557
6785
7401
7215
8948
6039
9236
7835
6036
8313
6403
6023
6989
6289
7643
8685
6250
8821
6988
6277
6388
6505
7252
9453
6513
6102
6806
6428
7051
7163
7347
6724
7176
8071
7582
6077
7899
7260
6796
8807
6889
7075
8757
7397
6330
7714
7112
6236
6740
6581
6986
8279
7212
7962
7215
6666
8169
9293
6175
6622
8023
6582
6576
6427
8022
6759
7956
9065
7421
7940
6585
7237
6761
7501
6867
7342
6094
8001
7335
6270
9695
6498
7236
9296
7031
7371
6611
7384
6277
7783
158987
6355
8354
7799
6383
8461
7627
7541
6906
8487
7002
7151
8164
6967
6759
6538
6197
6632
6781
6776
6307
6768
6286
8356
6067
7389
6336
9068
6626
7384
8148
6385
8416
6308
7541
8044
8487
8152
7795
7442
7663
8573
8517
6306
8234
6541
8486
6722
9299
7071
22491428
6891
6095
36385
6061
6152
6395
8125
8441
6360
7387
7258
6566
7298
6805
6552
7993
7635
7384
6617
6248
8803
829335329
6111
7422
6636
8000
7167
7354
8377
6024
6255
7794
6436
6164
9830
6787
16487229
6748
6594
7043
6221
7046
7551
373156
8296
6596
6885
6282
6579
6660
7278
9111
9040
7617
6565
8935
6043
6272
6468
7168
6261
8752
7074
7009
8352
7354
9577
6863
8534
7089
6187
6210
8346
6254
8999
6561
6418
6262
8181
6980
6496
7617
6762
8766
6945
6537
7592
9118
7779
6054
6626
6066
7365
6935
6026
7159
7732
7666
6979
8358
6179
6636
6702
7547
6979
6756
6166
8373
8042
6193
6439
8416
6986
6740
7282
7197
6059
7561
7705
6060
6691
6008
7937
6759
1205825
7715
6102
7024
7805
7465
6375
6122
6238
6736
6809
7663
7725
8725
7895
6469
753183287
8412
6741
7080
6010
7073
6336
7719
7878
7275
7380
6606
8790
6997
9799
7352
7767
6573
8857
6479
7257
6247
6397
575911222
6195
8762
7473
6017
8533
8086
6019
6479
6441
6246
6298
6523
6462
6935
8300
7179
7194
6795
8038
6258
7587
6231
6697
8915
6511
7713
7542
6774
6172
6159
6699
6369
6119
8884
6273
8452
7517
7404
6172
7398
6206
8685
8842
8198
7701
7895
7859
8303
9260
7244
7231
6549
9056
6356
6958
6643
7541
6418
6049
8182
7665
7400
7401
8946
26657486
8692
7209
6949
8186
8793
6490
7306
9240
8088
6377
7465
6881
8144
6298
6026
7535
7014
8439
7904
6665
8838
9665
6544
6074
7591
7430
8404
6255
8682
6521
8728
8419
6824
6509
6387
7340
8162
6409
7687
6630
7761
7477
8334
7795
6782
7557
7722
6977
6965
7274
6475
6202
6867
7959
6453
8142
8309
8166
8525
7135
8671
7570
7809
7180
8172
6807
7906
7538
6617
6431
6091
6983
6241
6336
6133
6247
6222
6852
7218
6239
6743
6967
8080
7141
7028
6775
7817
6724
302521969
7374
6298
850073338
6792
7544
7811
6686
9387
6500
7502
6325
6310
6125
6472
6161
6027
6153
8494
7879
6016
8508
8497
6508
8847
6766
7359
7109
6952
7468
7274
6953
7870
6242
7791
7758
8787
6975
7503
6327
7060
6617
7644
8004
6482
6714
92201437
6032
6186
6471
640558425
7144
6582
7498
6114
6552
7561
8518
6222
6162
7055
6204
8605
7654
9639
6163
6877
7638
6021
6329
8841
9524
9059
7773
6072
7715
6430
6214
7292
9241
8988
7313
7413
6694
7331
6502
6448
6916
7015
7838
7213
7395
6222
7044
7757
6238
9268
8538
6230
6397
6525
6514
6612
538235233
6463
8572
8981
6576
8653
9179
7234
8242
7454
7526
7185
7743
6999
8913
9038
6877
7269
7439
6881
7189
7641
7741
7664
7183
6673
7345
8108
336416236
6172
9468
7714
8559
7225
6143
7314
6685
7625
6199
6098
4561187
6339
7642
7448
7626
7298
6246
7986
6848
6358
6899
6326
8335
6678
6509
8924
7080
8293
7920
8655
7638
6327
6508
6578
6271
7104
7507
6540
7931
9011
7497
7057
6311
6919
6575
8279
7136
6539
7544
7545
6326
6287
7132
8094
6077
6593
7004
6010
7642
8646
8062
6085
6091
6339
6183
6515
6652
8367
8223
6340
6557
6636
6487
7676
231213731
6328
6678
7812
8826
7934
6389
6057
8168
6298
8226
6745
8419
6735
6194
6392
6928
1493993
7870
6683
7412
8684
8193
9802
8095
7814
6102
6253
9599
7669
9692
7269
8205
6816
6052
9058
6934
6081
9289
6696
6194
6388
8417
6926
9123
8798
6491
8363
6697
7293
8401
9421
8964
6211
6218
8952
6480
7421
6800
6822
7832
8155
7790
6991
6625
7678
6461
8437
6186
8237
535910389
6428
8549
6492
9715
6363
6473
27951
8159
7219
6665
7659
7229
8122
7775
6722
6915
8292
6369
7196
8528
6804
9358
6044
6082
6956
6553
8770
6964
8824
6580
7321
9048
7113
6419
6642
6048
7390
7486
8407
7417
6285
6420
6325
7741
6307
7968
7859
7737
8255
6279
6799
9385
8188
6889
8073
6460
7321
6891
6711
6198
7876
6787
7717
6312
7382
7425
6392
522195465
7869
6801
8200
6975
8008
7016
8019
6139
6861
6439
7838
7687
6383
7230
6062
6066
6193
6344
7774
6802
7404
8807
6959
8831300
6095
8050
7577
8737
6365
7285
8439
7091
6529
8760
6047
8057
6786
6549
7241
8337
7721
7061
6007
8757
6611
6773
7518
6802
6810
6121
7691
7223
7455
7218
8161
8490
6743
6272
8405
6282
6605
7059
9093
9131
6264
8573
6529
7571
6233
6413
6445
7415
6102
7702
6406
7963
8195
8273
7516
8693
7387
7096
9057
6314
7419
6028
6552
8193
9295
7899
8112
7655
6415
7168
7103
8233
7752
7714
8854
7733
7224
6212
9640
6833
8762
7868
8170
7710
7116
8320
6017
7744
7113
6628
7748
7656
7434
6929
445402015
6327
8109
6591
7056
6470
8126
6206
6221
7593
7279
7096
6548
6906
6737
6651
7772
7925
8055
7071
8996
6188
8894
7828
6225
2212370
8345
6227
26246
6951
6241
8648
8443
7869
7775
8630
6578
6860
8026
7778
7622
8519
7753
7459
6557
7572
7923
8905
8466
8280
7449
8329
7270
6862
7659
8144
7931
7475
6533
7214
6023
9242
7318
6996
8586
64665
7335
6382
7225
7570
8999
6385
7986
7601
7171
8312
7510
8248
6319
6524
7884
6892
8867
7817
6356
7146
6697
6362
8435
9209
9664
7741
8584
6688
6572
8452
8048
7531
6657
9411
6294
6278
7358
6364
7136
6475
7247
6747
9276
7204
8035
7107
6660
6490
8519
8164
6843
6548
6506
6231
8966
6533
6582
8816
7160
6595
8267
7651
6282
7686
65235
7288
7731
8089
8105
7137
7314
7256
6143
7694
7267
7169
7117
6660
8610
6998
7882
8152
8749
9652
8832
7180
8290
7458
7553
6490
7072
7334
6452
8219
7628
6633
6298
409849183
6314
6615
8067
6590
6207
9050
8801
115096621
6242
6849
8094
8848
7266
8652
6055
7253
7058
6154
6968
6764
7902
8302
7907
7988
8901
6231
6134
9771
6412
7413
6728
7002
6521
8489
7354
6088
8517
9371
6556
9383
7057
7713
6330
7261
7920
8817
6242
6688
7737
7257
7880
7695
9249
6856
6290
7721
894791273
6553
7245
7496
7829
7719
6572
6276
7179
7593
7630
6266
9633
8904
6826
6860
7746
6368
6645
6788
9328
6707
7684
7325
6858
6428
8182
6537
6511
8422
6607
7577
7514
8170
6357
9055
8234
8346
6237
6172
8093
7723
7628
7808
7241
592198901
7805
6566
6658
7501
6674
6348
8367
6414
7605
7898
9634
7532
7153
8713
9150
8170
6484
8277
7503
148636311
6219
6081
6204
8210
6362
7350
6154
9439
6967
6025
6395
8891
6204
7289
7547
7225
6139
9252
8879
6163
6380
6728
16928015
6739
6615
7027
8307
6039
7829
6550
8984
7944
8538
7308
6092
6273
8647
8441
8709
7868
8362
6811
7471
7834
7377
7293
8994
7413
8754
8122
6421
7745
7389
9027
6165
6727
6555
9311
230283
7930
6779
8257
6101
8072
6305
7912
9502
6323
449153207
6265
8006
6300
7525
6854
7084
7676
6672
6689
6349
6961
8808
7434
7159
7907
7405
6376
7339
6953
6538
7495
8055
7037
8817
6284
8264
6559
6606
7303
6149
7005
7719
7953
8168
6454
9387
8219
7459
7375
6680
8466
8354
8483
6184
6113
6128
7486
6959
59780777
7728
6556
7050
7767
6158
7922
6291
6601
7906
7197
6944
6485
7521
6407
6632
7152
7947
6159
6555
6194
6293
8631
8513
6496
6551
6144
8409
7253
7506
7354
6047
6302
6920
6554
6819
8582
7684
7191
7858
7437
8026
6103
6515
7030
7748
6723
7098
6971
6951
6031
6622
6428
7067
8346
7324
6261
6067
6101
6525
6724
6035
7810
8504
6780
8621
7803
8484
9331
8558
6430
7070
7969
8703
8970
7077
6628
7187
6676
8534
6338
9445
8432
7753
7625
7286
6559
8272
7830
6483
7851
7043
7298
6975
8616
7155
7886
7464
6168
6713
9410
7736
9476
6692
7887
6743
7263
8534
7491
6054
6261
6302
6436
8074
8642
6519
6791
8252
6984
9029
8408
9311
7196
7592
6781
8064
6520
7109
6038
7866
6062
7171
7786
6007
7529
6736
9057
6235
9036
9126
7235
8591
6437
7870
6759
8770
6759
6513
6673
6495
44494
7699
8583
8830
9003
7604
7757
6950
8105
8150
8783
7031
7087
7459
7068
7882
9009
7197
8089
8787
7281
8378
7656
9093556
7854
8614
6323
6287
7268
6482
6464
7356
6161
8268
7864
7261
6334
8216
8218
9454
6319
7433
7386
8697
6824
9191
6283
7394
7785
6531
6665
7080
7867
7280
7719
6636
6211
6055
6949
6989
6448
8863
8246
7328
8689
6449
8674
7211
6377
7353
8172
9520
6516
7058
6919
6314
6102
7021
6689
7520
7557
8683
7149
9139
7492
8239
6631
6197
7898
8500
7194
6992
6270
7003
8086
7398
7416
6019
6085
7903
6366
6122
7338
7895
6163
8746
7280
8692
8827
6375
9289
7347
7040
6025
23874035
8057
9868
7131
8043
6082
7678
6541
6277
8352
8067
8595
6102
8778
8094
6902
6328
6316
6453
6492
6703
7220
9138
7292
7624
6185
6261
6079
8519
6103
8251
6165
7734
7808
6423
6717
8051
7934
8099
7901
7895
6254
8222
9573
6203
7686
6119
6441
7548
7497
6538
6290
8060
6722
7854
8013
8206
6350
6018
8859
6594
7029
6526
8436
6606
6418
8437
6348
7534
9473
9264
7328
6397
8144
157851
8805
7247
6426
6245
6161
8535
8873
6356
7519
9178
6257
6468
8015
8446
6058
7144
8936
6663
8808
8008
7505
6807
9351
8269
8676
6578
7479
8865
7600
6043
784791544
616076703
2373
235867158
586
276
2516
757094152
656717980
721
745
425537928
444522646
868046942
118023568
316062696
803770224
63030298
986374377
1074
722
870920915
4551
801858009
35
655359668
793257720
738022972
1148
286
166268695
671907828
840225991
1420
909
416207821
2262
1512
4795
53196909
3391
959
1006
975
848137119
276795996
306076538
1266
299182552
78858601
950510816
887805846
389
163618498
542262907
447929015
45
74332133
522
707107673
482748297
287351177
310710336
372020902
77
676694578
1908
25621149
1476
561090801
6992866
1089
716027061
5466
516920739
2453
909467031
1531
929329280
913533141
751
34946278
421757712
560630716
1015
502799478
650499818
87
482
89
731573515
211794638
409161675
3773
938887716
867432439
6104
874491937
612
837557564
977628147
7244
398063466
113279444
1742
1652
5101
5260
3255
2828
350
7056
2665
7083
1597
885036744
4483
4388
4841
847499447
976
5933
5785
2454
1007
969
611
91015682
5191
7634
6351
152740323
822122447
230
1586
853
2402
3805
1269
8192
244911164
554
4284
1561
3135
5457
5085
5171
1951
6074
1237
431
4677
7240
2683
5966
260
27
3387
6516
2089
7678
4452
4139
123
2399
128
3
259
5171
1131
4924
2861
2609
203
4382
2176
3767
6851
346
4214
2461
5493
804665511
14589
4884
6609
1170
2909
2396
14774651
3196
4774
4837
1049
2332
1214
864
194
4061
4061
6435
4717
2802
2154
148
3934
6034
5394
155
2968
549
609795726
3997
1734
6798
1051
7308
6440
2421
1452
96289827
5357
5876
234
3674
3192
1349
7999
169
2355
2647
7161
3634
3723
963
1404
2173
125
7463
2476
1716
950
3545
3324
2056
3224
5891
5366
4182
5065
2200
789722439
2607
1453
1070
1122
42713436
3053
8619
138901966
2453
3464
5899
9310
554
500
486
2230
57359501
4472
186
2662
4974
1158
385
2327
591
796
108
797
426602051
2716
3227
2526
4960
3921
4411
3192
2349
178
5622
3249
2668
4530
193851990
3988
6355
8672
983034415
2102
214
5985
2946
1905
711
1879
5288
2382
1874
5151
41412339
5626
682
132074180
315831341
5357
7539
8266
3522
5737
1824
4154
7018
368931827
4293
572
2410
1972
4518
896
638
6122
1153
2123
438
422165302
6034
7555
3841
2929
735
1013
2999
4903
8185
6265
710
791784535
723
3803
257
1141
8260
5236
2334
5665
4901
3105
3599
910540951
2916
139
1124
5305
8811
2673
3476
8
215
27
808
638295544
2720
2809
288
7511
5066
2589
2264
6451
6731
5733
7463
2043
4537
7430
3851
3111
1921
7857
3201
5232
311
838634585
810
1618
104
5669
3560
262
8345
2887
620
3433
2367
8108
853
6497
52
7054
6444
548
4441
2654
2585
3603
3634
6228
6299
3042
6216
903621915
3696
755336043
5745
2799
2889
646
4092
2732
7600
1843
3074
2580
4200
3535
5286
2108
724
6404
1517
4991
395
7999
1205
8107
945
3343
5195
7223
102366673
515
8747
896
1159
7024
3281983
3244
785538316
3217
3452
665
1403
550933579
3056
5056
4174
3952
988
2786
4084
3807
6926
1946
616
5714
8246
527702788
2231
2914
193
2608
4235
7392
5098
1561
5295
860827218
3458
6101
217
944
5284
487
2181
4032
30
499167202
1679
1823
6018
93
3062
4919
452604217
7873
3060
6113
364
31481191
6745
2272
409
1863
8057
484
1120
3945
1405
4719
2029
5849
5435
4904
1153
664
689
4207
6910
4106
1491
7468
786
4590
2501
5006
2967
4001
4566
2797
720233337
6074
1392
2660
2855
6409
4587
886
12
7010
2415
2410
1107
4772
7541
7375
7128
4977
8378
2352
322
1389
3875
1670
5249
2075
1284
7049
3004
510
1435
1606
3390
5207
3348
5098
2665
5225
461
3861
3038
250200775
2667
645
5719
2934
2360
1816
2017
428
5312
4784
8665
7025
51869
6925
4239
1200
2342
409
3790
270
3081
9110
312
1315
1411
1462
403
945
5109
1588
3318
3472
1973
2513
347
1068
1579
782
8201
4121
7895
680219485
7653
352
244
3930
933
2121
4550
6851
239
6292
4915
5302
390
1565
4138
1017
2628
237
7157
7316
4553
661
504
4142
1531
5289
1197
5501
490
2559
486
9054
3549
368
6366
6669
2584
1666
2336
4640
3576
99
1709
6564
4851
1663
3078
206
7661
792
8455
4771
2209
513
631
4844
2852
6562
3458
3743
3143
1015
2197
330
3397
2855
6625
4313
4253
4707
611
4718
819
2816
7381
5134
37
2804
4558
2221
3468
250938525
6096
1281
3411
4941
4910
3559
162
3303
3013
409
2034
4141
565508160
7211
3774
418
3084
3528
7401
144
979
2204
390
429
3811
4237
2625
149
3427
918
6569
466
1997
1325
4209
307
469
1120
3496
6905
2047
3493
337
5722
1286
774
163
7323
996
7136
3550
2299
1914
1059
6933
1293
6211
80004517
7344
8929
1106
2240
911965584
5342
3922
4627
4994
5214
560
843
259
1703
2200
16839
3703
2717
4570
7436
7720
374
595
1389
5097
6084
3478
2250
1918
3006
2451
4683
2789
2292
2272
1836
6624
1583
920
7240
2916
2658
861
1172
6314
8089
1530
357
3468
3362
2646
912
230
5369
2580
5846
5662
3561
2809
4605
6721
4759
7530
965
5955
1644
3922
2050
113431865
1414
104
2524
3759
3723
257
2525
7491
8582
2737
301
1331
2685
6304
5772
1151
1195
536
7649
3261
4212
2273
3259
1221
1991
1399
8857
6654
6628
3370
345
1334
9715
2735
976434684
6414
1928
6096
2284
3897
241
3346
5024
6107
3070
2257
5258
393
396
1981
3995
3350
5582
6504
7278
1428
3218
3489
4159
1679
3807
463
1263
1357
4183
1469
4585
1398
3461
3829
575
1771
1438
125
2229
8068
3005
6050
599467137
7267
312
674
4644
2465
3887
2370
527
637
8155
3407
3405
4086
1631
5314
6775
5677
6925
2813
4052
73
1548
2676
1129
7176
4117
5788
3284
7969
1384
350
5083
475
2440
1751
2143
3194
3811
4936
5385
534
6037
3751
2684
6717
734
1234
2095
3501
8657
7233
4417
7189
4025
2545
1340
1846
2883
5511
6793
3094
7163
4517
7443
788
6070
684
202023
5476
7193
988
3643
274
3356
9641
3606
7379
1035
2795
37
290
3354
892
5207
6340
4214
8315
4699
4115
647
3316
1070
2449
3356
3679
8500
7611
7762
2032
3876
1252
1376
5992
7204
5990
1394
1239
213
1125
6292
6055
135
5685
5674
5936
6367
2228
3327
7469
7432
3619
4479
8703
118957284
248
1134
3797
2410
3398
3888
5340
3249
2980
5232
1646
2699
1509
74888810
3505
7945
4067
80
512
2691
5915
5510
920
2482
6596
2533
2239
335
4419
3286
6462
938
1976
1755
4846
7078
1909
6958
2987
139
517
7844
4099
4019
6469
6100
3459
597
8098
9239
5232
469
81
642
3425
1529
8212
4946
7408
273
5287
4614
3957
7072
4114
313
6048
284
1069
4223
4585
6205
476
5022
4732
1490
505
1983
532
2872
6093
3265
1529
4946
651
545
3238
3774
2418
4564
2136
429
3837
6597
6984
229
916
106
2883
914
3855
1565
7166
1513
3118
1696
5961
6682
1208
2551
6951
3537
184244306
4013
5716
3935
2688
566
4227
4851
4895
3788
6897
4536
1876
2240
6807
4466
1624
3772
84
3611
742
4457
403
2728
4228
5903
6358
1834
4654
4537
4934
2763
2592
4714
6519
5887
1164
6606
5727
3521
4805
556
142
1814
7385
6078
470
493
8461
5058
4219
1681
1670
5821
1730
1821
6564
3959
880
7836
2694
923
3893
259
201
209
3414
4654
4544
1395
4402
4683
1797
9
4698
6387
2329
1795
5427
4110
4322
2815
1983
4920
6438
5636
586
1350
75
6071
1655
4522
884
2589
1438
4312
4205
1061
3699
1932
52
847
7832
2396
3714
1068
2268
1978
6020
2456
2154
627
2833
269
2132
427
2643
5654
295
6394
2360
5017
1874
3633
2621
4728
3979
3309
1362
3827
6843
1486
1059
3585
7061
7860
1852
2503
1913
2434
138
7454
1475
4502
851
5022
78
6379
854
4657
5522
2232
926898796
666
7302
5044
185
6400
3664
2588
7797
3058
7595
2068
1721
64
5184
1815
1300
681
140
4419
3509
686
6182
2822
1231
7329
4757
6057
989
3608
5319
375643885
2412
6457
5907
6077
2407
5219
1170
1298
5840
84
2894
639
3575
3237
3812
1362
5352
2793
3607
659
2003
1952
7105
932
7231
3761
2506
4155
4255
9259
654
180
7420
2091
5340
3331
912
6048
2192
3558
7750
869
1720
3145
327
4510
8289
73
5234
1091
2483
8437
6327
8888
4870
587
5320
5552
6820
2400
3015
6075
2482
2223
1563
827
291
4184
2023
1103
969
1178
6150
1290
2398
369
3512
565
4004
3556
1712
187
434
6266
4372
178080
4121
1680
2136
3431
4682
940
392
2323
4120
7452
2894
1330
4590
6934
8421
1681
2802
6063
3327
451
4947
533
3996
6360
115
4376
7196
3172
419
1523
7158
4476
1866
3606
227
8665
2824
4856
2551
1589
6756
2324
893
437
778
9295
1837
3570
135
606
6034
5871
151
1197
2297
1911
375
3356
2338
3998
2575
656
702
4934
4252
188
4446
3895
54
2166
5256
2711
6041
42
3897
561
1935
920
3796
3587
346
5706
9098
1297
2119
1082
1373
5981
6874
718
4935
6201
922
8254
3130
2403
2822
3847
8827
522
388
31
5693
4327
7089
2153
1717
764
6319
363
279
8780
6650
3836
3824
2110
6010
4813
6493
5769
7137
504
2408
3550
5160
1460
882
1816
4631
652
428
6775
840
2459
1760
5842
2215
1230
3897
1724
2129
5217
3247
24
1406
383
5846
8717
3699
9873
181
126
4593
3039
1398
2174
521
62
1384
1283
4412
2139
791
4425
8191
832
224
1151
4488
3475
5985
4438
2172
7823
4746
1480
5500
8381
720
668
5621
408
2029
318
7434
2778
3556
917
3658
4470
1029
2057
2036
56
5770
21
2522
4923
5229
1032
3000
8088
3755
4123
6403
3459
4881
5007
2546
1336
3313
940
4583
2481
7362
5314
1242
6482
7472
6277
3404
2714
5387
8376
4478
3422
4972
823
1804
1510
5222
2772
3853
8439
5810
5160
8620
4209
1467
16
2669
9691
437
678
4004
1859
305
5136
1603
8023
764
2038
4487
7979
67
4230
5378
2335
4685
2063
3638
3836
5735
8255
3841
714
5239
1921
3661
4422
7883
121807
501
5
703
5390
3104
5449
2435
4115
5733
90
7032
6561
2277
750
4110
108
2717
832
3113
3064
2067
3259
3230
96
1569
6675
4991
1021
4356
2448
652
518
152
2282
1571
7172
733
3467
1274
6169
6455
5200
3707
635
7113
7373
4231
2838
1675
7131
5276
285
6944
5155
1324
284
6808
3079
2077
2036
2028
3373
4087
2758
198
7283
570
2311
4296
2374
585
8664
2583
5684
6384
4556
1635
7479
916
434
272
2237
240
1123
1908
54
1338
8530
2457
1330
984
980
1007
1864
5546
2189
2528
3101
543
6322
7917
3499
5836
1119
208
3792
2843
5166
12127
6950
7927
245
814
363
5950
5781
4758
6742
2443
3163
3865
2964
2796
1100
3216
8008
9424
6804
4367
4885
3460
1028
6999
2001
865
2766
3332
3233
3880
2938
2555
176
3877
168
1320
5998
6611
5810
177
749
3526
5490
434
5517
3963
7136
1480
5755
1183
6998
4201
3720
598
2768
8540
6010
1515
1345
1771
6165
2145
112
7249
3878
270
1883
5762
4936
3684
1550
3449
2494
269
6832
6651
7792
1482
372
3684
2495
2251
4810
354
353
901
7206
703
8118
5668
3485
8857
884
8704
445
1199
7508
4316
4230
1180
2377
2932
7289
1363
3502
2217
3149
764
4194
2689
5395
536
3400
5157
5012
481
8914
8333
1893
7079
8220
8496
1402
475
4224
2344
2593
7321
169
7243
3869
1650
143
5990
5833
3693
17
2126
4304
378
6249
4824
469
1464
2187
1779
416
1718
5671
1879
7577
2061
354
1631
6191
5313
9857
3068
640
2088
3477
314
6663
1474
132
996
6168
4315
1865
3907
1131
1923
214
4078
183
1502
1762
4114
622
4156
3702
4493
3798
2003
1473
1761
2750
1758
9150
3153
7320
1530
840
1177
6596
3081
5037
5693
109
178
151
5768
5054
5264
1609
5010
1437
6543
2074
1880
266
1944
2451
2471
392
7162
3580
426
6114
2661
7137
277
1400
3944
3645
6375
7050
184
995
2248
387
860
5476
413
2481
6938
5135
2889
6712
3608
1616
6308
898
6555
5515
544
6725
3416
1210
472
2218
778
2736
2705
4234
1255
787
1325
256
2462
2679
5760
5734
2803
5340
871
30
1966
5256
561
183
4202
486
3605
2790
8584
5538
5345
7016
804
3576
1106
6237
4126
5451
4097
3638
2246
662
2180
3068
4188
1553
7717
5558
515
7671
7488
4302
1154
3947
4046
1925
6674
7805
7021
3614
3888
1315
2571
1033
867
441
5766
4504
3107
4393
2960
1315
6319
1056
5405
3217
3824
4269
1032
6119
2691
338
1163
718
1661
88
1030
3285
2585
7818
3457
3115
640
2655
3825
330
7856
6298
7648
215
2661
2333
2311
3669
3563
1466
2449
6553
5047
2852
1043
7358
1695
4721
3225
2626
1003
464
1852
6696
1490
4485
1989
3657
5610
2924
147
2329
939
4515
7669
3080
137
181
4554
3800
3947
3807
3496
33
1710
814
792
8700
7344
883
6344
139
4662
2372
1608
199
721
1302
2868
2288
2182
5080
9469
2697
732
3905
5102
1793
7020
950
465
5545
878
6140
491
1232
4652
1869
6689
1892
2905
2251
6710
5046
9550
6973
1594
6625
2191
1512
5348
2941
5041
2723
4373
649
903
5323
4686
1562
2428
279
6339
3578
7185
8077
2142
976
4841
3628
5637
2879
5032
677
1046
7467
5237
6425
1286
2128
2290
6410
3781
5648
5552
3629
1443
4935
7045
8395
2252
3880
940
496
6593
3202
643
7919
1069
6125
365
281
5154
7135
2482
2832
1484
3910
785
795
7571
3542
2335
2927
2589
4794
4987
7288
1178
2058
6265
1761
7270
7798
3140
5412
7177
9260
5742
5605
8809
2585
1435
8182
3942
3964
5994
5824
144
977
742
1363
3152
2462
2945
1663
2955
4202
188
192
3082
805
5319
1921
1947
3480
926
2250
547
4185
5502
3125
7447
5863
1649
984
5252
8016
1920
1299
2980
4411
3615
3423
5965
4878
1282
1457
5549
1591
4755
3178
7647
3011
58
484
6481
6145
1015
243
9522
8491
3256
4522
4369
455
1334
1441
679
1172
1728
3007
9574
1395
1534
3224
3728
4044
6687
577
7362
4808
3120
4975
8686
6690
3941
5860
3017
2453
7179
9159
797
1341
5684
3137
1807
7554
2079
7382
4456
4817
1158
1801
1090
598
1501
5007
2376
2737
3140
485
2023
3463
4558
1880
1097
375
6108
1748
6908
1240
1837
235
5362
1067
2139
6584
1197
5841
2794
4501
783
310
1648
7709
544
2359
548
3502
5358
6857
329
1871
2960
9038
1561
2489
511
1132
648
2109
6236
3264
3251
2088
3749
3131
6307
5045
5545
2863
1659
987
7868
7005
8594
8726
7629
7876
7336
7685
8258
7907
7088
6515
34312909
7196
7618
8024
7352
6440
7009
6288
6169
6585
7310
9387
8023
6515
8420
6829
6074
6013
8462
6452
6964
8795
9280
6324
6401
6761
6611
7128
7913
7285
8698
6617
9580
8150
6166
8048
6568
7231
9008
7740
7132
7398
6514
6345
6061
7092
6623
7469
7922
8644
6083
8935
6709
9292
6186
7511
7224
6039
8394
6538
8364
8029
7861
7842
6454
7115
6566
6788
6459
6653
8353
7972
6341
6707
9702
7010
8219
6447
6536
6872
7775
70807221
7575
7120
7443
6836
6167
7260
6940
8568
6175
8314
7729
7941
8128
6129
8749
6921
7840
6427
6295
6295
6813
9123
6119
6055
6071
6534
6379
6573
8894
7223
6742
8334
6608
6082
6845
6478
6556
6938
379729
6771
6073
7541
6994
8404
6091
6593
6782
6037
6303
8324
6561
8440
8067
7374
6205
6613
9231
6270
6708
6164
6321
7517
9327
35659223
6907
6813
8204
6407
7781
6197
8663
7552
6245
6650
7132
7267
8375
6097
6212
6670
6670
6932
9212
8995
7359
8499
6137
6855
9178
7935
8254
6472
6272
6821
6390
8554
7471
6150
6104
7905
7219
7402
8032
7209
6029
7240
7246
6230
7036
7533
7906
6101
6106
7271
7570
6627
6927
9191
8636
6541
6019
7951
8193
8758
6062
7953
7733
6179
8218
7025
6513
7551
8205
7085
7555
7691
6227
9021
6127
6484
6868
6521
7618
6568
7280
8538
6339
7278
6433
6132
7458
6502
6520
7664
6511
7716
8259
7972
6095
6513
6810
7793
7882
6620
6459
6480
8919
7301
6576
6527
6272
7163
6283
6320
6225
7777
6563
6744
6083
8036
6788
6386
6438
8589
6834
7330
7160
6349
9203
6374
6129
8050
7742
9703
7701
6256
7198
7186
7091
6141
6457
7879
6186
6321
6790
7487
6690
6014
7421
8011
7500
7036
7602
6280
8357
6766
7605
6730
7754
6559
7543
7600
9059
6627
8643
6977
6673
6287
8687
6290
6011
8010
6573
7856
2454843
7176
8422
7301
7236
9721
6274
6115
9248
7569
6698
6564
7072
6700
7545
6661
6577
6996
6718
6027
7292
9318
6017
8982
6969
6634
6891
6533
8579
9299
7467
6322
9286
6278
6331
6087
8205
6529
7405
6276
7084
6248
9283
9669
7741
6985
6025
6700
7474
7594
7633
6353
7037
8822
8955
7137
8261
6189
6531
7801
8807
6656
7652
7817
7150
9107
6103
7557
7268
7420
6982
6943
8306
8455
8898
6516
8948
7188
7395
8255
6435
6489
7715
8647
7439
8289
6875
6132
6974
6221
6494
8223
6581
8386
8903
6025
6754
8057
7023
8710
8787
6282
7944
8244
7345
8533
6229
8182
6904
7780
8736
7974
8223
8899
8243
6277
6138
6296
6390
7283
9490
8257
6053
7459
6410
7615
6828
6540
6103
6068
6790
7274
6600
9593
6788
6404
6061
6233
6824
7043
6210
8830
7099
6187
7635
7818
281155
6865
8492
7287
6519
7572
7034
7220
7074
8442
8499
6310
8144
7331
6257
7470
7139
6356
9075
8140
8217
7593
8552
8217
7049
7990
7601
6691
6158
7371
6099
6814
6908
7294
6638
8277
7310
6808
6403
6865
6091
7983
7310
6659
8524
7912
6893
7996
6250
6988
7274
8059
8098
6062
7665
6289
8395
7006
6510
6598
7108
6272
7230
7158
7257
6917
6268
6460
8551
8527
8244
7800
7172
6037
7032
7079
6006
6219
6669
9289
6055
6724
7008
8074
7447
6595
7922
6837
6366
6592
7049
6197
6809
7841
6021
6811
6047
8274
7396
6352
7569
6133
7508
6720
7865
6378
6112
8593
8862
7753
6446
6644
6354
7703
8111
7808
6634
6168
8152
7176
9428
6163
6506
6897
7485
6718
7461
9280
6021
6011
8271
6820
6896
6587
7016
6499
13327
6158
7863
6383
7101
6950
6263
8250
6276
6574
6839
7076
6300
8792
7770
7752
7526
6866
9504
8103
7505
6533
9265
6019
8869
6083
7216
6030
7284
9014
6070
6085
6252
6675
6154
8064
8050
7838
7252
7525
6695
7561
8493
7301
7513
7150
8595
6331
6194
6578
7112
7672
8847
7185
7673
7111
8599
6193
7008
6985
6244
6509
6060
9334
8657
8824
6912
6298
7133
8673
6494
9005
7091
6887
6603
7861
6977
9824
9277
7129
6902
7826
6341
8189
8290
6909
8427
6635
7044
6285
7769
6332
6207
6865
6446
6179
1913403
6479
7955
7584
8994
6815
7587
7049
8437
6866
6079
6447
7945
7749
7362
6286
6912
8073
9239
6753
6608
6087
6660
8982
7016
7933
7408
8159
6211
6580
7800
6752
6850
7129
6255
6593
6347
6998
7845
6713
7036
7122
8490
6150
7541
7417
8901
6028
6960
7044
6873
6098
6486
6969
6242
8295
7879
7951
6950
9216
6906
6073
7464
7699
7128
7209
7632
6409
7383
8875
7006
6524
9597
6693
6934
7080
7980
8961
6102
7965
7577
8015
7516
6174
7452
8676
7205
8224
7191
7803
694975
6295
6582
6675
7316
7063
6108
6911
7612
6480
6648
6721
8307
7213
6465
176691
7495
8947
7879
8338
6690
6132
6893
8375
9521
8166
7431
7264
7161
317247
6603
7130
6483
7950
6804
7284
7134
7118
7312
7920
6480
8579
7303
7782
6477
6134
6980
9193
7144
8422
6970
6139
8287
6244
6352
9669
6394
6821
8852
6382
7345
6959
6749
6598
6322
6682
7077
7704
6459
8836
6066
7725
6153
7591
6188
7628
6598
6070
7008
7994
6397
8862
6516
8588
8504
6490
7414
6984
9632
6218
6199
6088
6267
6805
7085
6604
6142
7567
7527
8992
8534
8626
7513
7871
7401
8501
6736
6043
9151
6071
6760
7050
7269
7026
8661
7614
6019
6656
7682
8666
7834
6876
6070
7598
6663
8764
6867
8138
6525
6489
8130
6589
8425
6047
7995
7028
8177
7943
6758
6235
7820
7849
6765
6067
7662
7279
7769
6089
8475
7346
7130
6868
7006
8515
9206
7243
6244
8795
6594
7482
7441
7342
6902
7061
6943
8197
6144
9237
8092
6483
8731
9521
8254
6759
6377
8357
6802
6444
7380
6045
7496
8096
6282
6982
6309
6073
6456
7216
8363
9125
6162
6008
6308
6019
6917
7085
6254
7469
7904
6966
8049
6147
6189
8005
8627
7895
7170
7810
7796
8387
8909
7033
6706
8052
6949
7097
6937534
6741
7545
7558
6757
8519
6620
7210
8545
6294
7139
7343
8098
9097
6387
7034
8531
6524
8051
7054
6303
8684
7024
6228
6049
6436
7771
7178
7489
6215
6373
8804
6888
6765
7263
6395
6889
6758
7444
6690
6313
7264
7866
6220
7143
7056
6254
6555
9371
6872
6188
7971
6210
8789
6550
8385
7574
6495
8409
7991
6161
7117
6735
6951
6197
6124
6730
6849
6165
8912
6588
7204
7301
7966
7545
7604
7500
6366
7187
8136
6077
8869
6609
6609
6948
6611
7992
8074
6987
8770
6316
7174
6382
6435
7584
7876
7765
7639
6149
8316
6372
8070
6064
8074
6176
23990
6379
6454
7000
7563
6696
6381
6750
7137
7872
6520
6009
7766
6149
7454
7641
7762
6055
6028
6609
9177
6382
8048
6015
7830
7627
6775
9611
6814
8871
7965
6406
9387
7096
7487
6347
6165
6914
7117
9543
8099
6363
7465
6124
7816
6227
8683
6423
7083
8126
6728
6067
8727
7274
8420
7345
6833
7845
6453
8491
8017
6554
6933
8727
8543
7523
7634
6137
8063
8147
7385
7450
6792
7155
6445
7850
8843
6484
7811
8415
9057
8924
6051
6494
6750
7945
8839
6883
8088
7189
7109
6676
6381
6280
8437
6759
7884
6982
6919
7164
7290
7393
6532
8265
6589
8589
6598
7832
7319
8330
8208
6529
145503
7382
8464
7456
8034
6536
7263
6196
6925
6313
6714
6679
8475
7631
9549
6725
6716
7911
8116
6592
7010
9007
6382
7097
6726
8115
6110
8734
6035
7489
8044
7172
6134
7612
6381
7104
7704
7560
6228
6209
6995
8207
6541
6712
6745
8133
7408
7977
6191
7312
6946
9081
6126
8569
6856
6483
6992
6791
8292
7594
6206
6882
7517
6080
7997
9207
6184
7040
7682
7410
7369
6715
6659
7051
6354
9133
9113
7148
8205
8564
6553
8488
6685
6429
6852
7916
6423
7506
8300
6319
7877
7652
7573
8141
6111
7524
7676
9399
7411
8316
6294
6533
6473
6870
6503
7093
6048
6512
7616
7933
7063
8115
6847
6726
6010
7778
7041
6221
9725
7570
6633
7437
7909
6347
6606
7429
6790
7394
7606
8606
7091
8221
6518
9216
6108
6028
7624
6356
6385
7285
6824
8104
6119
8132
6602
6841
7957
7249
7741
6592
7313
6859
7327
9327
6969
7250
7995
7073
6890
9336
6353
8598
7835
6223
6685
6047
7892
6690
6140
8054
8814
7518
8866
6106
7532
7120
6187
6423
8837
6188
6091
9547
7586
32463
6301
7736
6231
6984
6016
7017
7935
6016
6576
6855
7299
7433
6508
6378
6955
7375
6762
6745
9299
6201
6959
6985
7362
6366
6641
7123
6610
8398
6724
6216
6721
6878
8044
6043
7892
7087
7310
7499
6912
6433
7291
7718
8404
6752
7591
7057
9416
8117
9425
6881
6688
6115
7292
6951
9458
6022
7770
7523
7410
6061
6104
7400
7016
6973
6012
6359
6435
8675
6434
6464
6208
6778
8940
7577
7031
8271
6643
7426
7284
7663
7318
8430
7159
6380
6963
7826
8741
8964
8443
6231
9908
6999
6813
8528
7563
6081
49967
6049
7281
9358
6105
6695
7222
8677
7648
8087
9091
6226
6551
6639
6911
7207
7921
6357
6483
6087
6824
6582
6418
6330
6262
6851
7561
8710
7831
6690
7725
6430
6571
27140
6364
6025
6304
7142
7597
6553
153068
7627
6154
7288
9398
6775
8404
8924
6254
7779
6069
6722
7761
6862
7156
6692
7453
7597
6542
6437
6162
8613
8479
7264
7239
8888
6400
6539
6727
7090
6005
7291
6159
6040
7851
7655
6211
216626
7735
6539
8875
7150
8507
8526
6958
6819
6433
6982
6118
6526
6696
6567
8261
6900
9558
6834
9232
8030
8038
6718
7206
6594
6281
6791
7813
6817
6883
6040
8287
6713
7583
15749
6288
6183
6128
7983
6182
6544
6051
6872
6582
7040
6385
7452
8551
7107
6605
158277
7231
6952
7848
8310
6404
9269
6178
7354
6079
9115
7449
7707
7377
6684
7975
6280
7738
6099
6216
8479
6309
7282
6126
8526
8291
6922
7284
7190
8299
8166
6636
6184
7966
6434
9212
6662
6644
7926
7648
8345
6865
9055
7877
9753
7602
7274
9184
8245
7023
6951
8870
6546
7966
7344
7763
6701
6921
9007
6818
6505
9690
6545
6670
7384
6483
6966
6807
6349
6365
6900
6137
6827
6045
7364
7732
9595
6384
6580
8209
6018
6611
7162
6807
6278
7282
6271
6097
118575
6473
6066
7106
7235
7082
6038
6755
7781
7022
8701
8469
7253
7135
7163
6619
7231
7158
7251
241476
6233
8169
6582
6256
7695
6746
6274
7811
9141
8732
7628
7117
8303
7471
7568
6653
7251
7695
6330
6337
9044
7712
6185
7164
8409
6134
6463
8173
7917
7710
7184
7449
6637
7555
8269
8919
8208
7392
9269
7077
50909
7444
7530
7316
8655
7716
8090
6244
6163
8948
8719
8897
6376
7896
7239
6371
8056
7572
8888
7588
6640
7618
6325
8121
6080
7185
9432
6844
7854
6936
6859
7043
8260
6994
6769
6749
6841
6718
8653
7938
8304
8328
7891
7138
6386
9266
6858
7333
8565
9350
7049
6947
8813
8112
6475
7231
7238
6361
6503
8541
8227
8330
9052
6002
7191
8942
6697
6892
7149
6243
7533
8891
8248
6630
6764
6513
6867
6750
8836
6271
6152
6760
6617
6246
6887
8951
8562
6507
6939
6181
7634
6366
8222
7887
6367
7972
6686
6185
7134
7643
6009
6243
6699
7511
7327
7720
9024
7238
7058
6843
8970
7130
7910
7129
7353
6526
6154
6353
6856
6757
7535
6763
7275
6636
6522
6609
6121
8770
6381
6618
8219
6601
6683
6660
6416
7976
8762
7894
9277
6751
6021
8848
6469
9741
8104
9006
7709
7967
6356
8663
7381
7699
6950
9137
8241
8074
9378
7464
9384
8157
7893
6470
8110
6465
7100
8596
7455
7520
6252
7834
6725
6235
6014
6596
7996
6489
7891
7012
6262
6571
8004
164397
6848
6914
9380
7311
6952
8314
8045
8689
6054
8420
8285
7122
6569
8690
6227
6212
6270
8832
8727
7251
7003
9387
7145
7692
6522
6822
6003
8763
8552
6852
8882
7978
6947
6541
9116
6463
7040
8111
7113
7054
8426
8396
6388
6310
6057
6201
9305
8353
9794
6080
6974
6754
6136
6504
6041
6771
7921
7791
8500
9629
7262
8097
6509
7861
7098
6238
6531
6744
7239
8087
7817
7497
6519
7281
7062
8153
6027
6570
7747
8990
6703
8067
7302
6248
7586
7984
6528
8065
8682
6578
6922
7339
6341
6265
6432
8369
8099
6472
6177
6373
6564
7435
6230
7471
7158
8665
7160
6694
6263
8209
6376
8370
6094
6619
6380
8073
8241
6537
7753
7001
8610
6267
7304
6936
6154
7264
8534
7435
8812
6550
8646
6681
7549
6035
6598
8800
7074
7318
6033
7658
6479
8197
8499
6070
7452
7290
7149
6567
6489
7488
8949
6999
9532
9176
8051
7409
7290
7539
7151
8999
6903
6934
8004
8931
6317
9107
7717
7339
7116
7222
7511
8223
9301
7445
7901
7399
6987
9558
7337
7329
7890
7129
6915
8522
6389
8360
7579
8349
7785
8814
6903
6347
8644
6326
8667
7389
9486
6480
7227
9026
7491
8137
6192
7294
8048
7151
7871
7643
6248
6418
9198
6607
6990
9552
6055
6234
7896
8956
6615
7799
6965
6070
8018
8370
7752
8668
6799
8033
7219
8869
7690
7877
7951
6897
8058
7388
6666
7011
7917
6448
6291
6253
6126
7679
8379
7037
8052
6068
6444
7664
8455
8196
7052
6924
7374
6920
7650
9262
8403
6754
6376
6188
7540
7961
7661
7725
6105
7112
7811
6057
8357
7897
6483
8915
7879
7374
8394
8224
8978
8237
9497
8320
6908
7413
7171
7078
7344
8319
6374
8717
7447
7281
6219
7030
7062
8964
7977
7470
7091
6831
7344
7088
7237
55440
6785
9174
6380
8219
6309
8700
6179
6254
7700
6003
6521
7907
7466
6543
6019
7680
9092
8166
8423
7634
6139
6180
6447
7028
6823
6226
7914
9205
6699
6078
6492
6676
7144
8661
7778
7759
7376
7574
14393
6360
6315
7573
6649
9313
7066
6496
7108
8317
6833
7715
6130
8602
7654
7940
6323
8879
7305
7430
6849
8473
6526
7742
6008
6314
6272
8989
6978
7792
7054
6728
8215
7988
6056
7416
8568
6432
6886
9328
7070
6094
7326
6050
7548
7408
6510
7080
6465
7706
6334
6453
9810
7514
8456
8753
6033
6321
7902
7256
6570
7912
6201
7861
6805
6148
6104
6694
8567
7249
6700
6659
8223
6032
9219
6794
7846
6247
8457
7934
7259
6811
7862
6072
6657
7856
6931
7708
6429
6635
6052
6555
8852
7412
9201
7726
7824
7058
7045
8032
6751
7031
7058
9257
8606
6735
7992
6744
7304
9275
8602
6132
7087
6640
7091
6140
6947
6683
7682
6547
8098
7530
7007
8095
7067
7619
6785
7056
7105
7810
8540
7473
8313
8051
6367
6065
6966
6066
6709
6831
8282
7739
7194
6962
6309
8223
6710
9162
8578
8156
6131
6852
7440
7920
7457
7506
7853
7283
6282
7215
7164
6039
8784
6344
7537
7661
7004
7387
6743
6381
8410
7933
9394
6798
6115
6574
6618
6572
7007
7032
6038
6811
6272
8969
6134
7655
6377
6933
8319
7222
6189
6429
6921
8179
6866
8240
7142
7113
6132
8642
6130
7814
9559
8422
6802
7518
6665
6273
6244
6913
6252
6471
9220
7549
7102
7451
7784
6070
7830
7267
6055
7159
9227
6500
7361
8133
6650
7355
7602
8361
6949
9940
6247
7744
8847
6036
8822
7162
6208
9077
8241
8883
61810
7315
7164
6422
6594
6717
6878
8128
7580
6819
9144
6197
7953
6594
8165
6755
7427
9908
7637
8528
9586
6434
6928
7430
6430
6183
7598
6909
7230
8293
7321
8022
9393
7603
8154
7601
6156
7443
7904
7633
6949
6902
7153
6948
9160
6366
6038
7833
6690
7794
6385
7501
8666
212597
6177
8413
7281
6807
6753
7990
6502
6673
8582
9149
6176
6009
9686
7437
6819
7476
7513
8589
6302
6620
249312
9645
6331
6742
6758
6347
7565
6669
8438
7380
7856
7533
7793
7061
8222
6514
8329
6678
6239
6777
6706
7817
6059
7044
6050
6741
7541
7064
9517
6054
7355
7722
7754
7195
7573
7690
7876
6585
7323
8353
8643
7999
6506
6241
7492
6300
8705
8797
7329
7532
8144
6219
6914
7585
9709
6371
9056
7330
7418
8092
7701
7609
7733
8165
6734
8172
7684
7780
7008
6592
7564
7856
7478
7949
6352
6991
8346
7427
6453
7917
6500
6071
8422
6474
8275
8763
6867
6289
6204
8278
8581
9670
6251
7794
7704
8552
8284
8155
6660
8984
8357
6810
7418
8670
6741
6426
8998
9362
8968
6917
6782
8138
166917
6109
8338
7845
8548
6817
6646
7529
9107
7800
7208
8695
9356
7924
6530
8670
6905
6884
7243
8209
9118
6928
7689
6133
6386
7459
8193
8855
7546
6905
6869
7752
7175
8055
7936
6244
8913
8616
7763
8984
7254
8602
7829
6380
8198
8251
6347
6495
8056
9668
6341
8642
6224
6808
6452
6844
7836
8211
6054
7045
6935
6260
6871
6536
7112
7274
9113
8250
7748
9016
7488
8836
6491
7948
7340
7179
8284
6869
6380
6287
7396
8301
6545
7781
8543
8765
6631
7249
6731
6260
7477
6421
6348
6179
8846
8292
7087
6476
8693
7446
7221
8643
8309
6320
7147
7572
9591
7420
7622
9264
6641
6115
6599
7053
7496
6209
8306
6844
6378
6875
6568
7145
6310
6453
6135
7497
7994
9696
7690
7017
7687
6555
8573
6496
6201
7431
6933
6254
8109
8779
7722
8569
7164
7193
8213
7129
6866
6878
7679
8758
7101
6497
8971
6177
9019
7729
7355
8308
9208
7269
6959
6214
7468
8597
7064
6914
6260
7616
6430
6371
6348
6892
7752
6399
6576
8328
7368
8297
6772
7808
6229
7710
8224
6013
7852
7739
8431
6910
7935
6077
8931
6662
9535
6165
6600
6100
6822
7103
9413
9114
6474
6566
6295
6753
6298
6919
6823
6982
8575
6259
6496
6193
6292
7018
7818
7559
9364
6145
6224
7443
6373
6863
6940
7205
7169
6792
8898
6075
6267
6549
6934
8087
7146
7806
8141
8014
6805
7889
8099
7407
6761
6596
6921
7306
6110
7615
7154
9774
7230
6573
7157
6250
7051
7034
9295
7927
6652
6342
8082
8296
7477
6051
6638
8457
7828
8009
6545
6163
7214
6999
7839
7178
7033
7840
6793
7991
7671
8203
7077
7048
8539
7103
7442
6300
6347
7561
6416
7205
6223
6628
8601
6706
8826
7504
6919
7291
7776
6185
6301
9880
8115
7404
8484
7048
9897
8766
7400
8092
9232
7911
8000
7744
7834
7147
7143
6552
7001
6949
6797
6429
9447
6303
8231
9150
7317
7728
6132
6660
8457
7910
7312
7158
6276
9147
6930
6510
7659
7516
6167
7745
8422
8252
7431
6889
6998
7257
6470
7676
6953
6335
7742
8373
6770
7343
6059
8192
6425
7546
7406
7261
7593
6481
8780
6080
6342
6717
6234
6898
6129
6366
9219
6117
6778
6938
7754
7728
7266
6184
6838
8367
8199
6331
6006
7579
6919
8734
6499
7134
7532
7593
6700
9656
6056
7376
6066
6068
7024
7630
6123
7197
6692
7840
9523
9216
7264
7124
6964
6336
8364
7689
9621
7229
6113
7544
6841
7693
7190
6239
7910
6219
8671
9365
7455
9056
7606
6945
7036
7177
8838
6578
6183
6439
6165
9066
8320
6672
7605
7237
7328
6422
6622
6562
6258
6024
6924
8029
6900
8026
6967
7629
6837
6139
7604
6098
7692
9672
8235
7833
8963
7713
8271
6479
7093
7253
7325
6780
6892
6148
9761
8128
6872
6083
6464
6259
8569
6327
6948
6403
6216
6381
6300
7869
6245
6343
7569
7042
6288
8128
6184
6418
6488
7350
6789
6318
8540
9486
6058
6473
6338
7612
6133
8620
7375
6026
8101
6283
6219
6460
8572
9084
6843
6066
7864
7967
8217
6386
7194
6083
8065
7966
8042
6193
8601
8483
6530
519345
8364
7024
6352
6414
6582
6474
7842
6709
7444
8136
7010
6939
7056
6101
8829
6217
7360
9618
7085
7707
8655
7074
8984
8744
6080
9251
8608
6133
6194
8013
7082
9423
6764
6617
6786
9348
8075
6762
7824
6135
6905
6259
7682
6350
8491
6955
7942
6440
9401
6071
6581
8052
8587
8770
7779
7713
8366
8563
9532
6147
7646
8655
6242
8516
7160
6557
6785
7401
7215
8948
6039
9236
7835
6036
8313
6403
6023
6989
6289
7643
8685
6250
8821
6988
6277
6388
6505
7252
9453
6513
6102
6806
6428
7051
7385
6695
6724
7176
8071
7582
6077
7899
7260
6796
8807
6889
7075
8757
7397
6330
7714
9368
7112
6236
6740
6581
6986
8279
7212
7222
7215
6666
8169
9293
6175
6622
8023
6582
6576
6427
8022
6759
7956
9065
7421
7940
6585
7237
6761
7501
6867
7342
6094
8001
7335
6270
9695
6498
7236
9296
6293
7031
7371
6611
7384
6277
8136
7783
8837
6355
8354
7799
6383
8461
7627
7541
6906
8487
7002
7151
8164
6967
6759
7399
7079
6271
6854
6020
6781
6776
6307
6768
6286
8356
6067
7389
6336
9068
6626
7384
8148
6385
8416
6308
7541
8044
6730
7519
7795
7663
8573
8517
6306
8234
6417
9299
6095
6891
6095
6780
7295
8533
6718
6446
6061
6152
6395
8125
8441
6360
7387
7258
6566
7298
6805
6552
7993
7635
7384
6617
6248
8803
8267
6111
7422
6636
8000
7167
7354
8377
6024
6255
7794
6436
6164
9830
6787
9257
6748
6594
7043
6221
7046
7551
6553
8296
6596
6885
6282
7686
9111
9040
7617
6565
8935
6043
6272
6468
7168
6261
8752
7074
7009
8352
7354
9577
6863
8534
7089
6187
6210
8346
6254
8999
6561
6418
6262
8181
6980
6496
7617
6762
8766
6945
6537
7592
9118
7779
6054
6626
6066
7365
6935
6026
7159
7732
7561
7666
6979
8358
6179
6636
6702
7547
6979
6756
6166
8373
8042
6193
6439
8416
6986
6740
7282
7197
6059
7561
7705
6060
6691
6008
7937
6759
7060
7715
6102
7024
7805
7465
6375
6122
6238
6736
6809
7663
7725
8725
6469
9095
8412
6741
7080
6010
7073
6336
7719
7878
7275
7380
6606
8790
6997
9799
7352
7767
6573
8857
6479
7257
6247
6397
14055
6195
8762
7473
6017
8533
8086
6019
6479
6441
6246
6298
6523
6462
6935
8300
7179
7194
6795
8038
6258
7587
6231
6697
8915
6511
7713
7542
6774
6172
6159
6699
6074
6374
6369
6119
8884
6273
8452
7517
7404
6172
7398
6206
8685
8842
8198
7701
7895
7859
6128
9260
7244
7231
6549
6958
6643
7541
8714
6049
8182
7665
7400
7401
7012
8692
7209
6949
8186
8793
6490
7306
9240
8088
6377
7465
6881
8144
6298
6026
7535
7014
8439
7904
6665
8838
9665
6544
6074
7591
7430
8404
6255
8682
6521
6901
8419
6824
6509
6387
7340
9485
8195
6209
6838
6409
7687
6630
7761
7477
8334
7795
6782
7557
7722
6977
6965
7274
6475
6202
6867
7959
6453
8142
8309
8166
8525
7135
8671
7570
7809
7180
8172
6807
6362
7906
7538
6617
6431
6091
6983
6241
6336
6133
6247
6222
6852
7218
6169
7731
6239
6743
6967
8080
7141
7028
6775
7817
6724
6104
7374
6298
9203
6792
7544
7811
6686
9387
6500
7502
6821
6310
6125
6472
6161
6027
6153
8494
7879
6016
8508
8497
6508
8847
6766
7359
7109
6952
7468
7274
6953
7870
6242
8787
6975
7503
6327
7060
6617
7644
8004
6482
6714
542375
6032
6186
6471
7745
7144
8252
7691
7498
6114
6552
7561
8518
6222
6162
7055
6204
8605
7654
9639
7364
9337
6163
6877
7638
6021
8719
8841
9524
9059
7773
6072
7715
6430
6214
7292
9241
8988
7313
7413
6694
7331
6502
6448
6916
7015
7838
7213
7395
6222
6313
7044
7757
6238
9268
8538
6230
6397
6525
6514
6612
6263
6463
8572
8981
6576
8653
9179
7234
8242
7454
7526
7185
7743
6999
8913
9038
6877
7269
7439
6881
7189
7641
7741
7664
7183
7345
8108
9099
6172
9468
7714
8559
7225
6143
6685
7625
6199
6098
7861
6339
7642
7448
7626
6436
7298
6246
7986
6848
6358
6899
6326
8335
6678
6509
8924
7080
8293
7920
8655
7638
6327
6508
6578
6271
8799
6306
8000
8140
6413
6062
9011
7497
7057
6311
6919
6575
8279
7136
6539
7544
7545
6326
6287
7132
8094
6077
6593
7004
6010
7642
8646
8062
6085
6091
6339
6183
6515
6652
8367
8223
6340
6557
6636
6487
7676
8083
6328
6678
7812
8826
7219
6465
7934
6389
6057
8168
6298
8226
6745
6712
6265
6392
6928
7633
7870
6683
7412
8684
8193
9802
8095
7814
6102
6253
9599
7669
9692
7269
8205
6816
6052
9058
6934
6081
9289
6696
6194
6388
8417
6926
9123
8798
6491
8363
6697
7293
8401
9421
8964
6211
6218
8952
6480
7421
6800
9021
6608
6822
6121
7790
6991
6625
7678
6461
8437
6186
8237
1119078
6428
8549
6492
9715
6363
6473
9318
8159
7219
6665
7659
7229
8122
7775
6722
6915
8292
6369
7196
8528
6804
9358
6044
6082
6956
6553
8770
8058
8824
6580
7321
9048
7113
6419
6642
6048
7390
7486
8407
7417
6285
6420
6325
7741
6307
7968
7859
7737
8255
6279
6799
9385
8188
6889
8073
6460
7321
6891
6711
6198
7876
6787
7717
6312
7382
7425
6392
9474
7869
6801
8200
6975
8008
7016
8019
6139
6861
6439
7838
7687
9033
6383
7230
6062
6066
6193
6344
7774
6802
7404
8807
6959
7741
6095
8050
7577
8737
6365
7285
8439
7091
6529
8760
6027
6055
7316
6549
7241
8337
7721
7061
6007
8757
6611
6773
7518
6802
6810
6121
7691
7223
7455
7218
8161
8490
6743
6272
8405
6282
6605
7059
9131
6600
6264
8573
7786
6802
6181
6445
7415
6102
7702
6406
7963
8195
8273
7516
8693
7387
7096
9057
6314
7419
6028
6552
8193
9295
7899
8112
7655
8802
6415
7168
7103
8233
7752
7714
8854
7733
7224
6212
9640
6833
8762
7868
8170
7710
7116
7113
6628
7748
7656
7434
6929
12231
6327
8109
6591
7056
6470
8126
6206
6221
7593
7279
7096
6548
6906
6737
6651
7772
7925
8055
7071
8996
6188
8894
7828
6225
6198
8345
6227
8750
6951
6241
7296
8443
7869
7775
8630
6860
8026
7778
7622
8519
7753
7459
6557
7572
7923
8905
8466
8280
7449
8329
7270
6862
7659
8144
7475
6533
7214
6023
9242
7318
6996
8586
6470
7335
6382
7225
7570
6549
7023
8999
6385
7986
7601
7171
8312
7510
8248
6319
6979
9601
7817
6356
7146
6697
7916
7775
8435
9209
9664
7741
8584
9143
6688
6249
8452
7445
7751
8048
7531
6657
9411
6294
6278
7358
6364
7136
6475
7247
6747
9276
7204
8049
8035
6660
6490
8519
8164
6843
6548
6506
6231
8966
6533
6582
8816
7160
6595
8267
7651
6282
7686
6527
7288
7731
8089
8105
7137
7314
7256
6143
7694
7267
7169
7117
6660
8610
6998
7882
8152
8749
9652
8832
7180
8290
7458
7553
6490
7072
7334
6452
8219
7628
6633
6298
9339
6314
8067
6590
6207
9050
8801
7531
6242
6849
8094
8848
7266
8652
6055
7253
7058
6154
6968
6764
7902
8302
7907
7988
8901
6231
6134
9771
6412
7413
6728
7002
6521
8489
7354
6088
8517
9371
6556
9383
7057
7713
6330
7261
7920
8817
6242
6688
7737
7257
7695
8852
6856
6290
7721
7346
6553
7245
7496
7829
7719
6572
6276
7179
7593
7630
6266
9633
8904
6826
6860
6974
6368
6645
6788
9328
6707
7684
7325
6858
6428
8182
6537
6511
8422
6607
7577
7514
8170
6357
9055
8234
8346
6237
6172
8093
7723
7628
7808
7241
1236454
7805
6566
6658
7501
6674
6348
8367
6414
7605
7898
9634
7532
7153
8713
9150
8170
6484
8277
7503
7016
6219
6081
6204
8210
6362
7350
6154
9439
6967
6025
6395
8891
6204
7289
7547
7225
6139
9252
8879
6163
6380
6728
26445
6615
7027
8307
6039
7829
6550
8984
7944
8538
7308
6092
6273
8647
8441
8709
7868
8362
6811
7471
7834
7377
7293
8994
7554
6654
7413
8754
8122
6421
7745
7389
9027
6165
6727
6555
9311
6654
7215
8229
7930
6779
8257
6101
8072
6305
7912
9502
6323
938167
6265
6300
6854
7084
7676
6672
6689
6349
6961
8808
7434
7159
7907
7405
6376
7339
6953
6538
7495
8055
7037
8817
6284
8264
6559
6606
7303
6149
7005
7719
7953
8168
6454
9387
8219
7459
7375
6680
8466
8354
8483
6184
6113
6128
7486
6959
139307
7728
6556
7050
7767
6158
7922
6291
6601
7906
7197
6944
6485
7521
6407
6632
7152
7947
6159
6555
6194
6293
8631
8513
6496
6551
6144
8409
7253
7506
7354
6047
6302
6920
6554
6819
8582
7684
7191
7858
7653
7437
8026
6103
6515
7030
7748
6723
7098
6971
6951
6031
6622
6428
7067
8346
7324
6261
6067
6101
6525
6724
7810
8504
6780
8621
7803
8484
9331
8558
6430
7070
7969
8703
8970
7077
6628
7187
6676
8534
6338
9445
8432
7753
7625
7286
6559
8272
7830
6483
7851
7043
7298
6975
8616
7155
7886
7464
6168
6713
9410
7736
9476
6692
7887
6743
6153
8534
7918
7207
6054
6261
6302
6436
8074
8642
6519
6791
8252
6984
9029
8408
9311
7196
7592
6781
8064
6520
7109
7866
6852
7554
6062
7171
7786
6007
7529
6736
9057
6235
9036
9126
7235
8591
6437
7870
6759
8770
7838
6673
6495
6359
7699
8583
8830
9003
7604
7757
6950
8105
8150
8783
7031
7087
7459
7068
7882
9009
6350
7197
8089
8787
7281
8378
7656
17131
7854
8614
6323
6287
7268
6482
6464
7356
6161
8268
7864
7261
6334
8216
8218
9454
6319
7433
7386
8697
6824
9191
6283
7394
7785
6531
6665
7080
7867
7280
7719
6636
6211
6055
6949
6989
6448
8863
8246
7328
8689
6449
8674
8568
7211
6377
7353
8172
9520
6516
7058
6919
6314
6102
6054
7396
7313
7520
7557
8683
7407
7252
7149
9139
7492
8239
6150
6631
6197
7898
8500
7194
6992
6270
7003
8086
7398
7416
6019
6085
7903
6366
6122
7338
7895
6163
8746
7280
8692
8827
6375
9289
7347
7040
6025
37277
8057
9868
7131
8043
6082
7678
6541
6277
8352
8067
8595
6102
8778
8094
6902
6328
6316
8324
7888
6805
8813
6857
7772
6852
6703
7220
9138
7292
7624
6185
6261
6079
8519
6103
8251
6165
7734
7808
6423
6717
8051
7934
8099
7901
7895
6254
6591
