0 1 0 0 0 0 0 0 0 0 0 0 0 0 0 0 0 0 0 0 0 0 0 0 0 0 0 0 0 0 0 0 0 0 0 0 0 0 0 0 0 0 0 0 0 0 0 0 0 0 
0 1 0 0 0 0 0 0 0 0 0 0 0 0 0 0 0 0 0 0 0 0 0 0 0 0 0 0 0 0 0 0 0 0 0 0 0 0 0 0 0 0 0 0 0 0 0 0 0 0 
0 0 2 0 0 0 0 0 0 0 0 0 0 0 0 0 0 0 0 0 0 0 0 0 0 0 0 0 0 0 0 0 0 0 0 0 0 0 0 0 0 0 0 0 0 0 0 0 0 0 
0 0 3 2 0 0 0 0 0 0 0 0 0 0 0 0 0 0 0 0 0 0 0 0 0 0 0 0 0 0 0 0 0 0 0 0 0 0 0 0 0 0 0 0 0 0 0 0 0 0 
0 0 0 12 2 0 0 0 0 0 0 0 0 0 0 0 0 0 0 0 0 0 0 0 0 0 0 0 0 0 0 0 0 0 0 0 0 0 0 0 0 0 0 0 0 0 0 0 0 0 
0 0 0 15 25 2 0 0 0 0 0 0 0 0 0 0 0 0 0 0 0 0 0 0 0 0 0 0 0 0 0 0 0 0 0 0 0 0 0 0 0 0 0 0 0 0 0 0 0 0 
0 0 0 0 88 42 2 0 0 0 0 0 0 0 0 0 0 0 0 0 0 0 0 0 0 0 0 0 0 0 0 0 0 0 0 0 0 0 0 0 0 0 0 0 0 0 0 0 0 0 
0 0 0 0 91 273 63 2 0 0 0 0 0 0 0 0 0 0 0 0 0 0 0 0 0 0 0 0 0 0 0 0 0 0 0 0 0 0 0 0 0 0 0 0 0 0 0 0 0 0 
0 0 0 0 0 700 640 88 2 0 0 0 0 0 0 0 0 0 0 0 0 0 0 0 0 0 0 0 0 0 0 0 0 0 0 0 0 0 0 0 0 0 0 0 0 0 0 0 0 0 
0 0 0 0 0 612 2856 1275 117 2 0 0 0 0 0 0 0 0 0 0 0 0 0 0 0 0 0 0 0 0 0 0 0 0 0 0 0 0 0 0 0 0 0 0 0 0 0 0 0 0 
0 0 0 0 0 0 5814 8550 2280 150 2 0 0 0 0 0 0 0 0 0 0 0 0 0 0 0 0 0 0 0 0 0 0 0 0 0 0 0 0 0 0 0 0 0 0 0 0 0 0 0 
0 0 0 0 0 0 4389 29260 21175 3773 187 2 0 0 0 0 0 0 0 0 0 0 0 0 0 0 0 0 0 0 0 0 0 0 0 0 0 0 0 0 0 0 0 0 0 0 0 0 0 0 
0 0 0 0 0 0 0 49588 106260 46046 5888 228 2 0 0 0 0 0 0 0 0 0 0 0 0 0 0 0 0 0 0 0 0 0 0 0 0 0 0 0 0 0 0 0 0 0 0 0 0 0 
0 0 0 0 0 0 0 32890 296010 313950 91000 8775 273 2 0 0 0 0 0 0 0 0 0 0 0 0 0 0 0 0 0 0 0 0 0 0 0 0 0 0 0 0 0 0 0 0 0 0 0 0 
0 0 0 0 0 0 0 0 430560 1261260 802620 167076 12600 322 2 0 0 0 0 0 0 0 0 0 0 0 0 0 0 0 0 0 0 0 0 0 0 0 0 0 0 0 0 0 0 0 0 0 0 0 
0 0 0 0 0 0 0 0 254475 2968875 4322682 1841616 289275 17545 375 2 0 0 0 0 0 0 0 0 0 0 0 0 0 0 0 0 0 0 0 0 0 0 0 0 0 0 0 0 0 0 0 0 0 0 
0 0 0 0 0 0 0 0 0 3786588 14499072 12686688 3883680 477400 23808 432 2 0 0 0 0 0 0 0 0 0 0 0 0 0 0 0 0 0 0 0 0 0 0 0 0 0 0 0 0 0 0 0 0 0 
0 0 0 0 0 0 0 0 0 2017356 29587888 56485968 33112464 7652040 756976 31603 493 2 0 0 0 0 0 0 0 0 0 0 0 0 0 0 0 0 0 0 0 0 0 0 0 0 0 0 0 0 0 0 0 0 
0 0 0 0 0 0 0 0 0 0 33622600 162779760 186988032 78791328 14255010 1160250 41160 558 2 0 0 0 0 0 0 0 0 0 0 0 0 0 0 0 0 0 0 0 0 0 0 0 0 0 0 0 0 0 0 0 
0 0 0 0 0 0 0 0 0 0 16301164 293420952 709889400 546614838 173922903 25333308 1727271 52725 627 2 0 0 0 0 0 0 0 0 0 0 0 0 0 0 0 0 0 0 0 0 0 0 0 0 0 0 0 0 0 0 
0 0 0 0 0 0 0 0 0 0 0 300782768 796198297 618270584 449373247 360698052 43245748 2507050 66560 700 2 0 0 0 0 0 0 0 0 0 0 0 0 0 0 0 0 0 0 0 0 0 0 0 0 0 0 0 0 0 
0 0 0 0 0 0 0 0 0 0 0 133767543 901808059 669592076 471751004 541676103 709598890 71299410 3558800 82943 777 2 0 0 0 0 0 0 0 0 0 0 0 0 0 0 0 0 0 0 0 0 0 0 0 0 0 0 0 0 
0 0 0 0 0 0 0 0 0 0 0 0 710336870 528946263 153507791 701421036 89600664 335916475 114030840 4953256 102168 858 2 0 0 0 0 0 0 0 0 0 0 0 0 0 0 0 0 0 0 0 0 0 0 0 0 0 0 0 
0 0 0 0 0 0 0 0 0 0 0 0 113487580 583611063 191308496 595675378 131874897 442762520 415124498 177545280 6774075 124545 943 2 0 0 0 0 0 0 0 0 0 0 0 0 0 0 0 0 0 0 0 0 0 0 0 0 0 0 
0 0 0 0 0 0 0 0 0 0 0 0 0 520269260 669838895 470449120 408547920 802883858 796090589 218148892 269921376 9119316 150400 1032 2 0 0 0 0 0 0 0 0 0 0 0 0 0 0 0 0 0 0 0 0 0 0 0 0 0 
0 0 0 0 0 0 0 0 0 0 0 0 0 354235523 644622160 968589231 643821016 628965241 331348142 359789290 144035689 401689260 12103000 180075 1125 2 0 0 0 0 0 0 0 0 0 0 0 0 0 0 0 0 0 0 0 0 0 0 0 0 
0 0 0 0 0 0 0 0 0 0 0 0 0 0 644499494 782260456 615387976 878716120 285797758 931590166 133919611 771809237 586390350 15856750 213928 1222 2 0 0 0 0 0 0 0 0 0 0 0 0 0 0 0 0 0 0 0 0 0 0 0 
0 0 0 0 0 0 0 0 0 0 0 0 0 0 294131983 879628116 323709262 772388582 58426615 996386734 174449321 541415961 929180151 841227660 20531511 252333 1323 2 0 0 0 0 0 0 0 0 0 0 0 0 0 0 0 0 0 0 0 0 0 0 
0 0 0 0 0 0 0 0 0 0 0 0 0 0 0 466951116 344321571 146022181 507502137 709091356 876982096 531822858 236123856 770992151 189571507 26299350 295680 1428 2 0 0 0 0 0 0 0 0 0 0 0 0 0 0 0 0 0 0 0 0 0 
0 0 0 0 0 0 0 0 0 0 0 0 0 0 0 384622079 615758623 562475186 398284135 614188280 61541127 531424055 638982312 501528800 887181453 654796421 33355336 344375 1537 2 0 0 0 0 0 0 0 0 0 0 0 0 0 0 0 0 0 0 0 0 
0 0 0 0 0 0 0 0 0 0 0 0 0 0 0 0 831054618 650915479 86557687 806975206 518253715 248014994 307490369 29282297 808457079 439560199 273549746 41919500 398840 1650 2 0 0 0 0 0 0 0 0 0 0 0 0 0 0 0 0 0 0 0 
0 0 0 0 0 0 0 0 0 0 0 0 0 0 0 0 25269417 138879412 593114629 101782219 457562047 133095426 328561285 794924834 961830372 193790415 322132519 84571341 52238875 459513 1767 2 0 0 0 0 0 0 0 0 0 0 0 0 0 0 0 0 0 0 
0 0 0 0 0 0 0 0 0 0 0 0 0 0 0 0 0 23391329 822007944 114200045 20035841 94266858 172445293 183959399 865691880 360834735 329541872 370223017 136966588 64589616 526848 1888 2 0 0 0 0 0 0 0 0 0 0 0 0 0 0 0 0 0 
0 0 0 0 0 0 0 0 0 0 0 0 0 0 0 0 0 357884437 829909356 726091135 812644214 4091306 727122390 154151964 585377224 745338880 834080683 369616432 607617926 489853835 79279200 601315 2013 2 0 0 0 0 0 0 0 0 0 0 0 0 0 0 0 0 
0 0 0 0 0 0 0 0 0 0 0 0 0 0 0 0 0 0 623716282 663379801 37860317 447911112 597181606 614324421 845286418 708938568 159768061 626537282 859720654 549865097 215687731 96648706 683400 2142 2 0 0 0 0 0 0 0 0 0 0 0 0 0 0 0 
0 0 0 0 0 0 0 0 0 0 0 0 0 0 0 0 0 0 651884484 5079699 976239173 130889816 272924880 638317920 849084494 141210206 853459220 312133995 129785315 344233331 565247301 396736947 117075175 773605 2275 2 0 0 0 0 0 0 0 0 0 0 0 0 0 0 
0 0 0 0 0 0 0 0 0 0 0 0 0 0 0 0 0 0 0 337316724 705929367 641872771 934635738 716814814 740574000 267291178 401897703 477710817 739552576 344686603 584866908 311740834 134041224 140974050 872448 2412 2 0 0 0 0 0 0 0 0 0 0 0 0 0 
0 0 0 0 0 0 0 0 0 0 0 0 0 0 0 0 0 0 0 988437189 380393021 538453087 203669206 6700559 986991308 407017024 313748259 128383296 858639740 938919202 987366735 760762508 250030578 542526315 168801696 980463 2553 2 0 0 0 0 0 0 0 0 0 0 0 0 
0 0 0 0 0 0 0 0 0 0 0 0 0 0 0 0 0 0 0 0 143732998 264401047 942743674 140182425 59705883 734643342 698341111 628085902 793402674 839515783 132525896 207199113 403534484 254868995 760380893 201058000 1098200 2698 2 0 0 0 0 0 0 0 0 0 0 0 
0 0 0 0 0 0 0 0 0 0 0 0 0 0 0 0 0 0 0 0 569708992 425448558 905489846 326597973 298024038 232742119 510544849 419182001 205331155 341104547 535629817 431815067 664421499 395075536 328982942 946374888 238289051 1226225 2847 2 0 0 0 0 0 0 0 0 0 0 
0 0 0 0 0 0 0 0 0 0 0 0 0 0 0 0 0 0 0 0 0 857715134 734804657 506830526 548796665 88570972 11409843 507193287 87045979 749873312 779410339 80282513 29625414 57932820 934810553 439088555 286201633 281089900 1365120 3000 2 0 0 0 0 0 0 0 0 0 
0 0 0 0 0 0 0 0 0 0 0 0 0 0 0 0 0 0 0 0 0 400910125 456364209 557724637 337144943 540771357 401929622 354994211 264755882 964971187 536574341 928410217 848394946 447572866 345603263 53336464 487948390 988546766 330107400 1515483 3157 2 0 0 0 0 0 0 0 0 
0 0 0 0 0 0 0 0 0 0 0 0 0 0 0 0 0 0 0 0 0 0 69656470 338130782 628254361 899787529 385446967 698024535 585381080 478321688 145287419 951698781 481226562 621645504 277543092 162624108 12291473 439645216 302501046 386043126 1677928 3318 2 0 0 0 0 0 0 0 
0 0 0 0 0 0 0 0 0 0 0 0 0 0 0 0 0 0 0 0 0 0 230684063 410818585 301670680 916274587 970397303 961356053 446599249 60630780 172222546 83388137 821813482 756603530 425985333 61397293 338760134 849131280 616822135 503663633 449656375 1853085 3483 2 0 0 0 0 0 0 
0 0 0 0 0 0 0 0 0 0 0 0 0 0 0 0 0 0 0 0 0 0 0 887208589 360580534 511661047 71019592 262607823 63687883 20231373 101514236 266851893 351511974 601533148 286354662 214607658 458048949 465517667 234089121 193818686 912155532 521767246 2041600 3652 2 0 0 0 0 0 
0 0 0 0 0 0 0 0 0 0 0 0 0 0 0 0 0 0 0 0 0 0 0 336921048 937098810 938515737 910256529 598617166 283527764 966097141 973024346 312882202 884506881 881198669 842315836 56803789 22118485 902566025 543510530 936146137 895596551 891646294 603259800 2244135 3825 2 0 0 0 0 
0 0 0 0 0 0 0 0 0 0 0 0 0 0 0 0 0 0 0 0 0 0 0 0 439792396 743337851 481118202 362926084 838005291 917565564 610271794 857376951 653650348 195993643 346013550 677614299 154253346 529869354 29178262 558274629 469875170 952836283 852234689 695085300 2461368 4002 2 0 0 0 
0 0 0 0 0 0 0 0 0 0 0 0 0 0 0 0 0 0 0 0 0 0 0 0 181298585 433775402 429607956 667083346 711603096 331779721 329013730 959228313 883814625 683054421 580255976 161053447 469191553 338199384 626912052 983885881 472552641 752904842 302348224 258956750 798265531 2693993 4183 2 0 0 
0 0 0 0 0 0 0 0 0 0 0 0 0 0 0 0 0 0 0 0 0 0 0 0 0 170320044 267845494 986843933 732560240 242698760 854901220 166362649 921876965 954251387 783592476 373384286 512913434 394320489 660422685 377686484 496365387 751224807 258317216 90724567 631894212 913896200 2942720 4368 2 0 
